INFO:__main__:Reading the dataset from stock_python/data_4000000.pkl...
Exception ignored on calling ctypes callback function: <function _log_callback at 0x7fe581a819d0>
Traceback (most recent call last):
  File "/home/azureuser/miniconda3/envs/stock_python/lib/python3.9/site-packages/xgboost/core.py", line 103, in _log_callback
    def _log_callback(msg):
KeyboardInterrupt: 
[04:19:55] /workspace/src/tree/updater_prune.cc:74: tree pruning end, 1 roots, 208 extra nodes, 0 pruned nodes, max_depth=8
[04:19:55] /workspace/src/tree/updater_prune.cc:74: tree pruning end, 1 roots, 0 extra nodes, 0 pruned nodes, max_depth=0
[04:19:55] /workspace/src/tree/updater_prune.cc:74: tree pruning end, 1 roots, 0 extra nodes, 0 pruned nodes, max_depth=0
[04:19:55] /workspace/src/tree/updater_prune.cc:74: tree pruning end, 1 roots, 0 extra nodes, 0 pruned nodes, max_depth=0
[04:19:57] /workspace/src/tree/updater_prune.cc:74: tree pruning end, 1 roots, 332 extra nodes, 0 pruned nodes, max_depth=8
[04:19:58] /workspace/src/tree/updater_prune.cc:74: tree pruning end, 1 roots, 314 extra nodes, 0 pruned nodes, max_depth=8
[04:19:59] /workspace/src/tree/updater_prune.cc:74: tree pruning end, 1 roots, 0 extra nodes, 0 pruned nodes, max_depth=0
[04:19:59] /workspace/src/tree/updater_prune.cc:74: tree pruning end, 1 roots, 0 extra nodes, 0 pruned nodes, max_depth=0
[04:19:59] /workspace/src/tree/updater_prune.cc:74: tree pruning end, 1 roots, 0 extra nodes, 0 pruned nodes, max_depth=0
[04:20:00] /workspace/src/tree/updater_prune.cc:74: tree pruning end, 1 roots, 352 extra nodes, 0 pruned nodes, max_depth=8
[04:20:02] /workspace/src/tree/updater_prune.cc:74: tree pruning end, 1 roots, 306 extra nodes, 0 pruned nodes, max_depth=8
[04:20:02] /workspace/src/tree/updater_prune.cc:74: tree pruning end, 1 roots, 0 extra nodes, 0 pruned nodes, max_depth=0
[04:20:02] /workspace/src/tree/updater_prune.cc:74: tree pruning end, 1 roots, 0 extra nodes, 0 pruned nodes, max_depth=0
[04:20:02] /workspace/src/tree/updater_prune.cc:74: tree pruning end, 1 roots, 0 extra nodes, 0 pruned nodes, max_depth=0
[04:20:04] /workspace/src/tree/updater_prune.cc:74: tree pruning end, 1 roots, 358 extra nodes, 0 pruned nodes, max_depth=8
[04:20:05] /workspace/src/tree/updater_prune.cc:74: tree pruning end, 1 roots, 400 extra nodes, 0 pruned nodes, max_depth=8
[04:20:05] /workspace/src/tree/updater_prune.cc:74: tree pruning end, 1 roots, 2 extra nodes, 0 pruned nodes, max_depth=1
[04:20:05] /workspace/src/tree/updater_prune.cc:74: tree pruning end, 1 roots, 2 extra nodes, 0 pruned nodes, max_depth=1
[04:20:06] /workspace/src/tree/updater_prune.cc:74: tree pruning end, 1 roots, 2 extra nodes, 0 pruned nodes, max_depth=1
[04:20:07] /workspace/src/tree/updater_prune.cc:74: tree pruning end, 1 roots, 388 extra nodes, 0 pruned nodes, max_depth=8
[04:20:09] /workspace/src/tree/updater_prune.cc:74: tree pruning end, 1 roots, 388 extra nodes, 0 pruned nodes, max_depth=8
[04:20:09] /workspace/src/tree/updater_prune.cc:74: tree pruning end, 1 roots, 2 extra nodes, 0 pruned nodes, max_depth=1
[04:20:09] /workspace/src/tree/updater_prune.cc:74: tree pruning end, 1 roots, 2 extra nodes, 0 pruned nodes, max_depth=1
[04:20:09] /workspace/src/tree/updater_prune.cc:74: tree pruning end, 1 roots, 2 extra nodes, 0 pruned nodes, max_depth=1
[04:20:11] /workspace/src/tree/updater_prune.cc:74: tree pruning end, 1 roots, 472 extra nodes, 0 pruned nodes, max_depth=8
[04:20:12] /workspace/src/tree/updater_prune.cc:74: tree pruning end, 1 roots, 404 extra nodes, 0 pruned nodes, max_depth=8
[04:20:12] /workspace/src/tree/updater_prune.cc:74: tree pruning end, 1 roots, 0 extra nodes, 0 pruned nodes, max_depth=0
[04:20:12] /workspace/src/tree/updater_prune.cc:74: tree pruning end, 1 roots, 0 extra nodes, 0 pruned nodes, max_depth=0
[04:20:12] /workspace/src/tree/updater_prune.cc:74: tree pruning end, 1 roots, 0 extra nodes, 0 pruned nodes, max_depth=0
[04:20:14] /workspace/src/tree/updater_prune.cc:74: tree pruning end, 1 roots, 438 extra nodes, 0 pruned nodes, max_depth=8
[04:20:15] /workspace/src/tree/updater_prune.cc:74: tree pruning end, 1 roots, 500 extra nodes, 0 pruned nodes, max_depth=8
[04:20:15] /workspace/src/tree/updater_prune.cc:74: tree pruning end, 1 roots, 0 extra nodes, 0 pruned nodes, max_depth=0
[04:20:16] /workspace/src/tree/updater_prune.cc:74: tree pruning end, 1 roots, 0 extra nodes, 0 pruned nodes, max_depth=0
[04:20:16] /workspace/src/tree/updater_prune.cc:74: tree pruning end, 1 roots, 0 extra nodes, 0 pruned nodes, max_depth=0
[04:20:17] /workspace/src/tree/updater_prune.cc:74: tree pruning end, 1 roots, 466 extra nodes, 0 pruned nodes, max_depth=8
[04:20:19] /workspace/src/tree/updater_prune.cc:74: tree pruning end, 1 roots, 494 extra nodes, 0 pruned nodes, max_depth=8
[04:20:19] /workspace/src/tree/updater_prune.cc:74: tree pruning end, 1 roots, 0 extra nodes, 0 pruned nodes, max_depth=0
[04:20:19] /workspace/src/tree/updater_prune.cc:74: tree pruning end, 1 roots, 0 extra nodes, 0 pruned nodes, max_depth=0
[04:20:19] /workspace/src/tree/updater_prune.cc:74: tree pruning end, 1 roots, 0 extra nodes, 0 pruned nodes, max_depth=0
[04:20:21] /workspace/src/tree/updater_prune.cc:74: tree pruning end, 1 roots, 486 extra nodes, 0 pruned nodes, max_depth=8
[04:20:22] /workspace/src/tree/updater_prune.cc:74: tree pruning end, 1 roots, 492 extra nodes, 0 pruned nodes, max_depth=8
[04:20:22] /workspace/src/tree/updater_prune.cc:74: tree pruning end, 1 roots, 0 extra nodes, 0 pruned nodes, max_depth=0
[04:20:22] /workspace/src/tree/updater_prune.cc:74: tree pruning end, 1 roots, 0 extra nodes, 0 pruned nodes, max_depth=0
[04:20:22] /workspace/src/tree/updater_prune.cc:74: tree pruning end, 1 roots, 0 extra nodes, 0 pruned nodes, max_depth=0
[04:20:24] /workspace/src/tree/updater_prune.cc:74: tree pruning end, 1 roots, 502 extra nodes, 0 pruned nodes, max_depth=8
[04:20:25] /workspace/src/tree/updater_prune.cc:74: tree pruning end, 1 roots, 510 extra nodes, 0 pruned nodes, max_depth=8
[04:20:25] /workspace/src/tree/updater_prune.cc:74: tree pruning end, 1 roots, 0 extra nodes, 0 pruned nodes, max_depth=0
[04:20:25] /workspace/src/tree/updater_prune.cc:74: tree pruning end, 1 roots, 0 extra nodes, 0 pruned nodes, max_depth=0
[04:20:25] /workspace/src/tree/updater_prune.cc:74: tree pruning end, 1 roots, 0 extra nodes, 0 pruned nodes, max_depth=0
[04:20:27] /workspace/src/tree/updater_prune.cc:74: tree pruning end, 1 roots, 474 extra nodes, 0 pruned nodes, max_depth=8
[04:20:28] /workspace/src/tree/updater_prune.cc:74: tree pruning end, 1 roots, 506 extra nodes, 0 pruned nodes, max_depth=8
[04:20:28] /workspace/src/tree/updater_prune.cc:74: tree pruning end, 1 roots, 0 extra nodes, 0 pruned nodes, max_depth=0
[04:20:29] /workspace/src/tree/updater_prune.cc:74: tree pruning end, 1 roots, 0 extra nodes, 0 pruned nodes, max_depth=0
[04:20:29] /workspace/src/tree/updater_prune.cc:74: tree pruning end, 1 roots, 0 extra nodes, 0 pruned nodes, max_depth=0
[04:20:30] /workspace/src/tree/updater_prune.cc:74: tree pruning end, 1 roots, 502 extra nodes, 0 pruned nodes, max_depth=8
[04:20:32] /workspace/src/tree/updater_prune.cc:74: tree pruning end, 1 roots, 500 extra nodes, 0 pruned nodes, max_depth=8
[04:20:32] /workspace/src/tree/updater_prune.cc:74: tree pruning end, 1 roots, 0 extra nodes, 0 pruned nodes, max_depth=0
[04:20:32] /workspace/src/tree/updater_prune.cc:74: tree pruning end, 1 roots, 0 extra nodes, 0 pruned nodes, max_depth=0
[04:20:32] /workspace/src/tree/updater_prune.cc:74: tree pruning end, 1 roots, 0 extra nodes, 0 pruned nodes, max_depth=0
[04:20:34] /workspace/src/tree/updater_prune.cc:74: tree pruning end, 1 roots, 498 extra nodes, 0 pruned nodes, max_depth=8
[04:20:35] /workspace/src/tree/updater_prune.cc:74: tree pruning end, 1 roots, 452 extra nodes, 0 pruned nodes, max_depth=8
[04:20:35] /workspace/src/tree/updater_prune.cc:74: tree pruning end, 1 roots, 0 extra nodes, 0 pruned nodes, max_depth=0
[04:20:35] /workspace/src/tree/updater_prune.cc:74: tree pruning end, 1 roots, 0 extra nodes, 0 pruned nodes, max_depth=0
[04:20:35] /workspace/src/tree/updater_prune.cc:74: tree pruning end, 1 roots, 0 extra nodes, 0 pruned nodes, max_depth=0
[04:20:37] /workspace/src/tree/updater_prune.cc:74: tree pruning end, 1 roots, 488 extra nodes, 0 pruned nodes, max_depth=8
[04:20:38] /workspace/src/tree/updater_prune.cc:74: tree pruning end, 1 roots, 468 extra nodes, 0 pruned nodes, max_depth=8
[04:20:38] /workspace/src/tree/updater_prune.cc:74: tree pruning end, 1 roots, 0 extra nodes, 0 pruned nodes, max_depth=0
[04:20:38] /workspace/src/tree/updater_prune.cc:74: tree pruning end, 1 roots, 0 extra nodes, 0 pruned nodes, max_depth=0
[04:20:38] /workspace/src/tree/updater_prune.cc:74: tree pruning end, 1 roots, 0 extra nodes, 0 pruned nodes, max_depth=0
[04:20:40] /workspace/src/tree/updater_prune.cc:74: tree pruning end, 1 roots, 484 extra nodes, 0 pruned nodes, max_depth=8
[04:20:41] /workspace/src/tree/updater_prune.cc:74: tree pruning end, 1 roots, 484 extra nodes, 0 pruned nodes, max_depth=8
[04:20:41] /workspace/src/tree/updater_prune.cc:74: tree pruning end, 1 roots, 0 extra nodes, 0 pruned nodes, max_depth=0
[04:20:41] /workspace/src/tree/updater_prune.cc:74: tree pruning end, 1 roots, 0 extra nodes, 0 pruned nodes, max_depth=0
[04:20:42] /workspace/src/tree/updater_prune.cc:74: tree pruning end, 1 roots, 0 extra nodes, 0 pruned nodes, max_depth=0
[04:20:43] /workspace/src/tree/updater_prune.cc:74: tree pruning end, 1 roots, 504 extra nodes, 0 pruned nodes, max_depth=8
[04:20:44] /workspace/src/tree/updater_prune.cc:74: tree pruning end, 1 roots, 488 extra nodes, 0 pruned nodes, max_depth=8
[04:20:45] /workspace/src/tree/updater_prune.cc:74: tree pruning end, 1 roots, 0 extra nodes, 0 pruned nodes, max_depth=0
[04:20:45] /workspace/src/tree/updater_prune.cc:74: tree pruning end, 1 roots, 0 extra nodes, 0 pruned nodes, max_depth=0
[04:20:45] /workspace/src/tree/updater_prune.cc:74: tree pruning end, 1 roots, 0 extra nodes, 0 pruned nodes, max_depth=0
[04:20:46] /workspace/src/tree/updater_prune.cc:74: tree pruning end, 1 roots, 478 extra nodes, 0 pruned nodes, max_depth=8
[04:20:48] /workspace/src/tree/updater_prune.cc:74: tree pruning end, 1 roots, 474 extra nodes, 0 pruned nodes, max_depth=8
[04:20:48] /workspace/src/tree/updater_prune.cc:74: tree pruning end, 1 roots, 0 extra nodes, 0 pruned nodes, max_depth=0
[04:20:48] /workspace/src/tree/updater_prune.cc:74: tree pruning end, 1 roots, 0 extra nodes, 0 pruned nodes, max_depth=0
[04:20:48] /workspace/src/tree/updater_prune.cc:74: tree pruning end, 1 roots, 0 extra nodes, 0 pruned nodes, max_depth=0
[04:20:50] /workspace/src/tree/updater_prune.cc:74: tree pruning end, 1 roots, 498 extra nodes, 0 pruned nodes, max_depth=8
[04:20:51] /workspace/src/tree/updater_prune.cc:74: tree pruning end, 1 roots, 496 extra nodes, 0 pruned nodes, max_depth=8
[04:20:51] /workspace/src/tree/updater_prune.cc:74: tree pruning end, 1 roots, 0 extra nodes, 0 pruned nodes, max_depth=0
[04:20:51] /workspace/src/tree/updater_prune.cc:74: tree pruning end, 1 roots, 0 extra nodes, 0 pruned nodes, max_depth=0
[04:20:51] /workspace/src/tree/updater_prune.cc:74: tree pruning end, 1 roots, 0 extra nodes, 0 pruned nodes, max_depth=0
[04:20:53] /workspace/src/tree/updater_prune.cc:74: tree pruning end, 1 roots, 486 extra nodes, 0 pruned nodes, max_depth=8
[04:20:54] /workspace/src/tree/updater_prune.cc:74: tree pruning end, 1 roots, 502 extra nodes, 0 pruned nodes, max_depth=8
[04:20:54] /workspace/src/tree/updater_prune.cc:74: tree pruning end, 1 roots, 0 extra nodes, 0 pruned nodes, max_depth=0
[04:20:54] /workspace/src/tree/updater_prune.cc:74: tree pruning end, 1 roots, 0 extra nodes, 0 pruned nodes, max_depth=0
[04:20:54] /workspace/src/tree/updater_prune.cc:74: tree pruning end, 1 roots, 0 extra nodes, 0 pruned nodes, max_depth=0
[04:20:56] /workspace/src/tree/updater_prune.cc:74: tree pruning end, 1 roots, 478 extra nodes, 0 pruned nodes, max_depth=8
[04:20:57] /workspace/src/tree/updater_prune.cc:74: tree pruning end, 1 roots, 502 extra nodes, 0 pruned nodes, max_depth=8
[04:20:57] /workspace/src/tree/updater_prune.cc:74: tree pruning end, 1 roots, 0 extra nodes, 0 pruned nodes, max_depth=0
[04:20:58] /workspace/src/tree/updater_prune.cc:74: tree pruning end, 1 roots, 0 extra nodes, 0 pruned nodes, max_depth=0
[04:20:58] /workspace/src/tree/updater_prune.cc:74: tree pruning end, 1 roots, 0 extra nodes, 0 pruned nodes, max_depth=0
[04:20:59] /workspace/src/tree/updater_prune.cc:74: tree pruning end, 1 roots, 474 extra nodes, 0 pruned nodes, max_depth=8
[04:21:01] /workspace/src/tree/updater_prune.cc:74: tree pruning end, 1 roots, 502 extra nodes, 0 pruned nodes, max_depth=8
[04:21:01] /workspace/src/tree/updater_prune.cc:74: tree pruning end, 1 roots, 0 extra nodes, 0 pruned nodes, max_depth=0
[04:21:01] /workspace/src/tree/updater_prune.cc:74: tree pruning end, 1 roots, 0 extra nodes, 0 pruned nodes, max_depth=0
[04:21:01] /workspace/src/tree/updater_prune.cc:74: tree pruning end, 1 roots, 0 extra nodes, 0 pruned nodes, max_depth=0
[04:21:03] /workspace/src/tree/updater_prune.cc:74: tree pruning end, 1 roots, 502 extra nodes, 0 pruned nodes, max_depth=8
[04:21:04] /workspace/src/tree/updater_prune.cc:74: tree pruning end, 1 roots, 500 extra nodes, 0 pruned nodes, max_depth=8
[04:21:04] /workspace/src/tree/updater_prune.cc:74: tree pruning end, 1 roots, 0 extra nodes, 0 pruned nodes, max_depth=0
[04:21:04] /workspace/src/tree/updater_prune.cc:74: tree pruning end, 1 roots, 0 extra nodes, 0 pruned nodes, max_depth=0
[04:21:04] /workspace/src/tree/updater_prune.cc:74: tree pruning end, 1 roots, 0 extra nodes, 0 pruned nodes, max_depth=0
[04:21:06] /workspace/src/tree/updater_prune.cc:74: tree pruning end, 1 roots, 484 extra nodes, 0 pruned nodes, max_depth=8
[04:21:07] /workspace/src/tree/updater_prune.cc:74: tree pruning end, 1 roots, 464 extra nodes, 0 pruned nodes, max_depth=8
[04:21:07] /workspace/src/tree/updater_prune.cc:74: tree pruning end, 1 roots, 0 extra nodes, 0 pruned nodes, max_depth=0
[04:21:07] /workspace/src/tree/updater_prune.cc:74: tree pruning end, 1 roots, 0 extra nodes, 0 pruned nodes, max_depth=0
[04:21:07] /workspace/src/tree/updater_prune.cc:74: tree pruning end, 1 roots, 0 extra nodes, 0 pruned nodes, max_depth=0
[04:21:09] /workspace/src/tree/updater_prune.cc:74: tree pruning end, 1 roots, 462 extra nodes, 0 pruned nodes, max_depth=8
[04:21:10] /workspace/src/tree/updater_prune.cc:74: tree pruning end, 1 roots, 496 extra nodes, 0 pruned nodes, max_depth=8
[04:21:11] /workspace/src/tree/updater_prune.cc:74: tree pruning end, 1 roots, 0 extra nodes, 0 pruned nodes, max_depth=0
[04:21:11] /workspace/src/tree/updater_prune.cc:74: tree pruning end, 1 roots, 0 extra nodes, 0 pruned nodes, max_depth=0
[04:21:11] /workspace/src/tree/updater_prune.cc:74: tree pruning end, 1 roots, 0 extra nodes, 0 pruned nodes, max_depth=0
[04:21:12] /workspace/src/tree/updater_prune.cc:74: tree pruning end, 1 roots, 458 extra nodes, 0 pruned nodes, max_depth=8
[04:21:14] /workspace/src/tree/updater_prune.cc:74: tree pruning end, 1 roots, 434 extra nodes, 0 pruned nodes, max_depth=8
[04:21:14] /workspace/src/tree/updater_prune.cc:74: tree pruning end, 1 roots, 0 extra nodes, 0 pruned nodes, max_depth=0
[04:21:14] /workspace/src/tree/updater_prune.cc:74: tree pruning end, 1 roots, 0 extra nodes, 0 pruned nodes, max_depth=0
[04:21:14] /workspace/src/tree/updater_prune.cc:74: tree pruning end, 1 roots, 0 extra nodes, 0 pruned nodes, max_depth=0
[04:21:16] /workspace/src/tree/updater_prune.cc:74: tree pruning end, 1 roots, 490 extra nodes, 0 pruned nodes, max_depth=8
[04:21:17] /workspace/src/tree/updater_prune.cc:74: tree pruning end, 1 roots, 490 extra nodes, 0 pruned nodes, max_depth=8
[04:21:17] /workspace/src/tree/updater_prune.cc:74: tree pruning end, 1 roots, 0 extra nodes, 0 pruned nodes, max_depth=0
[04:21:17] /workspace/src/tree/updater_prune.cc:74: tree pruning end, 1 roots, 0 extra nodes, 0 pruned nodes, max_depth=0
[04:21:17] /workspace/src/tree/updater_prune.cc:74: tree pruning end, 1 roots, 0 extra nodes, 0 pruned nodes, max_depth=0
[04:21:19] /workspace/src/tree/updater_prune.cc:74: tree pruning end, 1 roots, 498 extra nodes, 0 pruned nodes, max_depth=8
[04:21:20] /workspace/src/tree/updater_prune.cc:74: tree pruning end, 1 roots, 484 extra nodes, 0 pruned nodes, max_depth=8
[04:21:20] /workspace/src/tree/updater_prune.cc:74: tree pruning end, 1 roots, 0 extra nodes, 0 pruned nodes, max_depth=0
[04:21:20] /workspace/src/tree/updater_prune.cc:74: tree pruning end, 1 roots, 0 extra nodes, 0 pruned nodes, max_depth=0
[04:21:21] /workspace/src/tree/updater_prune.cc:74: tree pruning end, 1 roots, 0 extra nodes, 0 pruned nodes, max_depth=0
[04:21:22] /workspace/src/tree/updater_prune.cc:74: tree pruning end, 1 roots, 498 extra nodes, 0 pruned nodes, max_depth=8
[04:21:24] /workspace/src/tree/updater_prune.cc:74: tree pruning end, 1 roots, 496 extra nodes, 0 pruned nodes, max_depth=8
[04:21:24] /workspace/src/tree/updater_prune.cc:74: tree pruning end, 1 roots, 0 extra nodes, 0 pruned nodes, max_depth=0
[04:21:24] /workspace/src/tree/updater_prune.cc:74: tree pruning end, 1 roots, 0 extra nodes, 0 pruned nodes, max_depth=0
[04:21:24] /workspace/src/tree/updater_prune.cc:74: tree pruning end, 1 roots, 0 extra nodes, 0 pruned nodes, max_depth=0
[04:21:26] /workspace/src/tree/updater_prune.cc:74: tree pruning end, 1 roots, 486 extra nodes, 0 pruned nodes, max_depth=8
[04:21:27] /workspace/src/tree/updater_prune.cc:74: tree pruning end, 1 roots, 478 extra nodes, 0 pruned nodes, max_depth=8
[04:21:27] /workspace/src/tree/updater_prune.cc:74: tree pruning end, 1 roots, 0 extra nodes, 0 pruned nodes, max_depth=0
[04:21:27] /workspace/src/tree/updater_prune.cc:74: tree pruning end, 1 roots, 0 extra nodes, 0 pruned nodes, max_depth=0
[04:21:27] /workspace/src/tree/updater_prune.cc:74: tree pruning end, 1 roots, 0 extra nodes, 0 pruned nodes, max_depth=0
[04:21:29] /workspace/src/tree/updater_prune.cc:74: tree pruning end, 1 roots, 458 extra nodes, 0 pruned nodes, max_depth=8
[04:21:30] /workspace/src/tree/updater_prune.cc:74: tree pruning end, 1 roots, 462 extra nodes, 0 pruned nodes, max_depth=8
[04:21:30] /workspace/src/tree/updater_prune.cc:74: tree pruning end, 1 roots, 0 extra nodes, 0 pruned nodes, max_depth=0
[04:21:30] /workspace/src/tree/updater_prune.cc:74: tree pruning end, 1 roots, 0 extra nodes, 0 pruned nodes, max_depth=0
[04:21:31] /workspace/src/tree/updater_prune.cc:74: tree pruning end, 1 roots, 0 extra nodes, 0 pruned nodes, max_depth=0
[04:21:32] /workspace/src/tree/updater_prune.cc:74: tree pruning end, 1 roots, 486 extra nodes, 0 pruned nodes, max_depth=8
[04:21:34] /workspace/src/tree/updater_prune.cc:74: tree pruning end, 1 roots, 492 extra nodes, 0 pruned nodes, max_depth=8
[04:21:34] /workspace/src/tree/updater_prune.cc:74: tree pruning end, 1 roots, 0 extra nodes, 0 pruned nodes, max_depth=0
[04:21:34] /workspace/src/tree/updater_prune.cc:74: tree pruning end, 1 roots, 0 extra nodes, 0 pruned nodes, max_depth=0
[04:21:34] /workspace/src/tree/updater_prune.cc:74: tree pruning end, 1 roots, 0 extra nodes, 0 pruned nodes, max_depth=0
[04:21:36] /workspace/src/tree/updater_prune.cc:74: tree pruning end, 1 roots, 498 extra nodes, 0 pruned nodes, max_depth=8
[04:21:37] /workspace/src/tree/updater_prune.cc:74: tree pruning end, 1 roots, 488 extra nodes, 0 pruned nodes, max_depth=8
[04:21:37] /workspace/src/tree/updater_prune.cc:74: tree pruning end, 1 roots, 0 extra nodes, 0 pruned nodes, max_depth=0
[04:21:37] /workspace/src/tree/updater_prune.cc:74: tree pruning end, 1 roots, 0 extra nodes, 0 pruned nodes, max_depth=0
[04:21:37] /workspace/src/tree/updater_prune.cc:74: tree pruning end, 1 roots, 0 extra nodes, 0 pruned nodes, max_depth=0
[04:21:39] /workspace/src/tree/updater_prune.cc:74: tree pruning end, 1 roots, 476 extra nodes, 0 pruned nodes, max_depth=8
[04:21:40] /workspace/src/tree/updater_prune.cc:74: tree pruning end, 1 roots, 474 extra nodes, 0 pruned nodes, max_depth=8
[04:21:40] /workspace/src/tree/updater_prune.cc:74: tree pruning end, 1 roots, 0 extra nodes, 0 pruned nodes, max_depth=0
[04:21:41] /workspace/src/tree/updater_prune.cc:74: tree pruning end, 1 roots, 0 extra nodes, 0 pruned nodes, max_depth=0
[04:21:41] /workspace/src/tree/updater_prune.cc:74: tree pruning end, 1 roots, 0 extra nodes, 0 pruned nodes, max_depth=0
[04:21:42] /workspace/src/tree/updater_prune.cc:74: tree pruning end, 1 roots, 480 extra nodes, 0 pruned nodes, max_depth=8
[04:21:44] /workspace/src/tree/updater_prune.cc:74: tree pruning end, 1 roots, 508 extra nodes, 0 pruned nodes, max_depth=8
[04:21:44] /workspace/src/tree/updater_prune.cc:74: tree pruning end, 1 roots, 0 extra nodes, 0 pruned nodes, max_depth=0
[04:21:44] /workspace/src/tree/updater_prune.cc:74: tree pruning end, 1 roots, 0 extra nodes, 0 pruned nodes, max_depth=0
[04:21:44] /workspace/src/tree/updater_prune.cc:74: tree pruning end, 1 roots, 0 extra nodes, 0 pruned nodes, max_depth=0
[04:21:46] /workspace/src/tree/updater_prune.cc:74: tree pruning end, 1 roots, 442 extra nodes, 0 pruned nodes, max_depth=8
[04:21:47] /workspace/src/tree/updater_prune.cc:74: tree pruning end, 1 roots, 484 extra nodes, 0 pruned nodes, max_depth=8
[04:21:47] /workspace/src/tree/updater_prune.cc:74: tree pruning end, 1 roots, 0 extra nodes, 0 pruned nodes, max_depth=0
[04:21:47] /workspace/src/tree/updater_prune.cc:74: tree pruning end, 1 roots, 0 extra nodes, 0 pruned nodes, max_depth=0
[04:21:47] /workspace/src/tree/updater_prune.cc:74: tree pruning end, 1 roots, 0 extra nodes, 0 pruned nodes, max_depth=0
[04:21:49] /workspace/src/tree/updater_prune.cc:74: tree pruning end, 1 roots, 466 extra nodes, 0 pruned nodes, max_depth=8
[04:21:50] /workspace/src/tree/updater_prune.cc:74: tree pruning end, 1 roots, 466 extra nodes, 0 pruned nodes, max_depth=8
[04:21:50] /workspace/src/tree/updater_prune.cc:74: tree pruning end, 1 roots, 0 extra nodes, 0 pruned nodes, max_depth=0
[04:21:50] /workspace/src/tree/updater_prune.cc:74: tree pruning end, 1 roots, 0 extra nodes, 0 pruned nodes, max_depth=0
[04:21:50] /workspace/src/tree/updater_prune.cc:74: tree pruning end, 1 roots, 0 extra nodes, 0 pruned nodes, max_depth=0
[04:21:52] /workspace/src/tree/updater_prune.cc:74: tree pruning end, 1 roots, 486 extra nodes, 0 pruned nodes, max_depth=8
[04:21:53] /workspace/src/tree/updater_prune.cc:74: tree pruning end, 1 roots, 490 extra nodes, 0 pruned nodes, max_depth=8
[04:21:54] /workspace/src/tree/updater_prune.cc:74: tree pruning end, 1 roots, 0 extra nodes, 0 pruned nodes, max_depth=0
[04:21:54] /workspace/src/tree/updater_prune.cc:74: tree pruning end, 1 roots, 0 extra nodes, 0 pruned nodes, max_depth=0
[04:21:54] /workspace/src/tree/updater_prune.cc:74: tree pruning end, 1 roots, 0 extra nodes, 0 pruned nodes, max_depth=0
[04:21:55] /workspace/src/tree/updater_prune.cc:74: tree pruning end, 1 roots, 484 extra nodes, 0 pruned nodes, max_depth=8
[04:21:57] /workspace/src/tree/updater_prune.cc:74: tree pruning end, 1 roots, 492 extra nodes, 0 pruned nodes, max_depth=8
[04:21:57] /workspace/src/tree/updater_prune.cc:74: tree pruning end, 1 roots, 0 extra nodes, 0 pruned nodes, max_depth=0
[04:21:57] /workspace/src/tree/updater_prune.cc:74: tree pruning end, 1 roots, 0 extra nodes, 0 pruned nodes, max_depth=0
[04:21:57] /workspace/src/tree/updater_prune.cc:74: tree pruning end, 1 roots, 0 extra nodes, 0 pruned nodes, max_depth=0
[04:21:59] /workspace/src/tree/updater_prune.cc:74: tree pruning end, 1 roots, 468 extra nodes, 0 pruned nodes, max_depth=8
[04:22:00] /workspace/src/tree/updater_prune.cc:74: tree pruning end, 1 roots, 468 extra nodes, 0 pruned nodes, max_depth=8
[04:22:00] /workspace/src/tree/updater_prune.cc:74: tree pruning end, 1 roots, 0 extra nodes, 0 pruned nodes, max_depth=0
[04:22:00] /workspace/src/tree/updater_prune.cc:74: tree pruning end, 1 roots, 0 extra nodes, 0 pruned nodes, max_depth=0
[04:22:00] /workspace/src/tree/updater_prune.cc:74: tree pruning end, 1 roots, 0 extra nodes, 0 pruned nodes, max_depth=0
[04:22:02] /workspace/src/tree/updater_prune.cc:74: tree pruning end, 1 roots, 508 extra nodes, 0 pruned nodes, max_depth=8
[04:22:03] /workspace/src/tree/updater_prune.cc:74: tree pruning end, 1 roots, 484 extra nodes, 0 pruned nodes, max_depth=8
[04:22:03] /workspace/src/tree/updater_prune.cc:74: tree pruning end, 1 roots, 0 extra nodes, 0 pruned nodes, max_depth=0
[04:22:04] /workspace/src/tree/updater_prune.cc:74: tree pruning end, 1 roots, 0 extra nodes, 0 pruned nodes, max_depth=0
[04:22:04] /workspace/src/tree/updater_prune.cc:74: tree pruning end, 1 roots, 0 extra nodes, 0 pruned nodes, max_depth=0
[04:22:05] /workspace/src/tree/updater_prune.cc:74: tree pruning end, 1 roots, 234 extra nodes, 0 pruned nodes, max_depth=8
[04:22:06] /workspace/src/tree/updater_prune.cc:74: tree pruning end, 1 roots, 234 extra nodes, 0 pruned nodes, max_depth=8
[04:22:06] /workspace/src/tree/updater_prune.cc:74: tree pruning end, 1 roots, 0 extra nodes, 0 pruned nodes, max_depth=0
[04:22:07] /workspace/src/tree/updater_prune.cc:74: tree pruning end, 1 roots, 0 extra nodes, 0 pruned nodes, max_depth=0
[04:22:07] /workspace/src/tree/updater_prune.cc:74: tree pruning end, 1 roots, 0 extra nodes, 0 pruned nodes, max_depth=0
[04:22:08] /workspace/src/tree/updater_prune.cc:74: tree pruning end, 1 roots, 470 extra nodes, 0 pruned nodes, max_depth=8
[04:22:10] /workspace/src/tree/updater_prune.cc:74: tree pruning end, 1 roots, 462 extra nodes, 0 pruned nodes, max_depth=8
[04:22:10] /workspace/src/tree/updater_prune.cc:74: tree pruning end, 1 roots, 0 extra nodes, 0 pruned nodes, max_depth=0
[04:22:10] /workspace/src/tree/updater_prune.cc:74: tree pruning end, 1 roots, 0 extra nodes, 0 pruned nodes, max_depth=0
[04:22:10] /workspace/src/tree/updater_prune.cc:74: tree pruning end, 1 roots, 0 extra nodes, 0 pruned nodes, max_depth=0
[04:22:12] /workspace/src/tree/updater_prune.cc:74: tree pruning end, 1 roots, 404 extra nodes, 0 pruned nodes, max_depth=8
[04:22:13] /workspace/src/tree/updater_prune.cc:74: tree pruning end, 1 roots, 404 extra nodes, 0 pruned nodes, max_depth=8
[04:22:13] /workspace/src/tree/updater_prune.cc:74: tree pruning end, 1 roots, 0 extra nodes, 0 pruned nodes, max_depth=0
[04:22:13] /workspace/src/tree/updater_prune.cc:74: tree pruning end, 1 roots, 0 extra nodes, 0 pruned nodes, max_depth=0
[04:22:13] /workspace/src/tree/updater_prune.cc:74: tree pruning end, 1 roots, 0 extra nodes, 0 pruned nodes, max_depth=0
[04:22:15] /workspace/src/tree/updater_prune.cc:74: tree pruning end, 1 roots, 498 extra nodes, 0 pruned nodes, max_depth=8
[04:22:16] /workspace/src/tree/updater_prune.cc:74: tree pruning end, 1 roots, 496 extra nodes, 0 pruned nodes, max_depth=8
[04:22:16] /workspace/src/tree/updater_prune.cc:74: tree pruning end, 1 roots, 0 extra nodes, 0 pruned nodes, max_depth=0
[04:22:16] /workspace/src/tree/updater_prune.cc:74: tree pruning end, 1 roots, 0 extra nodes, 0 pruned nodes, max_depth=0
[04:22:17] /workspace/src/tree/updater_prune.cc:74: tree pruning end, 1 roots, 0 extra nodes, 0 pruned nodes, max_depth=0
[04:22:18] /workspace/src/tree/updater_prune.cc:74: tree pruning end, 1 roots, 484 extra nodes, 0 pruned nodes, max_depth=8
[04:22:19] /workspace/src/tree/updater_prune.cc:74: tree pruning end, 1 roots, 484 extra nodes, 0 pruned nodes, max_depth=8
[04:22:20] /workspace/src/tree/updater_prune.cc:74: tree pruning end, 1 roots, 0 extra nodes, 0 pruned nodes, max_depth=0
[04:22:20] /workspace/src/tree/updater_prune.cc:74: tree pruning end, 1 roots, 0 extra nodes, 0 pruned nodes, max_depth=0
[04:22:20] /workspace/src/tree/updater_prune.cc:74: tree pruning end, 1 roots, 0 extra nodes, 0 pruned nodes, max_depth=0
[04:22:21] /workspace/src/tree/updater_prune.cc:74: tree pruning end, 1 roots, 500 extra nodes, 0 pruned nodes, max_depth=8
[04:22:23] /workspace/src/tree/updater_prune.cc:74: tree pruning end, 1 roots, 500 extra nodes, 0 pruned nodes, max_depth=8
[04:22:23] /workspace/src/tree/updater_prune.cc:74: tree pruning end, 1 roots, 0 extra nodes, 0 pruned nodes, max_depth=0
[04:22:23] /workspace/src/tree/updater_prune.cc:74: tree pruning end, 1 roots, 0 extra nodes, 0 pruned nodes, max_depth=0
[04:22:23] /workspace/src/tree/updater_prune.cc:74: tree pruning end, 1 roots, 0 extra nodes, 0 pruned nodes, max_depth=0
[04:22:25] /workspace/src/tree/updater_prune.cc:74: tree pruning end, 1 roots, 476 extra nodes, 0 pruned nodes, max_depth=8
[04:22:26] /workspace/src/tree/updater_prune.cc:74: tree pruning end, 1 roots, 468 extra nodes, 0 pruned nodes, max_depth=8
[04:22:26] /workspace/src/tree/updater_prune.cc:74: tree pruning end, 1 roots, 0 extra nodes, 0 pruned nodes, max_depth=0
[04:22:26] /workspace/src/tree/updater_prune.cc:74: tree pruning end, 1 roots, 0 extra nodes, 0 pruned nodes, max_depth=0
[04:22:26] /workspace/src/tree/updater_prune.cc:74: tree pruning end, 1 roots, 0 extra nodes, 0 pruned nodes, max_depth=0
[04:22:28] /workspace/src/tree/updater_prune.cc:74: tree pruning end, 1 roots, 354 extra nodes, 0 pruned nodes, max_depth=8
[04:22:29] /workspace/src/tree/updater_prune.cc:74: tree pruning end, 1 roots, 344 extra nodes, 0 pruned nodes, max_depth=8
[04:22:29] /workspace/src/tree/updater_prune.cc:74: tree pruning end, 1 roots, 0 extra nodes, 0 pruned nodes, max_depth=0
[04:22:29] /workspace/src/tree/updater_prune.cc:74: tree pruning end, 1 roots, 0 extra nodes, 0 pruned nodes, max_depth=0
[04:22:29] /workspace/src/tree/updater_prune.cc:74: tree pruning end, 1 roots, 0 extra nodes, 0 pruned nodes, max_depth=0
[04:22:31] /workspace/src/tree/updater_prune.cc:74: tree pruning end, 1 roots, 386 extra nodes, 0 pruned nodes, max_depth=8
[04:22:32] /workspace/src/tree/updater_prune.cc:74: tree pruning end, 1 roots, 404 extra nodes, 0 pruned nodes, max_depth=8
[04:22:32] /workspace/src/tree/updater_prune.cc:74: tree pruning end, 1 roots, 0 extra nodes, 0 pruned nodes, max_depth=0
[04:22:32] /workspace/src/tree/updater_prune.cc:74: tree pruning end, 1 roots, 0 extra nodes, 0 pruned nodes, max_depth=0
[04:22:33] /workspace/src/tree/updater_prune.cc:74: tree pruning end, 1 roots, 0 extra nodes, 0 pruned nodes, max_depth=0
[04:22:34] /workspace/src/tree/updater_prune.cc:74: tree pruning end, 1 roots, 494 extra nodes, 0 pruned nodes, max_depth=8
[04:22:36] /workspace/src/tree/updater_prune.cc:74: tree pruning end, 1 roots, 494 extra nodes, 0 pruned nodes, max_depth=8
[04:22:36] /workspace/src/tree/updater_prune.cc:74: tree pruning end, 1 roots, 0 extra nodes, 0 pruned nodes, max_depth=0
[04:22:36] /workspace/src/tree/updater_prune.cc:74: tree pruning end, 1 roots, 0 extra nodes, 0 pruned nodes, max_depth=0
[04:22:36] /workspace/src/tree/updater_prune.cc:74: tree pruning end, 1 roots, 0 extra nodes, 0 pruned nodes, max_depth=0
[04:22:38] /workspace/src/tree/updater_prune.cc:74: tree pruning end, 1 roots, 450 extra nodes, 0 pruned nodes, max_depth=8
[04:22:39] /workspace/src/tree/updater_prune.cc:74: tree pruning end, 1 roots, 452 extra nodes, 0 pruned nodes, max_depth=8
[04:22:39] /workspace/src/tree/updater_prune.cc:74: tree pruning end, 1 roots, 0 extra nodes, 0 pruned nodes, max_depth=0
[04:22:39] /workspace/src/tree/updater_prune.cc:74: tree pruning end, 1 roots, 0 extra nodes, 0 pruned nodes, max_depth=0
[04:22:39] /workspace/src/tree/updater_prune.cc:74: tree pruning end, 1 roots, 0 extra nodes, 0 pruned nodes, max_depth=0
[04:22:41] /workspace/src/tree/updater_prune.cc:74: tree pruning end, 1 roots, 494 extra nodes, 0 pruned nodes, max_depth=8
[04:22:42] /workspace/src/tree/updater_prune.cc:74: tree pruning end, 1 roots, 494 extra nodes, 0 pruned nodes, max_depth=8
[04:22:42] /workspace/src/tree/updater_prune.cc:74: tree pruning end, 1 roots, 0 extra nodes, 0 pruned nodes, max_depth=0
[04:22:42] /workspace/src/tree/updater_prune.cc:74: tree pruning end, 1 roots, 0 extra nodes, 0 pruned nodes, max_depth=0
[04:22:43] /workspace/src/tree/updater_prune.cc:74: tree pruning end, 1 roots, 0 extra nodes, 0 pruned nodes, max_depth=0
[04:22:44] /workspace/src/tree/updater_prune.cc:74: tree pruning end, 1 roots, 484 extra nodes, 0 pruned nodes, max_depth=8
[04:22:45] /workspace/src/tree/updater_prune.cc:74: tree pruning end, 1 roots, 394 extra nodes, 0 pruned nodes, max_depth=8
[04:22:46] /workspace/src/tree/updater_prune.cc:74: tree pruning end, 1 roots, 0 extra nodes, 0 pruned nodes, max_depth=0
[04:22:46] /workspace/src/tree/updater_prune.cc:74: tree pruning end, 1 roots, 0 extra nodes, 0 pruned nodes, max_depth=0
[04:22:46] /workspace/src/tree/updater_prune.cc:74: tree pruning end, 1 roots, 0 extra nodes, 0 pruned nodes, max_depth=0
[04:22:47] /workspace/src/tree/updater_prune.cc:74: tree pruning end, 1 roots, 436 extra nodes, 0 pruned nodes, max_depth=8
[04:22:49] /workspace/src/tree/updater_prune.cc:74: tree pruning end, 1 roots, 470 extra nodes, 0 pruned nodes, max_depth=8
[04:22:49] /workspace/src/tree/updater_prune.cc:74: tree pruning end, 1 roots, 0 extra nodes, 0 pruned nodes, max_depth=0
[04:22:49] /workspace/src/tree/updater_prune.cc:74: tree pruning end, 1 roots, 0 extra nodes, 0 pruned nodes, max_depth=0
[04:22:49] /workspace/src/tree/updater_prune.cc:74: tree pruning end, 1 roots, 0 extra nodes, 0 pruned nodes, max_depth=0
[04:22:51] /workspace/src/tree/updater_prune.cc:74: tree pruning end, 1 roots, 472 extra nodes, 0 pruned nodes, max_depth=8
[04:22:52] /workspace/src/tree/updater_prune.cc:74: tree pruning end, 1 roots, 472 extra nodes, 0 pruned nodes, max_depth=8
[04:22:52] /workspace/src/tree/updater_prune.cc:74: tree pruning end, 1 roots, 0 extra nodes, 0 pruned nodes, max_depth=0
[04:22:52] /workspace/src/tree/updater_prune.cc:74: tree pruning end, 1 roots, 0 extra nodes, 0 pruned nodes, max_depth=0
[04:22:52] /workspace/src/tree/updater_prune.cc:74: tree pruning end, 1 roots, 0 extra nodes, 0 pruned nodes, max_depth=0
[04:22:54] /workspace/src/tree/updater_prune.cc:74: tree pruning end, 1 roots, 480 extra nodes, 0 pruned nodes, max_depth=8
[04:22:55] /workspace/src/tree/updater_prune.cc:74: tree pruning end, 1 roots, 480 extra nodes, 0 pruned nodes, max_depth=8
[04:22:55] /workspace/src/tree/updater_prune.cc:74: tree pruning end, 1 roots, 0 extra nodes, 0 pruned nodes, max_depth=0
[04:22:56] /workspace/src/tree/updater_prune.cc:74: tree pruning end, 1 roots, 0 extra nodes, 0 pruned nodes, max_depth=0
[04:22:56] /workspace/src/tree/updater_prune.cc:74: tree pruning end, 1 roots, 0 extra nodes, 0 pruned nodes, max_depth=0
[04:22:57] /workspace/src/tree/updater_prune.cc:74: tree pruning end, 1 roots, 440 extra nodes, 0 pruned nodes, max_depth=8
[04:22:59] /workspace/src/tree/updater_prune.cc:74: tree pruning end, 1 roots, 440 extra nodes, 0 pruned nodes, max_depth=8
[04:22:59] /workspace/src/tree/updater_prune.cc:74: tree pruning end, 1 roots, 0 extra nodes, 0 pruned nodes, max_depth=0
[04:22:59] /workspace/src/tree/updater_prune.cc:74: tree pruning end, 1 roots, 0 extra nodes, 0 pruned nodes, max_depth=0
[04:22:59] /workspace/src/tree/updater_prune.cc:74: tree pruning end, 1 roots, 0 extra nodes, 0 pruned nodes, max_depth=0
[04:23:01] /workspace/src/tree/updater_prune.cc:74: tree pruning end, 1 roots, 472 extra nodes, 0 pruned nodes, max_depth=8
[04:23:02] /workspace/src/tree/updater_prune.cc:74: tree pruning end, 1 roots, 472 extra nodes, 0 pruned nodes, max_depth=8
[04:23:02] /workspace/src/tree/updater_prune.cc:74: tree pruning end, 1 roots, 0 extra nodes, 0 pruned nodes, max_depth=0
[04:23:02] /workspace/src/tree/updater_prune.cc:74: tree pruning end, 1 roots, 0 extra nodes, 0 pruned nodes, max_depth=0
[04:23:02] /workspace/src/tree/updater_prune.cc:74: tree pruning end, 1 roots, 0 extra nodes, 0 pruned nodes, max_depth=0
[04:23:04] /workspace/src/tree/updater_prune.cc:74: tree pruning end, 1 roots, 486 extra nodes, 0 pruned nodes, max_depth=8
[04:23:05] /workspace/src/tree/updater_prune.cc:74: tree pruning end, 1 roots, 486 extra nodes, 0 pruned nodes, max_depth=8
[04:23:05] /workspace/src/tree/updater_prune.cc:74: tree pruning end, 1 roots, 0 extra nodes, 0 pruned nodes, max_depth=0
[04:23:05] /workspace/src/tree/updater_prune.cc:74: tree pruning end, 1 roots, 0 extra nodes, 0 pruned nodes, max_depth=0
[04:23:05] /workspace/src/tree/updater_prune.cc:74: tree pruning end, 1 roots, 0 extra nodes, 0 pruned nodes, max_depth=0
[04:23:07] /workspace/src/tree/updater_prune.cc:74: tree pruning end, 1 roots, 484 extra nodes, 0 pruned nodes, max_depth=8
[04:23:08] /workspace/src/tree/updater_prune.cc:74: tree pruning end, 1 roots, 484 extra nodes, 0 pruned nodes, max_depth=8
[04:23:09] /workspace/src/tree/updater_prune.cc:74: tree pruning end, 1 roots, 0 extra nodes, 0 pruned nodes, max_depth=0
[04:23:09] /workspace/src/tree/updater_prune.cc:74: tree pruning end, 1 roots, 0 extra nodes, 0 pruned nodes, max_depth=0
[04:23:09] /workspace/src/tree/updater_prune.cc:74: tree pruning end, 1 roots, 0 extra nodes, 0 pruned nodes, max_depth=0
[04:23:10] /workspace/src/tree/updater_prune.cc:74: tree pruning end, 1 roots, 492 extra nodes, 0 pruned nodes, max_depth=8
[04:23:12] /workspace/src/tree/updater_prune.cc:74: tree pruning end, 1 roots, 492 extra nodes, 0 pruned nodes, max_depth=8
[04:23:12] /workspace/src/tree/updater_prune.cc:74: tree pruning end, 1 roots, 0 extra nodes, 0 pruned nodes, max_depth=0
[04:23:12] /workspace/src/tree/updater_prune.cc:74: tree pruning end, 1 roots, 0 extra nodes, 0 pruned nodes, max_depth=0
[04:23:12] /workspace/src/tree/updater_prune.cc:74: tree pruning end, 1 roots, 0 extra nodes, 0 pruned nodes, max_depth=0
[04:23:14] /workspace/src/tree/updater_prune.cc:74: tree pruning end, 1 roots, 474 extra nodes, 0 pruned nodes, max_depth=8
[04:23:15] /workspace/src/tree/updater_prune.cc:74: tree pruning end, 1 roots, 474 extra nodes, 0 pruned nodes, max_depth=8
[04:23:15] /workspace/src/tree/updater_prune.cc:74: tree pruning end, 1 roots, 0 extra nodes, 0 pruned nodes, max_depth=0
[04:23:15] /workspace/src/tree/updater_prune.cc:74: tree pruning end, 1 roots, 0 extra nodes, 0 pruned nodes, max_depth=0
[04:23:15] /workspace/src/tree/updater_prune.cc:74: tree pruning end, 1 roots, 0 extra nodes, 0 pruned nodes, max_depth=0
[04:23:17] /workspace/src/tree/updater_prune.cc:74: tree pruning end, 1 roots, 464 extra nodes, 0 pruned nodes, max_depth=8
[04:23:18] /workspace/src/tree/updater_prune.cc:74: tree pruning end, 1 roots, 464 extra nodes, 0 pruned nodes, max_depth=8
[04:23:18] /workspace/src/tree/updater_prune.cc:74: tree pruning end, 1 roots, 0 extra nodes, 0 pruned nodes, max_depth=0
[04:23:18] /workspace/src/tree/updater_prune.cc:74: tree pruning end, 1 roots, 0 extra nodes, 0 pruned nodes, max_depth=0
[04:23:19] /workspace/src/tree/updater_prune.cc:74: tree pruning end, 1 roots, 0 extra nodes, 0 pruned nodes, max_depth=0
[04:23:20] /workspace/src/tree/updater_prune.cc:74: tree pruning end, 1 roots, 450 extra nodes, 0 pruned nodes, max_depth=8
[04:23:22] /workspace/src/tree/updater_prune.cc:74: tree pruning end, 1 roots, 450 extra nodes, 0 pruned nodes, max_depth=8
[04:23:22] /workspace/src/tree/updater_prune.cc:74: tree pruning end, 1 roots, 0 extra nodes, 0 pruned nodes, max_depth=0
[04:23:22] /workspace/src/tree/updater_prune.cc:74: tree pruning end, 1 roots, 0 extra nodes, 0 pruned nodes, max_depth=0
[04:23:22] /workspace/src/tree/updater_prune.cc:74: tree pruning end, 1 roots, 0 extra nodes, 0 pruned nodes, max_depth=0
[04:23:24] /workspace/src/tree/updater_prune.cc:74: tree pruning end, 1 roots, 470 extra nodes, 0 pruned nodes, max_depth=8
[04:23:25] /workspace/src/tree/updater_prune.cc:74: tree pruning end, 1 roots, 470 extra nodes, 0 pruned nodes, max_depth=8
[04:23:25] /workspace/src/tree/updater_prune.cc:74: tree pruning end, 1 roots, 0 extra nodes, 0 pruned nodes, max_depth=0
[04:23:25] /workspace/src/tree/updater_prune.cc:74: tree pruning end, 1 roots, 0 extra nodes, 0 pruned nodes, max_depth=0
[04:23:25] /workspace/src/tree/updater_prune.cc:74: tree pruning end, 1 roots, 0 extra nodes, 0 pruned nodes, max_depth=0
[04:23:27] /workspace/src/tree/updater_prune.cc:74: tree pruning end, 1 roots, 492 extra nodes, 0 pruned nodes, max_depth=8
[04:23:28] /workspace/src/tree/updater_prune.cc:74: tree pruning end, 1 roots, 492 extra nodes, 0 pruned nodes, max_depth=8
[04:23:28] /workspace/src/tree/updater_prune.cc:74: tree pruning end, 1 roots, 0 extra nodes, 0 pruned nodes, max_depth=0
[04:23:28] /workspace/src/tree/updater_prune.cc:74: tree pruning end, 1 roots, 0 extra nodes, 0 pruned nodes, max_depth=0
[04:23:28] /workspace/src/tree/updater_prune.cc:74: tree pruning end, 1 roots, 0 extra nodes, 0 pruned nodes, max_depth=0
[04:23:30] /workspace/src/tree/updater_prune.cc:74: tree pruning end, 1 roots, 500 extra nodes, 0 pruned nodes, max_depth=8
[04:23:31] /workspace/src/tree/updater_prune.cc:74: tree pruning end, 1 roots, 500 extra nodes, 0 pruned nodes, max_depth=8
[04:23:32] /workspace/src/tree/updater_prune.cc:74: tree pruning end, 1 roots, 0 extra nodes, 0 pruned nodes, max_depth=0
[04:23:32] /workspace/src/tree/updater_prune.cc:74: tree pruning end, 1 roots, 0 extra nodes, 0 pruned nodes, max_depth=0
[04:23:32] /workspace/src/tree/updater_prune.cc:74: tree pruning end, 1 roots, 0 extra nodes, 0 pruned nodes, max_depth=0
[04:23:33] /workspace/src/tree/updater_prune.cc:74: tree pruning end, 1 roots, 498 extra nodes, 0 pruned nodes, max_depth=8
[04:23:35] /workspace/src/tree/updater_prune.cc:74: tree pruning end, 1 roots, 498 extra nodes, 0 pruned nodes, max_depth=8
[04:23:35] /workspace/src/tree/updater_prune.cc:74: tree pruning end, 1 roots, 0 extra nodes, 0 pruned nodes, max_depth=0
[04:23:35] /workspace/src/tree/updater_prune.cc:74: tree pruning end, 1 roots, 0 extra nodes, 0 pruned nodes, max_depth=0
[04:23:35] /workspace/src/tree/updater_prune.cc:74: tree pruning end, 1 roots, 0 extra nodes, 0 pruned nodes, max_depth=0
[04:23:37] /workspace/src/tree/updater_prune.cc:74: tree pruning end, 1 roots, 492 extra nodes, 0 pruned nodes, max_depth=8
[04:23:38] /workspace/src/tree/updater_prune.cc:74: tree pruning end, 1 roots, 492 extra nodes, 0 pruned nodes, max_depth=8
[04:23:38] /workspace/src/tree/updater_prune.cc:74: tree pruning end, 1 roots, 0 extra nodes, 0 pruned nodes, max_depth=0
[04:23:38] /workspace/src/tree/updater_prune.cc:74: tree pruning end, 1 roots, 0 extra nodes, 0 pruned nodes, max_depth=0
[04:23:38] /workspace/src/tree/updater_prune.cc:74: tree pruning end, 1 roots, 0 extra nodes, 0 pruned nodes, max_depth=0
[04:23:40] /workspace/src/tree/updater_prune.cc:74: tree pruning end, 1 roots, 478 extra nodes, 0 pruned nodes, max_depth=8
[04:23:41] /workspace/src/tree/updater_prune.cc:74: tree pruning end, 1 roots, 478 extra nodes, 0 pruned nodes, max_depth=8
[04:23:41] /workspace/src/tree/updater_prune.cc:74: tree pruning end, 1 roots, 0 extra nodes, 0 pruned nodes, max_depth=0
[04:23:41] /workspace/src/tree/updater_prune.cc:74: tree pruning end, 1 roots, 0 extra nodes, 0 pruned nodes, max_depth=0
[04:23:41] /workspace/src/tree/updater_prune.cc:74: tree pruning end, 1 roots, 0 extra nodes, 0 pruned nodes, max_depth=0
[04:23:43] /workspace/src/tree/updater_prune.cc:74: tree pruning end, 1 roots, 452 extra nodes, 0 pruned nodes, max_depth=8
[04:23:44] /workspace/src/tree/updater_prune.cc:74: tree pruning end, 1 roots, 452 extra nodes, 0 pruned nodes, max_depth=8
[04:23:44] /workspace/src/tree/updater_prune.cc:74: tree pruning end, 1 roots, 0 extra nodes, 0 pruned nodes, max_depth=0
[04:23:45] /workspace/src/tree/updater_prune.cc:74: tree pruning end, 1 roots, 0 extra nodes, 0 pruned nodes, max_depth=0
[04:23:45] /workspace/src/tree/updater_prune.cc:74: tree pruning end, 1 roots, 0 extra nodes, 0 pruned nodes, max_depth=0
[04:23:46] /workspace/src/tree/updater_prune.cc:74: tree pruning end, 1 roots, 504 extra nodes, 0 pruned nodes, max_depth=8
[04:23:48] /workspace/src/tree/updater_prune.cc:74: tree pruning end, 1 roots, 504 extra nodes, 0 pruned nodes, max_depth=8
[04:23:48] /workspace/src/tree/updater_prune.cc:74: tree pruning end, 1 roots, 0 extra nodes, 0 pruned nodes, max_depth=0
[04:23:48] /workspace/src/tree/updater_prune.cc:74: tree pruning end, 1 roots, 0 extra nodes, 0 pruned nodes, max_depth=0
[04:23:48] /workspace/src/tree/updater_prune.cc:74: tree pruning end, 1 roots, 0 extra nodes, 0 pruned nodes, max_depth=0
[04:23:50] /workspace/src/tree/updater_prune.cc:74: tree pruning end, 1 roots, 442 extra nodes, 0 pruned nodes, max_depth=8
[04:23:51] /workspace/src/tree/updater_prune.cc:74: tree pruning end, 1 roots, 442 extra nodes, 0 pruned nodes, max_depth=8
[04:23:51] /workspace/src/tree/updater_prune.cc:74: tree pruning end, 1 roots, 0 extra nodes, 0 pruned nodes, max_depth=0
[04:23:51] /workspace/src/tree/updater_prune.cc:74: tree pruning end, 1 roots, 0 extra nodes, 0 pruned nodes, max_depth=0
[04:23:51] /workspace/src/tree/updater_prune.cc:74: tree pruning end, 1 roots, 0 extra nodes, 0 pruned nodes, max_depth=0
[04:23:53] /workspace/src/tree/updater_prune.cc:74: tree pruning end, 1 roots, 464 extra nodes, 0 pruned nodes, max_depth=8
[04:23:54] /workspace/src/tree/updater_prune.cc:74: tree pruning end, 1 roots, 464 extra nodes, 0 pruned nodes, max_depth=8
[04:23:54] /workspace/src/tree/updater_prune.cc:74: tree pruning end, 1 roots, 0 extra nodes, 0 pruned nodes, max_depth=0
[04:23:54] /workspace/src/tree/updater_prune.cc:74: tree pruning end, 1 roots, 0 extra nodes, 0 pruned nodes, max_depth=0
[04:23:54] /workspace/src/tree/updater_prune.cc:74: tree pruning end, 1 roots, 0 extra nodes, 0 pruned nodes, max_depth=0
[04:23:56] /workspace/src/tree/updater_prune.cc:74: tree pruning end, 1 roots, 488 extra nodes, 0 pruned nodes, max_depth=8
[04:23:57] /workspace/src/tree/updater_prune.cc:74: tree pruning end, 1 roots, 488 extra nodes, 0 pruned nodes, max_depth=8
[04:23:57] /workspace/src/tree/updater_prune.cc:74: tree pruning end, 1 roots, 0 extra nodes, 0 pruned nodes, max_depth=0
[04:23:58] /workspace/src/tree/updater_prune.cc:74: tree pruning end, 1 roots, 0 extra nodes, 0 pruned nodes, max_depth=0
[04:23:58] /workspace/src/tree/updater_prune.cc:74: tree pruning end, 1 roots, 0 extra nodes, 0 pruned nodes, max_depth=0
[04:23:59] /workspace/src/tree/updater_prune.cc:74: tree pruning end, 1 roots, 482 extra nodes, 0 pruned nodes, max_depth=8
[04:24:01] /workspace/src/tree/updater_prune.cc:74: tree pruning end, 1 roots, 482 extra nodes, 0 pruned nodes, max_depth=8
[04:24:01] /workspace/src/tree/updater_prune.cc:74: tree pruning end, 1 roots, 0 extra nodes, 0 pruned nodes, max_depth=0
[04:24:01] /workspace/src/tree/updater_prune.cc:74: tree pruning end, 1 roots, 0 extra nodes, 0 pruned nodes, max_depth=0
[04:24:01] /workspace/src/tree/updater_prune.cc:74: tree pruning end, 1 roots, 0 extra nodes, 0 pruned nodes, max_depth=0
[04:24:03] /workspace/src/tree/updater_prune.cc:74: tree pruning end, 1 roots, 440 extra nodes, 0 pruned nodes, max_depth=8
[04:24:04] /workspace/src/tree/updater_prune.cc:74: tree pruning end, 1 roots, 440 extra nodes, 0 pruned nodes, max_depth=8
[04:24:04] /workspace/src/tree/updater_prune.cc:74: tree pruning end, 1 roots, 0 extra nodes, 0 pruned nodes, max_depth=0
[04:24:04] /workspace/src/tree/updater_prune.cc:74: tree pruning end, 1 roots, 0 extra nodes, 0 pruned nodes, max_depth=0
[04:24:04] /workspace/src/tree/updater_prune.cc:74: tree pruning end, 1 roots, 0 extra nodes, 0 pruned nodes, max_depth=0
[04:24:06] /workspace/src/tree/updater_prune.cc:74: tree pruning end, 1 roots, 476 extra nodes, 0 pruned nodes, max_depth=8
[04:24:07] /workspace/src/tree/updater_prune.cc:74: tree pruning end, 1 roots, 476 extra nodes, 0 pruned nodes, max_depth=8
[04:24:07] /workspace/src/tree/updater_prune.cc:74: tree pruning end, 1 roots, 0 extra nodes, 0 pruned nodes, max_depth=0
[04:24:07] /workspace/src/tree/updater_prune.cc:74: tree pruning end, 1 roots, 0 extra nodes, 0 pruned nodes, max_depth=0
[04:24:07] /workspace/src/tree/updater_prune.cc:74: tree pruning end, 1 roots, 0 extra nodes, 0 pruned nodes, max_depth=0
[04:24:09] /workspace/src/tree/updater_prune.cc:74: tree pruning end, 1 roots, 378 extra nodes, 0 pruned nodes, max_depth=8
[04:24:10] /workspace/src/tree/updater_prune.cc:74: tree pruning end, 1 roots, 378 extra nodes, 0 pruned nodes, max_depth=8
[04:24:10] /workspace/src/tree/updater_prune.cc:74: tree pruning end, 1 roots, 0 extra nodes, 0 pruned nodes, max_depth=0
[04:24:10] /workspace/src/tree/updater_prune.cc:74: tree pruning end, 1 roots, 0 extra nodes, 0 pruned nodes, max_depth=0
[04:24:10] /workspace/src/tree/updater_prune.cc:74: tree pruning end, 1 roots, 0 extra nodes, 0 pruned nodes, max_depth=0
[04:24:12] /workspace/src/tree/updater_prune.cc:74: tree pruning end, 1 roots, 460 extra nodes, 0 pruned nodes, max_depth=8
[04:24:13] /workspace/src/tree/updater_prune.cc:74: tree pruning end, 1 roots, 460 extra nodes, 0 pruned nodes, max_depth=8
[04:24:14] /workspace/src/tree/updater_prune.cc:74: tree pruning end, 1 roots, 0 extra nodes, 0 pruned nodes, max_depth=0
[04:24:14] /workspace/src/tree/updater_prune.cc:74: tree pruning end, 1 roots, 0 extra nodes, 0 pruned nodes, max_depth=0
[04:24:14] /workspace/src/tree/updater_prune.cc:74: tree pruning end, 1 roots, 0 extra nodes, 0 pruned nodes, max_depth=0
[04:24:15] /workspace/src/tree/updater_prune.cc:74: tree pruning end, 1 roots, 382 extra nodes, 0 pruned nodes, max_depth=8
[04:24:17] /workspace/src/tree/updater_prune.cc:74: tree pruning end, 1 roots, 382 extra nodes, 0 pruned nodes, max_depth=8
[04:24:17] /workspace/src/tree/updater_prune.cc:74: tree pruning end, 1 roots, 0 extra nodes, 0 pruned nodes, max_depth=0
[04:24:17] /workspace/src/tree/updater_prune.cc:74: tree pruning end, 1 roots, 0 extra nodes, 0 pruned nodes, max_depth=0
[04:24:17] /workspace/src/tree/updater_prune.cc:74: tree pruning end, 1 roots, 0 extra nodes, 0 pruned nodes, max_depth=0
[04:24:19] /workspace/src/tree/updater_prune.cc:74: tree pruning end, 1 roots, 456 extra nodes, 0 pruned nodes, max_depth=8
[04:24:20] /workspace/src/tree/updater_prune.cc:74: tree pruning end, 1 roots, 456 extra nodes, 0 pruned nodes, max_depth=8
[04:24:20] /workspace/src/tree/updater_prune.cc:74: tree pruning end, 1 roots, 0 extra nodes, 0 pruned nodes, max_depth=0
[04:24:20] /workspace/src/tree/updater_prune.cc:74: tree pruning end, 1 roots, 0 extra nodes, 0 pruned nodes, max_depth=0
[04:24:20] /workspace/src/tree/updater_prune.cc:74: tree pruning end, 1 roots, 0 extra nodes, 0 pruned nodes, max_depth=0
[04:24:22] /workspace/src/tree/updater_prune.cc:74: tree pruning end, 1 roots, 442 extra nodes, 0 pruned nodes, max_depth=8
[04:24:23] /workspace/src/tree/updater_prune.cc:74: tree pruning end, 1 roots, 442 extra nodes, 0 pruned nodes, max_depth=8
[04:24:23] /workspace/src/tree/updater_prune.cc:74: tree pruning end, 1 roots, 0 extra nodes, 0 pruned nodes, max_depth=0
[04:24:23] /workspace/src/tree/updater_prune.cc:74: tree pruning end, 1 roots, 0 extra nodes, 0 pruned nodes, max_depth=0
[04:24:23] /workspace/src/tree/updater_prune.cc:74: tree pruning end, 1 roots, 0 extra nodes, 0 pruned nodes, max_depth=0
[04:24:25] /workspace/src/tree/updater_prune.cc:74: tree pruning end, 1 roots, 460 extra nodes, 0 pruned nodes, max_depth=8
[04:24:26] /workspace/src/tree/updater_prune.cc:74: tree pruning end, 1 roots, 460 extra nodes, 0 pruned nodes, max_depth=8
[04:24:26] /workspace/src/tree/updater_prune.cc:74: tree pruning end, 1 roots, 0 extra nodes, 0 pruned nodes, max_depth=0
[04:24:26] /workspace/src/tree/updater_prune.cc:74: tree pruning end, 1 roots, 0 extra nodes, 0 pruned nodes, max_depth=0
[04:24:27] /workspace/src/tree/updater_prune.cc:74: tree pruning end, 1 roots, 0 extra nodes, 0 pruned nodes, max_depth=0
[04:24:28] /workspace/src/tree/updater_prune.cc:74: tree pruning end, 1 roots, 466 extra nodes, 0 pruned nodes, max_depth=8
[04:24:30] /workspace/src/tree/updater_prune.cc:74: tree pruning end, 1 roots, 466 extra nodes, 0 pruned nodes, max_depth=8
[04:24:30] /workspace/src/tree/updater_prune.cc:74: tree pruning end, 1 roots, 0 extra nodes, 0 pruned nodes, max_depth=0
[04:24:30] /workspace/src/tree/updater_prune.cc:74: tree pruning end, 1 roots, 0 extra nodes, 0 pruned nodes, max_depth=0
[04:24:30] /workspace/src/tree/updater_prune.cc:74: tree pruning end, 1 roots, 0 extra nodes, 0 pruned nodes, max_depth=0
[04:24:31] /workspace/src/tree/updater_prune.cc:74: tree pruning end, 1 roots, 446 extra nodes, 0 pruned nodes, max_depth=8
[04:24:33] /workspace/src/tree/updater_prune.cc:74: tree pruning end, 1 roots, 446 extra nodes, 0 pruned nodes, max_depth=8
[04:24:33] /workspace/src/tree/updater_prune.cc:74: tree pruning end, 1 roots, 0 extra nodes, 0 pruned nodes, max_depth=0
[04:24:33] /workspace/src/tree/updater_prune.cc:74: tree pruning end, 1 roots, 0 extra nodes, 0 pruned nodes, max_depth=0
[04:24:33] /workspace/src/tree/updater_prune.cc:74: tree pruning end, 1 roots, 0 extra nodes, 0 pruned nodes, max_depth=0
[04:24:35] /workspace/src/tree/updater_prune.cc:74: tree pruning end, 1 roots, 486 extra nodes, 0 pruned nodes, max_depth=8
[04:24:36] /workspace/src/tree/updater_prune.cc:74: tree pruning end, 1 roots, 486 extra nodes, 0 pruned nodes, max_depth=8
[04:24:36] /workspace/src/tree/updater_prune.cc:74: tree pruning end, 1 roots, 0 extra nodes, 0 pruned nodes, max_depth=0
[04:24:36] /workspace/src/tree/updater_prune.cc:74: tree pruning end, 1 roots, 0 extra nodes, 0 pruned nodes, max_depth=0
[04:24:36] /workspace/src/tree/updater_prune.cc:74: tree pruning end, 1 roots, 0 extra nodes, 0 pruned nodes, max_depth=0
[04:24:38] /workspace/src/tree/updater_prune.cc:74: tree pruning end, 1 roots, 476 extra nodes, 0 pruned nodes, max_depth=8
[04:24:39] /workspace/src/tree/updater_prune.cc:74: tree pruning end, 1 roots, 476 extra nodes, 0 pruned nodes, max_depth=8
[04:24:39] /workspace/src/tree/updater_prune.cc:74: tree pruning end, 1 roots, 0 extra nodes, 0 pruned nodes, max_depth=0
[04:24:39] /workspace/src/tree/updater_prune.cc:74: tree pruning end, 1 roots, 0 extra nodes, 0 pruned nodes, max_depth=0
[04:24:39] /workspace/src/tree/updater_prune.cc:74: tree pruning end, 1 roots, 0 extra nodes, 0 pruned nodes, max_depth=0
[04:24:41] /workspace/src/tree/updater_prune.cc:74: tree pruning end, 1 roots, 330 extra nodes, 0 pruned nodes, max_depth=8
[04:24:42] /workspace/src/tree/updater_prune.cc:74: tree pruning end, 1 roots, 330 extra nodes, 0 pruned nodes, max_depth=8
[04:24:42] /workspace/src/tree/updater_prune.cc:74: tree pruning end, 1 roots, 0 extra nodes, 0 pruned nodes, max_depth=0
[04:24:42] /workspace/src/tree/updater_prune.cc:74: tree pruning end, 1 roots, 0 extra nodes, 0 pruned nodes, max_depth=0
[04:24:43] /workspace/src/tree/updater_prune.cc:74: tree pruning end, 1 roots, 0 extra nodes, 0 pruned nodes, max_depth=0
[04:24:44] /workspace/src/tree/updater_prune.cc:74: tree pruning end, 1 roots, 430 extra nodes, 0 pruned nodes, max_depth=8
[04:24:45] /workspace/src/tree/updater_prune.cc:74: tree pruning end, 1 roots, 426 extra nodes, 0 pruned nodes, max_depth=8
[04:24:45] /workspace/src/tree/updater_prune.cc:74: tree pruning end, 1 roots, 0 extra nodes, 0 pruned nodes, max_depth=0
[04:24:46] /workspace/src/tree/updater_prune.cc:74: tree pruning end, 1 roots, 0 extra nodes, 0 pruned nodes, max_depth=0
[04:24:46] /workspace/src/tree/updater_prune.cc:74: tree pruning end, 1 roots, 0 extra nodes, 0 pruned nodes, max_depth=0
[04:24:47] /workspace/src/tree/updater_prune.cc:74: tree pruning end, 1 roots, 456 extra nodes, 0 pruned nodes, max_depth=8
[04:24:49] /workspace/src/tree/updater_prune.cc:74: tree pruning end, 1 roots, 456 extra nodes, 0 pruned nodes, max_depth=8
[04:24:49] /workspace/src/tree/updater_prune.cc:74: tree pruning end, 1 roots, 0 extra nodes, 0 pruned nodes, max_depth=0
[04:24:49] /workspace/src/tree/updater_prune.cc:74: tree pruning end, 1 roots, 0 extra nodes, 0 pruned nodes, max_depth=0
[04:24:49] /workspace/src/tree/updater_prune.cc:74: tree pruning end, 1 roots, 0 extra nodes, 0 pruned nodes, max_depth=0
[04:24:51] /workspace/src/tree/updater_prune.cc:74: tree pruning end, 1 roots, 414 extra nodes, 0 pruned nodes, max_depth=8
[04:24:52] /workspace/src/tree/updater_prune.cc:74: tree pruning end, 1 roots, 414 extra nodes, 0 pruned nodes, max_depth=8
[04:24:52] /workspace/src/tree/updater_prune.cc:74: tree pruning end, 1 roots, 0 extra nodes, 0 pruned nodes, max_depth=0
[04:24:52] /workspace/src/tree/updater_prune.cc:74: tree pruning end, 1 roots, 0 extra nodes, 0 pruned nodes, max_depth=0
[04:24:52] /workspace/src/tree/updater_prune.cc:74: tree pruning end, 1 roots, 0 extra nodes, 0 pruned nodes, max_depth=0
[04:24:54] /workspace/src/tree/updater_prune.cc:74: tree pruning end, 1 roots, 474 extra nodes, 0 pruned nodes, max_depth=8
[04:24:55] /workspace/src/tree/updater_prune.cc:74: tree pruning end, 1 roots, 474 extra nodes, 0 pruned nodes, max_depth=8
[04:24:55] /workspace/src/tree/updater_prune.cc:74: tree pruning end, 1 roots, 0 extra nodes, 0 pruned nodes, max_depth=0
INFO:__main__:XGBoost training time (seconds): 326.876068
INFO:__main__:XGBoost training time (seconds): 326.876070
INFO:__main__:XGBoost inference time (seconds): 1.946850
[04:24:55] /workspace/src/tree/updater_prune.cc:74: tree pruning end, 1 roots, 0 extra nodes, 0 pruned nodes, max_depth=0
[04:24:55] /workspace/src/tree/updater_prune.cc:74: tree pruning end, 1 roots, 0 extra nodes, 0 pruned nodes, max_depth=0
[04:24:57] /workspace/src/tree/updater_prune.cc:74: tree pruning end, 1 roots, 356 extra nodes, 0 pruned nodes, max_depth=8
[04:24:58] /workspace/src/tree/updater_prune.cc:74: tree pruning end, 1 roots, 356 extra nodes, 0 pruned nodes, max_depth=8
[04:24:58] /workspace/src/tree/updater_prune.cc:74: tree pruning end, 1 roots, 0 extra nodes, 0 pruned nodes, max_depth=0
[04:24:58] /workspace/src/tree/updater_prune.cc:74: tree pruning end, 1 roots, 0 extra nodes, 0 pruned nodes, max_depth=0
[04:24:58] /workspace/src/tree/updater_prune.cc:74: tree pruning end, 1 roots, 0 extra nodes, 0 pruned nodes, max_depth=0
[04:25:00] /workspace/src/tree/updater_prune.cc:74: tree pruning end, 1 roots, 460 extra nodes, 0 pruned nodes, max_depth=8
[04:25:01] /workspace/src/tree/updater_prune.cc:74: tree pruning end, 1 roots, 460 extra nodes, 0 pruned nodes, max_depth=8
[04:25:01] /workspace/src/tree/updater_prune.cc:74: tree pruning end, 1 roots, 0 extra nodes, 0 pruned nodes, max_depth=0
[04:25:02] /workspace/src/tree/updater_prune.cc:74: tree pruning end, 1 roots, 0 extra nodes, 0 pruned nodes, max_depth=0
[04:25:02] /workspace/src/tree/updater_prune.cc:74: tree pruning end, 1 roots, 0 extra nodes, 0 pruned nodes, max_depth=0
[04:25:03] /workspace/src/tree/updater_prune.cc:74: tree pruning end, 1 roots, 476 extra nodes, 0 pruned nodes, max_depth=8
[04:25:05] /workspace/src/tree/updater_prune.cc:74: tree pruning end, 1 roots, 476 extra nodes, 0 pruned nodes, max_depth=8
[04:25:05] /workspace/src/tree/updater_prune.cc:74: tree pruning end, 1 roots, 0 extra nodes, 0 pruned nodes, max_depth=0
[04:25:05] /workspace/src/tree/updater_prune.cc:74: tree pruning end, 1 roots, 0 extra nodes, 0 pruned nodes, max_depth=0
[04:25:05] /workspace/src/tree/updater_prune.cc:74: tree pruning end, 1 roots, 0 extra nodes, 0 pruned nodes, max_depth=0
[04:25:07] /workspace/src/tree/updater_prune.cc:74: tree pruning end, 1 roots, 466 extra nodes, 0 pruned nodes, max_depth=8
[04:25:08] /workspace/src/tree/updater_prune.cc:74: tree pruning end, 1 roots, 466 extra nodes, 0 pruned nodes, max_depth=8
[04:25:08] /workspace/src/tree/updater_prune.cc:74: tree pruning end, 1 roots, 0 extra nodes, 0 pruned nodes, max_depth=0
[04:25:08] /workspace/src/tree/updater_prune.cc:74: tree pruning end, 1 roots, 0 extra nodes, 0 pruned nodes, max_depth=0
[04:25:08] /workspace/src/tree/updater_prune.cc:74: tree pruning end, 1 roots, 0 extra nodes, 0 pruned nodes, max_depth=0
[04:25:10] /workspace/src/tree/updater_prune.cc:74: tree pruning end, 1 roots, 456 extra nodes, 0 pruned nodes, max_depth=8
[04:25:11] /workspace/src/tree/updater_prune.cc:74: tree pruning end, 1 roots, 456 extra nodes, 0 pruned nodes, max_depth=8
[04:25:11] /workspace/src/tree/updater_prune.cc:74: tree pruning end, 1 roots, 0 extra nodes, 0 pruned nodes, max_depth=0
[04:25:11] /workspace/src/tree/updater_prune.cc:74: tree pruning end, 1 roots, 0 extra nodes, 0 pruned nodes, max_depth=0
[04:25:11] /workspace/src/tree/updater_prune.cc:74: tree pruning end, 1 roots, 0 extra nodes, 0 pruned nodes, max_depth=0
[04:25:13] /workspace/src/tree/updater_prune.cc:74: tree pruning end, 1 roots, 408 extra nodes, 0 pruned nodes, max_depth=8
[04:25:14] /workspace/src/tree/updater_prune.cc:74: tree pruning end, 1 roots, 408 extra nodes, 0 pruned nodes, max_depth=8
[04:25:14] /workspace/src/tree/updater_prune.cc:74: tree pruning end, 1 roots, 0 extra nodes, 0 pruned nodes, max_depth=0
[04:25:14] /workspace/src/tree/updater_prune.cc:74: tree pruning end, 1 roots, 0 extra nodes, 0 pruned nodes, max_depth=0
[04:25:14] /workspace/src/tree/updater_prune.cc:74: tree pruning end, 1 roots, 0 extra nodes, 0 pruned nodes, max_depth=0
[04:25:16] /workspace/src/tree/updater_prune.cc:74: tree pruning end, 1 roots, 454 extra nodes, 0 pruned nodes, max_depth=8
[04:25:17] /workspace/src/tree/updater_prune.cc:74: tree pruning end, 1 roots, 454 extra nodes, 0 pruned nodes, max_depth=8
[04:25:17] /workspace/src/tree/updater_prune.cc:74: tree pruning end, 1 roots, 0 extra nodes, 0 pruned nodes, max_depth=0
[04:25:17] /workspace/src/tree/updater_prune.cc:74: tree pruning end, 1 roots, 0 extra nodes, 0 pruned nodes, max_depth=0
[04:25:18] /workspace/src/tree/updater_prune.cc:74: tree pruning end, 1 roots, 0 extra nodes, 0 pruned nodes, max_depth=0
