+++++++++++++++++++++++++++++++++DataSet++++++++++++++++++++++++++++++++++++++++++++++++++++
INFO:__main__:Generating data with the size 10000000
INFO:__main__:changing Tele_Attatched into an object variable
INFO:__main__:Generating our target variable Asset_Label
INFO:__main__:Creating correlation between our variables and our target variable
INFO:__main__:When age is 60-70 and over 95 change Asset_Label to 1
INFO:__main__:When elevation is between 500-1500 change Asset_Label to 1
INFO:__main__:When Manufacturer is A, E, or H change Asset_Label to have  95% 0's
INFO:__main__:When Species is C2 or C5 change Asset_Label to have 90% to 0's
INFO:__main__:When District is NE or W change Asset_Label to have 90% to 0's
INFO:__main__:When District is Untreated change Asset_Label to have 70% to 1's
INFO:__main__:When Age is greater than 90 and Elevaation is less than 1200              and Original_treatment is Oil change Asset_Label to have 90% to 1's
INFO:__main__:=====> Time taken 16.722695 secs for data generation for the size of (10000000, 34)
INFO:__main__:Saving the data to ./stock_python/data_10000000.pkl ...
INFO:__main__:DONE
+++++++++++++++++++++++++++++++++Iteration1++++++++++++++++++++++++++++++++++++++++++++++++++++
INFO:__main__:Reading the dataset from ./stock_python/data_10000000.pkl...
INFO:__main__:=====> Time taken 52.628457 secs                 for training and prediction for the data size of (10000000, 34)
INFO:__main__:=====> Training Time 42.955352 secs
INFO:__main__:=====> Prediction Time 1.585115 secs
INFO:__main__:=====> XGBoost accuracy score 0.888738
INFO:__main__:DONE
[10:04:29] Tree method is selected to be 'hist', which uses a single updater grow_fast_histmaker.
+++++++++++++++++++++++++++++++++Iteration2++++++++++++++++++++++++++++++++++++++++++++++++++++
INFO:__main__:Reading the dataset from ./stock_python/data_10000000.pkl...
INFO:__main__:=====> Time taken 53.240269 secs                 for training and prediction for the data size of (10000000, 34)
INFO:__main__:=====> Training Time 43.504093 secs
INFO:__main__:=====> Prediction Time 1.610205 secs
INFO:__main__:=====> XGBoost accuracy score 0.888796
INFO:__main__:DONE
[10:05:22] Tree method is selected to be 'hist', which uses a single updater grow_fast_histmaker.
+++++++++++++++++++++++++++++++++++++++++++++++++++++++++++++++++++++++++++++++++++++++++++++++
