+++++++++++++++++++++++++++++++++DataSet++++++++++++++++++++++++++++++++++++++++++++++++++++
INFO:__main__:Generating data with the size 800000
INFO:__main__:changing Tele_Attatched into an object variable
INFO:__main__:Generating our target variable Asset_Label
INFO:__main__:Creating correlation between our variables and our target variable
INFO:__main__:When age is 60-70 and over 95 change Asset_Label to 1
INFO:__main__:When elevation is between 500-1500 change Asset_Label to 1
INFO:__main__:When Manufacturer is A, E, or H change Asset_Label to have  95% 0's
INFO:__main__:When Species is C2 or C5 change Asset_Label to have 90% to 0's
INFO:__main__:When District is NE or W change Asset_Label to have 90% to 0's
INFO:__main__:When District is Untreated change Asset_Label to have 70% to 1's
INFO:__main__:When Age is greater than 90 and Elevaation is less than 1200              and Original_treatment is Oil change Asset_Label to have 90% to 1's
INFO:__main__:=====> Time taken 1.214571 secs for data generation for the size of (800000, 34)
INFO:__main__:Saving the data to ./stock_python/data_800000.pkl ...
INFO:__main__:DONE
+++++++++++++++++++++++++++++++++Iteration1++++++++++++++++++++++++++++++++++++++++++++++++++++
INFO:__main__:Reading the dataset from ./stock_python/data_800000.pkl...
[15:39:58] Tree method is selected to be 'hist', which uses a single updater grow_fast_histmaker.
Fitting 2 folds for each of 45 candidates, totalling 90 fits
[CV 2/2; 3/45] START gamma=0.5, max_depth=3, min_child_weight=10................
[15:40:02] Tree method is selected to be 'hist', which uses a single updater grow_fast_histmaker.
[CV 2/2; 3/45] END gamma=0.5, max_depth=3, min_child_weight=10;, score=0.889 total time= 5.8min
[CV 1/2; 6/45] START gamma=0.5, max_depth=4, min_child_weight=10................
[15:45:51] Tree method is selected to be 'hist', which uses a single updater grow_fast_histmaker.
[CV 1/2; 6/45] END gamma=0.5, max_depth=4, min_child_weight=10;, score=0.894 total time=11.8min
[CV 1/2; 10/45] START gamma=1, max_depth=3, min_child_weight=1..................
[15:57:38] Tree method is selected to be 'hist', which uses a single updater grow_fast_histmaker.
[CV 1/2; 10/45] END gamma=1, max_depth=3, min_child_weight=1;, score=0.889 total time= 5.8min
[CV 1/2; 11/45] START gamma=1, max_depth=3, min_child_weight=5..................
[16:03:27] Tree method is selected to be 'hist', which uses a single updater grow_fast_histmaker.
[CV 1/2; 11/45] END gamma=1, max_depth=3, min_child_weight=5;, score=0.889 total time= 5.8min
[CV 1/2; 12/45] START gamma=1, max_depth=3, min_child_weight=10.................
[16:09:17] Tree method is selected to be 'hist', which uses a single updater grow_fast_histmaker.
[CV 1/2; 12/45] END gamma=1, max_depth=3, min_child_weight=10;, score=0.889 total time= 5.9min
[CV 1/2; 14/45] START gamma=1, max_depth=4, min_child_weight=5..................
[16:15:08] Tree method is selected to be 'hist', which uses a single updater grow_fast_histmaker.
[CV 1/2; 14/45] END gamma=1, max_depth=4, min_child_weight=5;, score=0.894 total time=11.8min
[CV 1/2; 18/45] START gamma=1, max_depth=5, min_child_weight=10.................
[16:26:53] Tree method is selected to be 'hist', which uses a single updater grow_fast_histmaker.
[CV 1/2; 18/45] END gamma=1, max_depth=5, min_child_weight=10;, score=0.895 total time=23.2min
[CV 1/2; 25/45] START gamma=1.5, max_depth=5, min_child_weight=1................
[16:50:07] Tree method is selected to be 'hist', which uses a single updater grow_fast_histmaker.
[CV 1/2; 25/45] END gamma=1.5, max_depth=5, min_child_weight=1;, score=0.895 total time=23.6min
[CV 1/2; 31/45] START gamma=2, max_depth=4, min_child_weight=1..................
[17:13:42] Tree method is selected to be 'hist', which uses a single updater grow_fast_histmaker.
[CV 1/2; 31/45] END gamma=2, max_depth=4, min_child_weight=1;, score=0.893 total time=11.8min
[CV 1/2; 35/45] START gamma=2, max_depth=5, min_child_weight=5..................
[17:25:29] Tree method is selected to be 'hist', which uses a single updater grow_fast_histmaker.
[CV 1/2; 35/45] END gamma=2, max_depth=5, min_child_weight=5;, score=0.895 total time=23.5min
[CV 1/2; 42/45] START gamma=5, max_depth=4, min_child_weight=10.................
[17:48:57] Tree method is selected to be 'hist', which uses a single updater grow_fast_histmaker.
[CV 1/2; 42/45] END gamma=5, max_depth=4, min_child_weight=10;, score=0.893 total time=11.7min
[CV 1/2; 1/45] START gamma=0.5, max_depth=3, min_child_weight=1.................
[15:40:02] Tree method is selected to be 'hist', which uses a single updater grow_fast_histmaker.
[CV 1/2; 1/45] END gamma=0.5, max_depth=3, min_child_weight=1;, score=0.889 total time= 5.8min
[CV 1/2; 7/45] START gamma=0.5, max_depth=5, min_child_weight=1.................
[15:45:53] Tree method is selected to be 'hist', which uses a single updater grow_fast_histmaker.
[CV 1/2; 7/45] END gamma=0.5, max_depth=5, min_child_weight=1;, score=0.894 total time=23.5min
[CV 1/2; 13/45] START gamma=1, max_depth=4, min_child_weight=1..................
[16:09:22] Tree method is selected to be 'hist', which uses a single updater grow_fast_histmaker.
[CV 1/2; 13/45] END gamma=1, max_depth=4, min_child_weight=1;, score=0.893 total time=11.8min
[CV 1/2; 17/45] START gamma=1, max_depth=5, min_child_weight=5..................
[16:21:09] Tree method is selected to be 'hist', which uses a single updater grow_fast_histmaker.
[CV 1/2; 17/45] END gamma=1, max_depth=5, min_child_weight=5;, score=0.896 total time=23.5min
[CV 1/2; 24/45] START gamma=1.5, max_depth=4, min_child_weight=10...............
[16:44:37] Tree method is selected to be 'hist', which uses a single updater grow_fast_histmaker.
[CV 1/2; 24/45] END gamma=1.5, max_depth=4, min_child_weight=10;, score=0.894 total time=11.7min
[CV 1/2; 28/45] START gamma=2, max_depth=3, min_child_weight=1..................
[16:56:18] Tree method is selected to be 'hist', which uses a single updater grow_fast_histmaker.
[CV 1/2; 28/45] END gamma=2, max_depth=3, min_child_weight=1;, score=0.889 total time= 5.8min
[CV 1/2; 29/45] START gamma=2, max_depth=3, min_child_weight=5..................
[17:02:05] Tree method is selected to be 'hist', which uses a single updater grow_fast_histmaker.
[CV 1/2; 29/45] END gamma=2, max_depth=3, min_child_weight=5;, score=0.889 total time= 5.9min
[CV 1/2; 30/45] START gamma=2, max_depth=3, min_child_weight=10.................
[17:07:57] Tree method is selected to be 'hist', which uses a single updater grow_fast_histmaker.
[CV 1/2; 30/45] END gamma=2, max_depth=3, min_child_weight=10;, score=0.889 total time= 5.8min
[CV 1/2; 32/45] START gamma=2, max_depth=4, min_child_weight=5..................
[17:13:47] Tree method is selected to be 'hist', which uses a single updater grow_fast_histmaker.
[CV 1/2; 32/45] END gamma=2, max_depth=4, min_child_weight=5;, score=0.893 total time=11.8min
[CV 1/2; 36/45] START gamma=2, max_depth=5, min_child_weight=10.................
[17:25:38] Tree method is selected to be 'hist', which uses a single updater grow_fast_histmaker.
[CV 1/2; 36/45] END gamma=2, max_depth=5, min_child_weight=10;, score=0.896 total time=23.4min
[CV 2/2; 42/45] START gamma=5, max_depth=4, min_child_weight=10.................
[17:48:59] Tree method is selected to be 'hist', which uses a single updater grow_fast_histmaker.
[CV 2/2; 42/45] END gamma=5, max_depth=4, min_child_weight=10;, score=0.893 total time=11.8min
INFO:__main__:=====> Time taken 9310.710301 secs                 for training and prediction for the data size of (800000, 34)
INFO:__main__:=====> Training Time 3.492634 secs
INFO:__main__:=====> Prediction Time 0.126776 secs
INFO:__main__:=====> XGBoost accuracy score 0.887975
INFO:__main__:DONE
[18:15:04] Tree method is selected to be 'hist', which uses a single updater grow_fast_histmaker.
Time taken: %i hours %i minutes and %s seconds. (2.0, 35.0, 6.56)
[CV 1/2; 2/45] START gamma=0.5, max_depth=3, min_child_weight=5.................
[15:40:02] Tree method is selected to be 'hist', which uses a single updater grow_fast_histmaker.
[CV 1/2; 2/45] END gamma=0.5, max_depth=3, min_child_weight=5;, score=0.889 total time= 5.8min
[CV 2/2; 7/45] START gamma=0.5, max_depth=5, min_child_weight=1.................
[15:45:54] Tree method is selected to be 'hist', which uses a single updater grow_fast_histmaker.
[CV 2/2; 7/45] END gamma=0.5, max_depth=5, min_child_weight=1;, score=0.895 total time=23.5min
[CV 2/2; 13/45] START gamma=1, max_depth=4, min_child_weight=1..................
[16:09:27] Tree method is selected to be 'hist', which uses a single updater grow_fast_histmaker.
[CV 2/2; 13/45] END gamma=1, max_depth=4, min_child_weight=1;, score=0.893 total time=11.8min
[CV 2/2; 17/45] START gamma=1, max_depth=5, min_child_weight=5..................
[16:21:17] Tree method is selected to be 'hist', which uses a single updater grow_fast_histmaker.
[CV 2/2; 17/45] END gamma=1, max_depth=5, min_child_weight=5;, score=0.895 total time=23.4min
[CV 2/2; 24/45] START gamma=1.5, max_depth=4, min_child_weight=10...............
[16:44:41] Tree method is selected to be 'hist', which uses a single updater grow_fast_histmaker.
[CV 2/2; 24/45] END gamma=1.5, max_depth=4, min_child_weight=10;, score=0.894 total time=11.8min
[CV 2/2; 28/45] START gamma=2, max_depth=3, min_child_weight=1..................
[16:56:29] Tree method is selected to be 'hist', which uses a single updater grow_fast_histmaker.
[CV 2/2; 28/45] END gamma=2, max_depth=3, min_child_weight=1;, score=0.889 total time= 5.9min
[CV 2/2; 29/45] START gamma=2, max_depth=3, min_child_weight=5..................
[17:02:21] Tree method is selected to be 'hist', which uses a single updater grow_fast_histmaker.
[CV 2/2; 29/45] END gamma=2, max_depth=3, min_child_weight=5;, score=0.889 total time= 5.8min
[CV 2/2; 30/45] START gamma=2, max_depth=3, min_child_weight=10.................
[17:08:10] Tree method is selected to be 'hist', which uses a single updater grow_fast_histmaker.
[CV 2/2; 30/45] END gamma=2, max_depth=3, min_child_weight=10;, score=0.889 total time= 5.8min
[CV 2/2; 32/45] START gamma=2, max_depth=4, min_child_weight=5..................
[17:14:01] Tree method is selected to be 'hist', which uses a single updater grow_fast_histmaker.
[CV 2/2; 32/45] END gamma=2, max_depth=4, min_child_weight=5;, score=0.893 total time=11.8min
[CV 2/2; 36/45] START gamma=2, max_depth=5, min_child_weight=10.................
[17:25:49] Tree method is selected to be 'hist', which uses a single updater grow_fast_histmaker.
[CV 2/2; 36/45] END gamma=2, max_depth=5, min_child_weight=10;, score=0.895 total time=23.3min
[CV 1/2; 43/45] START gamma=5, max_depth=5, min_child_weight=1..................
[17:49:07] Tree method is selected to be 'hist', which uses a single updater grow_fast_histmaker.
[CV 1/2; 43/45] END gamma=5, max_depth=5, min_child_weight=1;, score=0.894 total time=22.4min
[CV 2/2; 4/45] START gamma=0.5, max_depth=4, min_child_weight=1.................
[15:40:02] Tree method is selected to be 'hist', which uses a single updater grow_fast_histmaker.
[CV 2/2; 4/45] END gamma=0.5, max_depth=4, min_child_weight=1;, score=0.893 total time=11.7min
[CV 1/2; 8/45] START gamma=0.5, max_depth=5, min_child_weight=5.................
[15:51:46] Tree method is selected to be 'hist', which uses a single updater grow_fast_histmaker.
[CV 1/2; 8/45] END gamma=0.5, max_depth=5, min_child_weight=5;, score=0.895 total time=23.4min
[CV 2/2; 14/45] START gamma=1, max_depth=4, min_child_weight=5..................
[16:15:11] Tree method is selected to be 'hist', which uses a single updater grow_fast_histmaker.
[CV 2/2; 14/45] END gamma=1, max_depth=4, min_child_weight=5;, score=0.893 total time=11.8min
[CV 2/2; 18/45] START gamma=1, max_depth=5, min_child_weight=10.................
[16:26:56] Tree method is selected to be 'hist', which uses a single updater grow_fast_histmaker.
[CV 2/2; 18/45] END gamma=1, max_depth=5, min_child_weight=10;, score=0.895 total time=23.2min
[CV 2/2; 25/45] START gamma=1.5, max_depth=5, min_child_weight=1................
[16:50:10] Tree method is selected to be 'hist', which uses a single updater grow_fast_histmaker.
[CV 2/2; 25/45] END gamma=1.5, max_depth=5, min_child_weight=1;, score=0.894 total time=23.6min
[CV 2/2; 31/45] START gamma=2, max_depth=4, min_child_weight=1..................
[17:13:44] Tree method is selected to be 'hist', which uses a single updater grow_fast_histmaker.
[CV 2/2; 31/45] END gamma=2, max_depth=4, min_child_weight=1;, score=0.893 total time=11.8min
[CV 2/2; 35/45] START gamma=2, max_depth=5, min_child_weight=5..................
[17:25:34] Tree method is selected to be 'hist', which uses a single updater grow_fast_histmaker.
[CV 2/2; 35/45] END gamma=2, max_depth=5, min_child_weight=5;, score=0.895 total time=23.6min
[CV 2/2; 43/45] START gamma=5, max_depth=5, min_child_weight=1..................
[17:49:08] Tree method is selected to be 'hist', which uses a single updater grow_fast_histmaker.
[CV 2/2; 43/45] END gamma=5, max_depth=5, min_child_weight=1;, score=0.894 total time=22.4min
[CV 2/2; 1/45] START gamma=0.5, max_depth=3, min_child_weight=1.................
[15:40:02] Tree method is selected to be 'hist', which uses a single updater grow_fast_histmaker.
[CV 2/2; 1/45] END gamma=0.5, max_depth=3, min_child_weight=1;, score=0.889 total time= 5.8min
[CV 2/2; 6/45] START gamma=0.5, max_depth=4, min_child_weight=10................
[15:45:51] Tree method is selected to be 'hist', which uses a single updater grow_fast_histmaker.
[CV 2/2; 6/45] END gamma=0.5, max_depth=4, min_child_weight=10;, score=0.894 total time=11.8min
[CV 2/2; 10/45] START gamma=1, max_depth=3, min_child_weight=1..................
[15:57:39] Tree method is selected to be 'hist', which uses a single updater grow_fast_histmaker.
[CV 2/2; 10/45] END gamma=1, max_depth=3, min_child_weight=1;, score=0.889 total time= 5.9min
[CV 2/2; 11/45] START gamma=1, max_depth=3, min_child_weight=5..................
[16:03:30] Tree method is selected to be 'hist', which uses a single updater grow_fast_histmaker.
[CV 2/2; 11/45] END gamma=1, max_depth=3, min_child_weight=5;, score=0.889 total time= 5.8min
[CV 2/2; 12/45] START gamma=1, max_depth=3, min_child_weight=10.................
[16:09:21] Tree method is selected to be 'hist', which uses a single updater grow_fast_histmaker.
[CV 2/2; 12/45] END gamma=1, max_depth=3, min_child_weight=10;, score=0.889 total time= 5.8min
[CV 1/2; 15/45] START gamma=1, max_depth=4, min_child_weight=10.................
[16:15:12] Tree method is selected to be 'hist', which uses a single updater grow_fast_histmaker.
[CV 1/2; 15/45] END gamma=1, max_depth=4, min_child_weight=10;, score=0.894 total time=11.7min
[CV 1/2; 19/45] START gamma=1.5, max_depth=3, min_child_weight=1................
[16:26:56] Tree method is selected to be 'hist', which uses a single updater grow_fast_histmaker.
[CV 1/2; 19/45] END gamma=1.5, max_depth=3, min_child_weight=1;, score=0.889 total time= 5.8min
[CV 2/2; 20/45] START gamma=1.5, max_depth=3, min_child_weight=5................
[16:32:46] Tree method is selected to be 'hist', which uses a single updater grow_fast_histmaker.
[CV 2/2; 20/45] END gamma=1.5, max_depth=3, min_child_weight=5;, score=0.889 total time= 5.9min
[CV 2/2; 21/45] START gamma=1.5, max_depth=3, min_child_weight=10...............
[16:38:39] Tree method is selected to be 'hist', which uses a single updater grow_fast_histmaker.
[CV 2/2; 21/45] END gamma=1.5, max_depth=3, min_child_weight=10;, score=0.889 total time= 5.8min
[CV 2/2; 23/45] START gamma=1.5, max_depth=4, min_child_weight=5................
[16:44:29] Tree method is selected to be 'hist', which uses a single updater grow_fast_histmaker.
[CV 2/2; 23/45] END gamma=1.5, max_depth=4, min_child_weight=5;, score=0.893 total time=11.7min
[CV 1/2; 27/45] START gamma=1.5, max_depth=5, min_child_weight=10...............
[16:56:13] Tree method is selected to be 'hist', which uses a single updater grow_fast_histmaker.
[CV 1/2; 27/45] END gamma=1.5, max_depth=5, min_child_weight=10;, score=0.895 total time=23.3min
[CV 1/2; 34/45] START gamma=2, max_depth=5, min_child_weight=1..................
[17:19:29] Tree method is selected to be 'hist', which uses a single updater grow_fast_histmaker.
[CV 1/2; 34/45] END gamma=2, max_depth=5, min_child_weight=1;, score=0.895 total time=23.7min
[CV 1/2; 40/45] START gamma=5, max_depth=4, min_child_weight=1..................
[17:43:08] Tree method is selected to be 'hist', which uses a single updater grow_fast_histmaker.
[CV 1/2; 40/45] END gamma=5, max_depth=4, min_child_weight=1;, score=0.893 total time=11.8min
[CV 1/2; 44/45] START gamma=5, max_depth=5, min_child_weight=5..................
[17:54:56] Tree method is selected to be 'hist', which uses a single updater grow_fast_histmaker.
[CV 1/2; 44/45] END gamma=5, max_depth=5, min_child_weight=5;, score=0.894 total time=19.9min
[CV 1/2; 3/45] START gamma=0.5, max_depth=3, min_child_weight=10................
[15:40:02] Tree method is selected to be 'hist', which uses a single updater grow_fast_histmaker.
[CV 1/2; 3/45] END gamma=0.5, max_depth=3, min_child_weight=10;, score=0.889 total time= 5.8min
[CV 1/2; 5/45] START gamma=0.5, max_depth=4, min_child_weight=5.................
[15:45:50] Tree method is selected to be 'hist', which uses a single updater grow_fast_histmaker.
[CV 1/2; 5/45] END gamma=0.5, max_depth=4, min_child_weight=5;, score=0.894 total time=11.7min
[CV 1/2; 9/45] START gamma=0.5, max_depth=5, min_child_weight=10................
[15:57:36] Tree method is selected to be 'hist', which uses a single updater grow_fast_histmaker.
[CV 1/2; 9/45] END gamma=0.5, max_depth=5, min_child_weight=10;, score=0.895 total time=23.3min
[CV 2/2; 16/45] START gamma=1, max_depth=5, min_child_weight=1..................
[16:20:54] Tree method is selected to be 'hist', which uses a single updater grow_fast_histmaker.
[CV 2/2; 16/45] END gamma=1, max_depth=5, min_child_weight=1;, score=0.894 total time=23.5min
[CV 2/2; 22/45] START gamma=1.5, max_depth=4, min_child_weight=1................
[16:44:25] Tree method is selected to be 'hist', which uses a single updater grow_fast_histmaker.
[CV 2/2; 22/45] END gamma=1.5, max_depth=4, min_child_weight=1;, score=0.893 total time=11.7min
[CV 2/2; 26/45] START gamma=1.5, max_depth=5, min_child_weight=5................
[16:56:08] Tree method is selected to be 'hist', which uses a single updater grow_fast_histmaker.
[CV 2/2; 26/45] END gamma=1.5, max_depth=5, min_child_weight=5;, score=0.895 total time=23.4min
[CV 2/2; 34/45] START gamma=2, max_depth=5, min_child_weight=1..................
[17:19:33] Tree method is selected to be 'hist', which uses a single updater grow_fast_histmaker.
[CV 2/2; 34/45] END gamma=2, max_depth=5, min_child_weight=1;, score=0.894 total time=23.7min
[CV 2/2; 40/45] START gamma=5, max_depth=4, min_child_weight=1..................
[17:43:13] Tree method is selected to be 'hist', which uses a single updater grow_fast_histmaker.
[CV 2/2; 40/45] END gamma=5, max_depth=4, min_child_weight=1;, score=0.893 total time=11.8min
[CV 2/2; 44/45] START gamma=5, max_depth=5, min_child_weight=5..................
[17:55:04] Tree method is selected to be 'hist', which uses a single updater grow_fast_histmaker.
[CV 2/2; 44/45] END gamma=5, max_depth=5, min_child_weight=5;, score=0.894 total time=19.9min
[CV 1/2; 4/45] START gamma=0.5, max_depth=4, min_child_weight=1.................
[15:40:02] Tree method is selected to be 'hist', which uses a single updater grow_fast_histmaker.
[CV 1/2; 4/45] END gamma=0.5, max_depth=4, min_child_weight=1;, score=0.893 total time=11.7min
[CV 2/2; 8/45] START gamma=0.5, max_depth=5, min_child_weight=5.................
[15:51:47] Tree method is selected to be 'hist', which uses a single updater grow_fast_histmaker.
[CV 2/2; 8/45] END gamma=0.5, max_depth=5, min_child_weight=5;, score=0.895 total time=23.4min
[CV 2/2; 15/45] START gamma=1, max_depth=4, min_child_weight=10.................
[16:15:12] Tree method is selected to be 'hist', which uses a single updater grow_fast_histmaker.
[CV 2/2; 15/45] END gamma=1, max_depth=4, min_child_weight=10;, score=0.894 total time=11.7min
[CV 2/2; 19/45] START gamma=1.5, max_depth=3, min_child_weight=1................
[16:26:56] Tree method is selected to be 'hist', which uses a single updater grow_fast_histmaker.
[CV 2/2; 19/45] END gamma=1.5, max_depth=3, min_child_weight=1;, score=0.889 total time= 5.8min
[CV 1/2; 20/45] START gamma=1.5, max_depth=3, min_child_weight=5................
[16:32:44] Tree method is selected to be 'hist', which uses a single updater grow_fast_histmaker.
[CV 1/2; 20/45] END gamma=1.5, max_depth=3, min_child_weight=5;, score=0.889 total time= 5.9min
[CV 1/2; 21/45] START gamma=1.5, max_depth=3, min_child_weight=10...............
[16:38:35] Tree method is selected to be 'hist', which uses a single updater grow_fast_histmaker.
[CV 1/2; 21/45] END gamma=1.5, max_depth=3, min_child_weight=10;, score=0.889 total time= 5.9min
[CV 1/2; 23/45] START gamma=1.5, max_depth=4, min_child_weight=5................
[16:44:28] Tree method is selected to be 'hist', which uses a single updater grow_fast_histmaker.
[CV 1/2; 23/45] END gamma=1.5, max_depth=4, min_child_weight=5;, score=0.894 total time=11.8min
[CV 2/2; 27/45] START gamma=1.5, max_depth=5, min_child_weight=10...............
[16:56:15] Tree method is selected to be 'hist', which uses a single updater grow_fast_histmaker.
[CV 2/2; 27/45] END gamma=1.5, max_depth=5, min_child_weight=10;, score=0.894 total time=23.1min
[CV 1/2; 33/45] START gamma=2, max_depth=4, min_child_weight=10.................
[17:19:24] Tree method is selected to be 'hist', which uses a single updater grow_fast_histmaker.
[CV 1/2; 33/45] END gamma=2, max_depth=4, min_child_weight=10;, score=0.893 total time=11.9min
[CV 2/2; 37/45] START gamma=5, max_depth=3, min_child_weight=1..................
[17:31:17] Tree method is selected to be 'hist', which uses a single updater grow_fast_histmaker.
[CV 2/2; 37/45] END gamma=5, max_depth=3, min_child_weight=1;, score=0.889 total time= 5.9min
[CV 1/2; 38/45] START gamma=5, max_depth=3, min_child_weight=5..................
[17:37:09] Tree method is selected to be 'hist', which uses a single updater grow_fast_histmaker.
[CV 1/2; 38/45] END gamma=5, max_depth=3, min_child_weight=5;, score=0.889 total time= 5.8min
[CV 1/2; 39/45] START gamma=5, max_depth=3, min_child_weight=10.................
[17:42:58] Tree method is selected to be 'hist', which uses a single updater grow_fast_histmaker.
[CV 1/2; 39/45] END gamma=5, max_depth=3, min_child_weight=10;, score=0.889 total time= 5.9min
[CV 1/2; 41/45] START gamma=5, max_depth=4, min_child_weight=5..................
[17:48:51] Tree method is selected to be 'hist', which uses a single updater grow_fast_histmaker.
[CV 1/2; 41/45] END gamma=5, max_depth=4, min_child_weight=5;, score=0.893 total time=11.7min
[CV 1/2; 45/45] START gamma=5, max_depth=5, min_child_weight=10.................
[18:00:35] Tree method is selected to be 'hist', which uses a single updater grow_fast_histmaker.
[CV 1/2; 45/45] END gamma=5, max_depth=5, min_child_weight=10;, score=0.895 total time=14.5min
[CV 2/2; 2/45] START gamma=0.5, max_depth=3, min_child_weight=5.................
[15:40:02] Tree method is selected to be 'hist', which uses a single updater grow_fast_histmaker.
[CV 2/2; 2/45] END gamma=0.5, max_depth=3, min_child_weight=5;, score=0.889 total time= 5.8min
[CV 2/2; 5/45] START gamma=0.5, max_depth=4, min_child_weight=5.................
[15:45:51] Tree method is selected to be 'hist', which uses a single updater grow_fast_histmaker.
[CV 2/2; 5/45] END gamma=0.5, max_depth=4, min_child_weight=5;, score=0.893 total time=11.8min
[CV 2/2; 9/45] START gamma=0.5, max_depth=5, min_child_weight=10................
[15:57:36] Tree method is selected to be 'hist', which uses a single updater grow_fast_histmaker.
[CV 2/2; 9/45] END gamma=0.5, max_depth=5, min_child_weight=10;, score=0.895 total time=23.2min
[CV 1/2; 16/45] START gamma=1, max_depth=5, min_child_weight=1..................
[16:20:52] Tree method is selected to be 'hist', which uses a single updater grow_fast_histmaker.
[CV 1/2; 16/45] END gamma=1, max_depth=5, min_child_weight=1;, score=0.894 total time=23.4min
[CV 1/2; 22/45] START gamma=1.5, max_depth=4, min_child_weight=1................
[16:44:18] Tree method is selected to be 'hist', which uses a single updater grow_fast_histmaker.
[CV 1/2; 22/45] END gamma=1.5, max_depth=4, min_child_weight=1;, score=0.893 total time=11.7min
[CV 1/2; 26/45] START gamma=1.5, max_depth=5, min_child_weight=5................
[16:56:03] Tree method is selected to be 'hist', which uses a single updater grow_fast_histmaker.
[CV 1/2; 26/45] END gamma=1.5, max_depth=5, min_child_weight=5;, score=0.896 total time=23.4min
[CV 2/2; 33/45] START gamma=2, max_depth=4, min_child_weight=10.................
[17:19:26] Tree method is selected to be 'hist', which uses a single updater grow_fast_histmaker.
[CV 2/2; 33/45] END gamma=2, max_depth=4, min_child_weight=10;, score=0.893 total time=11.8min
[CV 1/2; 37/45] START gamma=5, max_depth=3, min_child_weight=1..................
[17:31:16] Tree method is selected to be 'hist', which uses a single updater grow_fast_histmaker.
[CV 1/2; 37/45] END gamma=5, max_depth=3, min_child_weight=1;, score=0.889 total time= 5.9min
[CV 2/2; 38/45] START gamma=5, max_depth=3, min_child_weight=5..................
[17:37:10] Tree method is selected to be 'hist', which uses a single updater grow_fast_histmaker.
[CV 2/2; 38/45] END gamma=5, max_depth=3, min_child_weight=5;, score=0.889 total time= 5.8min
[CV 2/2; 39/45] START gamma=5, max_depth=3, min_child_weight=10.................
[17:43:00] Tree method is selected to be 'hist', which uses a single updater grow_fast_histmaker.
[CV 2/2; 39/45] END gamma=5, max_depth=3, min_child_weight=10;, score=0.889 total time= 5.9min
[CV 2/2; 41/45] START gamma=5, max_depth=4, min_child_weight=5..................
[17:48:52] Tree method is selected to be 'hist', which uses a single updater grow_fast_histmaker.
[CV 2/2; 41/45] END gamma=5, max_depth=4, min_child_weight=5;, score=0.893 total time=11.8min
[CV 2/2; 45/45] START gamma=5, max_depth=5, min_child_weight=10.................
[18:00:39] Tree method is selected to be 'hist', which uses a single updater grow_fast_histmaker.
[CV 2/2; 45/45] END gamma=5, max_depth=5, min_child_weight=10;, score=0.895 total time=14.4min
+++++++++++++++++++++++++++++++++++++++++++++++++++++++++++++++++++++++++++++++++++++++++++++++
