+++++++++++++++++++++++++++++++++DataSet++++++++++++++++++++++++++++++++++++++++++++++++++++
INFO:__main__:Generating data with the size 400000
INFO:__main__:changing Tele_Attatched into an object variable
INFO:__main__:Generating our target variable Asset_Label
INFO:__main__:Creating correlation between our variables and our target variable
INFO:__main__:When age is 60-70 and over 95 change Asset_Label to 1
INFO:__main__:When elevation is between 500-1500 change Asset_Label to 1
INFO:__main__:When Manufacturer is A, E, or H change Asset_Label to have  95% 0's
INFO:__main__:When Species is C2 or C5 change Asset_Label to have 90% to 0's
INFO:__main__:When District is NE or W change Asset_Label to have 90% to 0's
INFO:__main__:When District is Untreated change Asset_Label to have 70% to 1's
INFO:__main__:When Age is greater than 90 and Elevaation is less than 1200              and Original_treatment is Oil change Asset_Label to have 90% to 1's
INFO:__main__:=====> Time taken 0.608592 secs for data generation for the size of (400000, 34)
INFO:__main__:Saving the data to ./stock_python/data_400000.pkl ...
INFO:__main__:DONE
+++++++++++++++++++++++++++++++++Iteration1++++++++++++++++++++++++++++++++++++++++++++++++++++
INFO:__main__:Reading the dataset from ./stock_python/data_400000.pkl...
[10:54:52] Tree method is selected to be 'hist', which uses a single updater grow_fast_histmaker.
Fitting 2 folds for each of 45 candidates, totalling 90 fits
[CV 1/2; 4/45] START gamma=0.5, max_depth=4, min_child_weight=1.................
[10:54:55] Tree method is selected to be 'hist', which uses a single updater grow_fast_histmaker.
[CV 1/2; 4/45] END gamma=0.5, max_depth=4, min_child_weight=1;, score=0.894 total time=11.7min
[CV 1/2; 8/45] START gamma=0.5, max_depth=5, min_child_weight=5.................
[11:06:36] Tree method is selected to be 'hist', which uses a single updater grow_fast_histmaker.
[CV 1/2; 8/45] END gamma=0.5, max_depth=5, min_child_weight=5;, score=0.895 total time=23.0min
[CV 1/2; 14/45] START gamma=1, max_depth=4, min_child_weight=5..................
[11:29:39] Tree method is selected to be 'hist', which uses a single updater grow_fast_histmaker.
[CV 1/2; 14/45] END gamma=1, max_depth=4, min_child_weight=5;, score=0.894 total time=11.7min
[CV 1/2; 18/45] START gamma=1, max_depth=5, min_child_weight=10.................
[11:41:23] Tree method is selected to be 'hist', which uses a single updater grow_fast_histmaker.
[CV 1/2; 18/45] END gamma=1, max_depth=5, min_child_weight=10;, score=0.895 total time=22.9min
[CV 1/2; 25/45] START gamma=1.5, max_depth=5, min_child_weight=1................
[12:04:18] Tree method is selected to be 'hist', which uses a single updater grow_fast_histmaker.
[CV 1/2; 25/45] END gamma=1.5, max_depth=5, min_child_weight=1;, score=0.895 total time=23.6min
[CV 1/2; 31/45] START gamma=2, max_depth=4, min_child_weight=1..................
[12:27:53] Tree method is selected to be 'hist', which uses a single updater grow_fast_histmaker.
[CV 1/2; 31/45] END gamma=2, max_depth=4, min_child_weight=1;, score=0.894 total time=11.7min
[CV 1/2; 35/45] START gamma=2, max_depth=5, min_child_weight=5..................
[12:39:37] Tree method is selected to be 'hist', which uses a single updater grow_fast_histmaker.
[CV 1/2; 35/45] END gamma=2, max_depth=5, min_child_weight=5;, score=0.894 total time=23.3min
[CV 2/2; 42/45] START gamma=5, max_depth=4, min_child_weight=10.................
[13:02:55] Tree method is selected to be 'hist', which uses a single updater grow_fast_histmaker.
[CV 2/2; 42/45] END gamma=5, max_depth=4, min_child_weight=10;, score=0.891 total time=11.6min
[CV 1/2; 1/45] START gamma=0.5, max_depth=3, min_child_weight=1.................
[10:54:54] Tree method is selected to be 'hist', which uses a single updater grow_fast_histmaker.
[CV 1/2; 1/45] END gamma=0.5, max_depth=3, min_child_weight=1;, score=0.890 total time= 5.8min
[CV 2/2; 7/45] START gamma=0.5, max_depth=5, min_child_weight=1.................
[11:00:43] Tree method is selected to be 'hist', which uses a single updater grow_fast_histmaker.
[CV 2/2; 7/45] END gamma=0.5, max_depth=5, min_child_weight=1;, score=0.892 total time=23.5min
[CV 1/2; 13/45] START gamma=1, max_depth=4, min_child_weight=1..................
[11:24:14] Tree method is selected to be 'hist', which uses a single updater grow_fast_histmaker.
[CV 1/2; 13/45] END gamma=1, max_depth=4, min_child_weight=1;, score=0.894 total time=11.7min
[CV 1/2; 17/45] START gamma=1, max_depth=5, min_child_weight=5..................
[11:35:56] Tree method is selected to be 'hist', which uses a single updater grow_fast_histmaker.
[CV 1/2; 17/45] END gamma=1, max_depth=5, min_child_weight=5;, score=0.894 total time=23.2min
[CV 1/2; 24/45] START gamma=1.5, max_depth=4, min_child_weight=10...............
[11:59:10] Tree method is selected to be 'hist', which uses a single updater grow_fast_histmaker.
[CV 1/2; 24/45] END gamma=1.5, max_depth=4, min_child_weight=10;, score=0.894 total time=11.7min
[CV 1/2; 28/45] START gamma=2, max_depth=3, min_child_weight=1..................
[12:10:53] Tree method is selected to be 'hist', which uses a single updater grow_fast_histmaker.
[CV 1/2; 28/45] END gamma=2, max_depth=3, min_child_weight=1;, score=0.890 total time= 5.8min
[CV 1/2; 29/45] START gamma=2, max_depth=3, min_child_weight=5..................
[12:16:41] Tree method is selected to be 'hist', which uses a single updater grow_fast_histmaker.
[CV 1/2; 29/45] END gamma=2, max_depth=3, min_child_weight=5;, score=0.890 total time= 5.8min
[CV 1/2; 30/45] START gamma=2, max_depth=3, min_child_weight=10.................
[12:22:30] Tree method is selected to be 'hist', which uses a single updater grow_fast_histmaker.
[CV 1/2; 30/45] END gamma=2, max_depth=3, min_child_weight=10;, score=0.890 total time= 5.8min
[CV 1/2; 32/45] START gamma=2, max_depth=4, min_child_weight=5..................
[12:28:17] Tree method is selected to be 'hist', which uses a single updater grow_fast_histmaker.
[CV 1/2; 32/45] END gamma=2, max_depth=4, min_child_weight=5;, score=0.894 total time=11.7min
[CV 1/2; 36/45] START gamma=2, max_depth=5, min_child_weight=10.................
[12:40:02] Tree method is selected to be 'hist', which uses a single updater grow_fast_histmaker.
[CV 1/2; 36/45] END gamma=2, max_depth=5, min_child_weight=10;, score=0.895 total time=22.8min
[CV 1/2; 42/45] START gamma=5, max_depth=4, min_child_weight=10.................
[13:02:52] Tree method is selected to be 'hist', which uses a single updater grow_fast_histmaker.
[CV 1/2; 42/45] END gamma=5, max_depth=4, min_child_weight=10;, score=0.893 total time=11.7min
INFO:__main__:=====> Time taken 9216.314422 secs                 for training and prediction for the data size of (400000, 34)
INFO:__main__:=====> Training Time 1.790523 secs
INFO:__main__:=====> Prediction Time 0.058127 secs
INFO:__main__:=====> XGBoost accuracy score 0.890640
INFO:__main__:DONE
[13:28:26] Tree method is selected to be 'hist', which uses a single updater grow_fast_histmaker.
Time taken: %i hours %i minutes and %s seconds. (2.0, 33.0, 34.2)
[CV 2/2; 3/45] START gamma=0.5, max_depth=3, min_child_weight=10................
[10:54:54] Tree method is selected to be 'hist', which uses a single updater grow_fast_histmaker.
[CV 2/2; 3/45] END gamma=0.5, max_depth=3, min_child_weight=10;, score=0.888 total time= 5.8min
[CV 1/2; 6/45] START gamma=0.5, max_depth=4, min_child_weight=10................
[11:00:42] Tree method is selected to be 'hist', which uses a single updater grow_fast_histmaker.
[CV 1/2; 6/45] END gamma=0.5, max_depth=4, min_child_weight=10;, score=0.894 total time=11.7min
[CV 2/2; 10/45] START gamma=1, max_depth=3, min_child_weight=1..................
[11:12:26] Tree method is selected to be 'hist', which uses a single updater grow_fast_histmaker.
[CV 2/2; 10/45] END gamma=1, max_depth=3, min_child_weight=1;, score=0.888 total time= 5.8min
[CV 2/2; 11/45] START gamma=1, max_depth=3, min_child_weight=5..................
[11:18:12] Tree method is selected to be 'hist', which uses a single updater grow_fast_histmaker.
[CV 2/2; 11/45] END gamma=1, max_depth=3, min_child_weight=5;, score=0.888 total time= 5.8min
[CV 2/2; 12/45] START gamma=1, max_depth=3, min_child_weight=10.................
[11:24:01] Tree method is selected to be 'hist', which uses a single updater grow_fast_histmaker.
[CV 2/2; 12/45] END gamma=1, max_depth=3, min_child_weight=10;, score=0.888 total time= 5.7min
[CV 1/2; 15/45] START gamma=1, max_depth=4, min_child_weight=10.................
[11:29:44] Tree method is selected to be 'hist', which uses a single updater grow_fast_histmaker.
[CV 1/2; 15/45] END gamma=1, max_depth=4, min_child_weight=10;, score=0.894 total time=11.7min
[CV 2/2; 18/45] START gamma=1, max_depth=5, min_child_weight=10.................
[11:41:25] Tree method is selected to be 'hist', which uses a single updater grow_fast_histmaker.
[CV 2/2; 18/45] END gamma=1, max_depth=5, min_child_weight=10;, score=0.894 total time=23.0min
[CV 2/2; 25/45] START gamma=1.5, max_depth=5, min_child_weight=1................
[12:04:24] Tree method is selected to be 'hist', which uses a single updater grow_fast_histmaker.
[CV 2/2; 25/45] END gamma=1.5, max_depth=5, min_child_weight=1;, score=0.894 total time=23.6min
[CV 2/2; 31/45] START gamma=2, max_depth=4, min_child_weight=1..................
[12:27:59] Tree method is selected to be 'hist', which uses a single updater grow_fast_histmaker.
[CV 2/2; 31/45] END gamma=2, max_depth=4, min_child_weight=1;, score=0.892 total time=11.7min
[CV 2/2; 35/45] START gamma=2, max_depth=5, min_child_weight=5..................
[12:39:44] Tree method is selected to be 'hist', which uses a single updater grow_fast_histmaker.
[CV 2/2; 35/45] END gamma=2, max_depth=5, min_child_weight=5;, score=0.894 total time=23.2min
[CV 1/2; 43/45] START gamma=5, max_depth=5, min_child_weight=1..................
[13:02:58] Tree method is selected to be 'hist', which uses a single updater grow_fast_histmaker.
[CV 1/2; 43/45] END gamma=5, max_depth=5, min_child_weight=1;, score=0.895 total time=22.5min
[CV 1/2; 2/45] START gamma=0.5, max_depth=3, min_child_weight=5.................
[10:54:54] Tree method is selected to be 'hist', which uses a single updater grow_fast_histmaker.
[CV 1/2; 2/45] END gamma=0.5, max_depth=3, min_child_weight=5;, score=0.890 total time= 5.8min
[CV 1/2; 7/45] START gamma=0.5, max_depth=5, min_child_weight=1.................
[11:00:43] Tree method is selected to be 'hist', which uses a single updater grow_fast_histmaker.
[CV 1/2; 7/45] END gamma=0.5, max_depth=5, min_child_weight=1;, score=0.895 total time=23.5min
[CV 2/2; 13/45] START gamma=1, max_depth=4, min_child_weight=1..................
[11:24:14] Tree method is selected to be 'hist', which uses a single updater grow_fast_histmaker.
[CV 2/2; 13/45] END gamma=1, max_depth=4, min_child_weight=1;, score=0.892 total time=11.7min
[CV 2/2; 17/45] START gamma=1, max_depth=5, min_child_weight=5..................
[11:35:57] Tree method is selected to be 'hist', which uses a single updater grow_fast_histmaker.
[CV 2/2; 17/45] END gamma=1, max_depth=5, min_child_weight=5;, score=0.894 total time=23.3min
[CV 2/2; 24/45] START gamma=1.5, max_depth=4, min_child_weight=10...............
[11:59:15] Tree method is selected to be 'hist', which uses a single updater grow_fast_histmaker.
[CV 2/2; 24/45] END gamma=1.5, max_depth=4, min_child_weight=10;, score=0.892 total time=11.7min
[CV 2/2; 28/45] START gamma=2, max_depth=3, min_child_weight=1..................
[12:10:58] Tree method is selected to be 'hist', which uses a single updater grow_fast_histmaker.
[CV 2/2; 28/45] END gamma=2, max_depth=3, min_child_weight=1;, score=0.888 total time= 5.8min
[CV 2/2; 29/45] START gamma=2, max_depth=3, min_child_weight=5..................
[12:16:46] Tree method is selected to be 'hist', which uses a single updater grow_fast_histmaker.
[CV 2/2; 29/45] END gamma=2, max_depth=3, min_child_weight=5;, score=0.888 total time= 5.8min
[CV 2/2; 30/45] START gamma=2, max_depth=3, min_child_weight=10.................
[12:22:36] Tree method is selected to be 'hist', which uses a single updater grow_fast_histmaker.
[CV 2/2; 30/45] END gamma=2, max_depth=3, min_child_weight=10;, score=0.888 total time= 5.8min
[CV 2/2; 32/45] START gamma=2, max_depth=4, min_child_weight=5..................
[12:28:26] Tree method is selected to be 'hist', which uses a single updater grow_fast_histmaker.
[CV 2/2; 32/45] END gamma=2, max_depth=4, min_child_weight=5;, score=0.892 total time=11.8min
[CV 2/2; 36/45] START gamma=2, max_depth=5, min_child_weight=10.................
[12:40:14] Tree method is selected to be 'hist', which uses a single updater grow_fast_histmaker.
[CV 2/2; 36/45] END gamma=2, max_depth=5, min_child_weight=10;, score=0.894 total time=22.9min
[CV 2/2; 43/45] START gamma=5, max_depth=5, min_child_weight=1..................
[13:03:10] Tree method is selected to be 'hist', which uses a single updater grow_fast_histmaker.
[CV 2/2; 43/45] END gamma=5, max_depth=5, min_child_weight=1;, score=0.894 total time=22.3min
[CV 2/2; 1/45] START gamma=0.5, max_depth=3, min_child_weight=1.................
[10:54:54] Tree method is selected to be 'hist', which uses a single updater grow_fast_histmaker.
[CV 2/2; 1/45] END gamma=0.5, max_depth=3, min_child_weight=1;, score=0.888 total time= 5.7min
[CV 1/2; 5/45] START gamma=0.5, max_depth=4, min_child_weight=5.................
[11:00:40] Tree method is selected to be 'hist', which uses a single updater grow_fast_histmaker.
[CV 1/2; 5/45] END gamma=0.5, max_depth=4, min_child_weight=5;, score=0.894 total time=11.6min
[CV 1/2; 9/45] START gamma=0.5, max_depth=5, min_child_weight=10................
[11:12:19] Tree method is selected to be 'hist', which uses a single updater grow_fast_histmaker.
[CV 1/2; 9/45] END gamma=0.5, max_depth=5, min_child_weight=10;, score=0.895 total time=22.7min
[CV 1/2; 16/45] START gamma=1, max_depth=5, min_child_weight=1..................
[11:35:02] Tree method is selected to be 'hist', which uses a single updater grow_fast_histmaker.
[CV 1/2; 16/45] END gamma=1, max_depth=5, min_child_weight=1;, score=0.894 total time=23.5min
[CV 1/2; 22/45] START gamma=1.5, max_depth=4, min_child_weight=1................
[11:58:32] Tree method is selected to be 'hist', which uses a single updater grow_fast_histmaker.
[CV 1/2; 22/45] END gamma=1.5, max_depth=4, min_child_weight=1;, score=0.894 total time=11.8min
[CV 1/2; 26/45] START gamma=1.5, max_depth=5, min_child_weight=5................
[12:10:21] Tree method is selected to be 'hist', which uses a single updater grow_fast_histmaker.
[CV 1/2; 26/45] END gamma=1.5, max_depth=5, min_child_weight=5;, score=0.895 total time=23.2min
[CV 1/2; 34/45] START gamma=2, max_depth=5, min_child_weight=1..................
[12:33:34] Tree method is selected to be 'hist', which uses a single updater grow_fast_histmaker.
[CV 1/2; 34/45] END gamma=2, max_depth=5, min_child_weight=1;, score=0.895 total time=23.5min
[CV 1/2; 40/45] START gamma=5, max_depth=4, min_child_weight=1..................
[12:57:06] Tree method is selected to be 'hist', which uses a single updater grow_fast_histmaker.
[CV 1/2; 40/45] END gamma=5, max_depth=4, min_child_weight=1;, score=0.894 total time=11.8min
[CV 1/2; 44/45] START gamma=5, max_depth=5, min_child_weight=5..................
[13:08:52] Tree method is selected to be 'hist', which uses a single updater grow_fast_histmaker.
[CV 1/2; 44/45] END gamma=5, max_depth=5, min_child_weight=5;, score=0.895 total time=19.4min
[CV 2/2; 2/45] START gamma=0.5, max_depth=3, min_child_weight=5.................
[10:54:54] Tree method is selected to be 'hist', which uses a single updater grow_fast_histmaker.
[CV 2/2; 2/45] END gamma=0.5, max_depth=3, min_child_weight=5;, score=0.888 total time= 5.8min
[CV 2/2; 6/45] START gamma=0.5, max_depth=4, min_child_weight=10................
[11:00:42] Tree method is selected to be 'hist', which uses a single updater grow_fast_histmaker.
[CV 2/2; 6/45] END gamma=0.5, max_depth=4, min_child_weight=10;, score=0.892 total time=11.7min
[CV 2/2; 9/45] START gamma=0.5, max_depth=5, min_child_weight=10................
[11:12:23] Tree method is selected to be 'hist', which uses a single updater grow_fast_histmaker.
[CV 2/2; 9/45] END gamma=0.5, max_depth=5, min_child_weight=10;, score=0.892 total time=22.8min
[CV 2/2; 16/45] START gamma=1, max_depth=5, min_child_weight=1..................
[11:35:11] Tree method is selected to be 'hist', which uses a single updater grow_fast_histmaker.
[CV 2/2; 16/45] END gamma=1, max_depth=5, min_child_weight=1;, score=0.894 total time=23.5min
[CV 2/2; 22/45] START gamma=1.5, max_depth=4, min_child_weight=1................
[11:58:38] Tree method is selected to be 'hist', which uses a single updater grow_fast_histmaker.
[CV 2/2; 22/45] END gamma=1.5, max_depth=4, min_child_weight=1;, score=0.892 total time=11.7min
[CV 2/2; 26/45] START gamma=1.5, max_depth=5, min_child_weight=5................
[12:10:22] Tree method is selected to be 'hist', which uses a single updater grow_fast_histmaker.
[CV 2/2; 26/45] END gamma=1.5, max_depth=5, min_child_weight=5;, score=0.893 total time=23.3min
[CV 2/2; 34/45] START gamma=2, max_depth=5, min_child_weight=1..................
[12:33:42] Tree method is selected to be 'hist', which uses a single updater grow_fast_histmaker.
[CV 2/2; 34/45] END gamma=2, max_depth=5, min_child_weight=1;, score=0.894 total time=23.6min
[CV 2/2; 40/45] START gamma=5, max_depth=4, min_child_weight=1..................
[12:57:15] Tree method is selected to be 'hist', which uses a single updater grow_fast_histmaker.
[CV 2/2; 40/45] END gamma=5, max_depth=4, min_child_weight=1;, score=0.891 total time=11.7min
[CV 2/2; 44/45] START gamma=5, max_depth=5, min_child_weight=5..................
[13:09:00] Tree method is selected to be 'hist', which uses a single updater grow_fast_histmaker.
[CV 2/2; 44/45] END gamma=5, max_depth=5, min_child_weight=5;, score=0.892 total time=19.4min
[CV 2/2; 4/45] START gamma=0.5, max_depth=4, min_child_weight=1.................
[10:54:55] Tree method is selected to be 'hist', which uses a single updater grow_fast_histmaker.
[CV 2/2; 4/45] END gamma=0.5, max_depth=4, min_child_weight=1;, score=0.892 total time=11.7min
[CV 2/2; 8/45] START gamma=0.5, max_depth=5, min_child_weight=5.................
[11:06:37] Tree method is selected to be 'hist', which uses a single updater grow_fast_histmaker.
[CV 2/2; 8/45] END gamma=0.5, max_depth=5, min_child_weight=5;, score=0.893 total time=23.1min
[CV 2/2; 14/45] START gamma=1, max_depth=4, min_child_weight=5..................
[11:29:43] Tree method is selected to be 'hist', which uses a single updater grow_fast_histmaker.
[CV 2/2; 14/45] END gamma=1, max_depth=4, min_child_weight=5;, score=0.891 total time=11.7min
[CV 2/2; 19/45] START gamma=1.5, max_depth=3, min_child_weight=1................
[11:41:28] Tree method is selected to be 'hist', which uses a single updater grow_fast_histmaker.
[CV 2/2; 19/45] END gamma=1.5, max_depth=3, min_child_weight=1;, score=0.888 total time= 5.8min
[CV 2/2; 20/45] START gamma=1.5, max_depth=3, min_child_weight=5................
[11:47:17] Tree method is selected to be 'hist', which uses a single updater grow_fast_histmaker.
[CV 2/2; 20/45] END gamma=1.5, max_depth=3, min_child_weight=5;, score=0.888 total time= 5.8min
[CV 2/2; 21/45] START gamma=1.5, max_depth=3, min_child_weight=10...............
[11:53:04] Tree method is selected to be 'hist', which uses a single updater grow_fast_histmaker.
[CV 2/2; 21/45] END gamma=1.5, max_depth=3, min_child_weight=10;, score=0.888 total time= 5.8min
[CV 2/2; 23/45] START gamma=1.5, max_depth=4, min_child_weight=5................
[11:58:55] Tree method is selected to be 'hist', which uses a single updater grow_fast_histmaker.
[CV 2/2; 23/45] END gamma=1.5, max_depth=4, min_child_weight=5;, score=0.891 total time=11.8min
[CV 2/2; 27/45] START gamma=1.5, max_depth=5, min_child_weight=10...............
[12:10:41] Tree method is selected to be 'hist', which uses a single updater grow_fast_histmaker.
[CV 2/2; 27/45] END gamma=1.5, max_depth=5, min_child_weight=10;, score=0.893 total time=22.8min
[CV 2/2; 33/45] START gamma=2, max_depth=4, min_child_weight=10.................
[12:33:28] Tree method is selected to be 'hist', which uses a single updater grow_fast_histmaker.
[CV 2/2; 33/45] END gamma=2, max_depth=4, min_child_weight=10;, score=0.892 total time=11.7min
[CV 2/2; 37/45] START gamma=5, max_depth=3, min_child_weight=1..................
[12:45:09] Tree method is selected to be 'hist', which uses a single updater grow_fast_histmaker.
[CV 2/2; 37/45] END gamma=5, max_depth=3, min_child_weight=1;, score=0.888 total time= 5.8min
[CV 2/2; 38/45] START gamma=5, max_depth=3, min_child_weight=5..................
[12:50:57] Tree method is selected to be 'hist', which uses a single updater grow_fast_histmaker.
[CV 2/2; 38/45] END gamma=5, max_depth=3, min_child_weight=5;, score=0.888 total time= 5.8min
[CV 2/2; 39/45] START gamma=5, max_depth=3, min_child_weight=10.................
[12:56:45] Tree method is selected to be 'hist', which uses a single updater grow_fast_histmaker.
[CV 2/2; 39/45] END gamma=5, max_depth=3, min_child_weight=10;, score=0.888 total time= 5.8min
[CV 2/2; 41/45] START gamma=5, max_depth=4, min_child_weight=5..................
[13:02:35] Tree method is selected to be 'hist', which uses a single updater grow_fast_histmaker.
[CV 2/2; 41/45] END gamma=5, max_depth=4, min_child_weight=5;, score=0.891 total time=11.7min
[CV 1/2; 45/45] START gamma=5, max_depth=5, min_child_weight=10.................
[13:14:15] Tree method is selected to be 'hist', which uses a single updater grow_fast_histmaker.
[CV 1/2; 45/45] END gamma=5, max_depth=5, min_child_weight=10;, score=0.895 total time=14.2min
[CV 1/2; 3/45] START gamma=0.5, max_depth=3, min_child_weight=10................
[10:54:54] Tree method is selected to be 'hist', which uses a single updater grow_fast_histmaker.
[CV 1/2; 3/45] END gamma=0.5, max_depth=3, min_child_weight=10;, score=0.890 total time= 5.8min
[CV 2/2; 5/45] START gamma=0.5, max_depth=4, min_child_weight=5.................
[11:00:41] Tree method is selected to be 'hist', which uses a single updater grow_fast_histmaker.
[CV 2/2; 5/45] END gamma=0.5, max_depth=4, min_child_weight=5;, score=0.892 total time=11.7min
[CV 1/2; 10/45] START gamma=1, max_depth=3, min_child_weight=1..................
[11:12:24] Tree method is selected to be 'hist', which uses a single updater grow_fast_histmaker.
[CV 1/2; 10/45] END gamma=1, max_depth=3, min_child_weight=1;, score=0.890 total time= 5.8min
[CV 1/2; 11/45] START gamma=1, max_depth=3, min_child_weight=5..................
[11:18:12] Tree method is selected to be 'hist', which uses a single updater grow_fast_histmaker.
[CV 1/2; 11/45] END gamma=1, max_depth=3, min_child_weight=5;, score=0.890 total time= 5.8min
[CV 1/2; 12/45] START gamma=1, max_depth=3, min_child_weight=10.................
[11:24:00] Tree method is selected to be 'hist', which uses a single updater grow_fast_histmaker.
[CV 1/2; 12/45] END gamma=1, max_depth=3, min_child_weight=10;, score=0.890 total time= 5.8min
[CV 2/2; 15/45] START gamma=1, max_depth=4, min_child_weight=10.................
[11:29:48] Tree method is selected to be 'hist', which uses a single updater grow_fast_histmaker.
[CV 2/2; 15/45] END gamma=1, max_depth=4, min_child_weight=10;, score=0.892 total time=11.6min
[CV 1/2; 19/45] START gamma=1.5, max_depth=3, min_child_weight=1................
[11:41:26] Tree method is selected to be 'hist', which uses a single updater grow_fast_histmaker.
[CV 1/2; 19/45] END gamma=1.5, max_depth=3, min_child_weight=1;, score=0.890 total time= 5.8min
[CV 1/2; 20/45] START gamma=1.5, max_depth=3, min_child_weight=5................
[11:47:15] Tree method is selected to be 'hist', which uses a single updater grow_fast_histmaker.
[CV 1/2; 20/45] END gamma=1.5, max_depth=3, min_child_weight=5;, score=0.890 total time= 5.8min
[CV 1/2; 21/45] START gamma=1.5, max_depth=3, min_child_weight=10...............
[11:53:03] Tree method is selected to be 'hist', which uses a single updater grow_fast_histmaker.
[CV 1/2; 21/45] END gamma=1.5, max_depth=3, min_child_weight=10;, score=0.890 total time= 5.8min
[CV 1/2; 23/45] START gamma=1.5, max_depth=4, min_child_weight=5................
[11:58:54] Tree method is selected to be 'hist', which uses a single updater grow_fast_histmaker.
[CV 1/2; 23/45] END gamma=1.5, max_depth=4, min_child_weight=5;, score=0.894 total time=11.8min
[CV 1/2; 27/45] START gamma=1.5, max_depth=5, min_child_weight=10...............
[12:10:41] Tree method is selected to be 'hist', which uses a single updater grow_fast_histmaker.
[CV 1/2; 27/45] END gamma=1.5, max_depth=5, min_child_weight=10;, score=0.895 total time=22.7min
[CV 1/2; 33/45] START gamma=2, max_depth=4, min_child_weight=10.................
[12:33:25] Tree method is selected to be 'hist', which uses a single updater grow_fast_histmaker.
[CV 1/2; 33/45] END gamma=2, max_depth=4, min_child_weight=10;, score=0.894 total time=11.7min
[CV 1/2; 37/45] START gamma=5, max_depth=3, min_child_weight=1..................
[12:45:09] Tree method is selected to be 'hist', which uses a single updater grow_fast_histmaker.
[CV 1/2; 37/45] END gamma=5, max_depth=3, min_child_weight=1;, score=0.889 total time= 5.8min
[CV 1/2; 38/45] START gamma=5, max_depth=3, min_child_weight=5..................
[12:50:57] Tree method is selected to be 'hist', which uses a single updater grow_fast_histmaker.
[CV 1/2; 38/45] END gamma=5, max_depth=3, min_child_weight=5;, score=0.889 total time= 5.8min
[CV 1/2; 39/45] START gamma=5, max_depth=3, min_child_weight=10.................
[12:56:44] Tree method is selected to be 'hist', which uses a single updater grow_fast_histmaker.
[CV 1/2; 39/45] END gamma=5, max_depth=3, min_child_weight=10;, score=0.889 total time= 5.8min
[CV 1/2; 41/45] START gamma=5, max_depth=4, min_child_weight=5..................
[13:02:34] Tree method is selected to be 'hist', which uses a single updater grow_fast_histmaker.
[CV 1/2; 41/45] END gamma=5, max_depth=4, min_child_weight=5;, score=0.894 total time=11.8min
[CV 2/2; 45/45] START gamma=5, max_depth=5, min_child_weight=10.................
[13:14:20] Tree method is selected to be 'hist', which uses a single updater grow_fast_histmaker.
[CV 2/2; 45/45] END gamma=5, max_depth=5, min_child_weight=10;, score=0.893 total time=14.1min
+++++++++++++++++++++++++++++++++++++++++++++++++++++++++++++++++++++++++++++++++++++++++++++++
