+++++++++++++++++++++++++++++++++DataSet++++++++++++++++++++++++++++++++++++++++++++++++++++
INFO:__main__:Generating data with the size 2000000
INFO:__main__:changing Tele_Attatched into an object variable
INFO:__main__:Generating our target variable Asset_Label
INFO:__main__:Creating correlation between our variables and our target variable
INFO:__main__:When age is 60-70 and over 95 change Asset_Label to 1
INFO:__main__:When elevation is between 500-1500 change Asset_Label to 1
INFO:__main__:When Manufacturer is A, E, or H change Asset_Label to have  95% 0's
INFO:__main__:When Species is C2 or C5 change Asset_Label to have 90% to 0's
INFO:__main__:When District is NE or W change Asset_Label to have 90% to 0's
INFO:__main__:When District is Untreated change Asset_Label to have 70% to 1's
INFO:__main__:When Age is greater than 90 and Elevaation is less than 1200              and Original_treatment is Oil change Asset_Label to have 90% to 1's
INFO:__main__:=====> Time taken 3.133874 secs for data generation for the size of (2000000, 34)
INFO:__main__:Saving the data to ./stock_python/data_2000000.pkl ...
INFO:__main__:DONE
+++++++++++++++++++++++++++++++++Iteration1++++++++++++++++++++++++++++++++++++++++++++++++++++
INFO:__main__:Reading the dataset from ./stock_python/data_2000000.pkl...
[18:22:01] Tree method is selected to be 'hist', which uses a single updater grow_fast_histmaker.
Fitting 2 folds for each of 45 candidates, totalling 90 fits
Traceback (most recent call last):
  File "/home/azureuser/pam/./src/train_predict_pam.py", line 189, in <module>
    random_search.fit(X_train_scaled_transformed, y_train)
  File "/home/azureuser/miniconda3/envs/stock_python/lib/python3.9/site-packages/sklearn/model_selection/_search.py", line 891, in fit
    self._run_search(evaluate_candidates)
  File "/home/azureuser/miniconda3/envs/stock_python/lib/python3.9/site-packages/sklearn/model_selection/_search.py", line 1392, in _run_search
    evaluate_candidates(ParameterGrid(self.param_grid))
  File "/home/azureuser/miniconda3/envs/stock_python/lib/python3.9/site-packages/sklearn/model_selection/_search.py", line 838, in evaluate_candidates
    out = parallel(
  File "/home/azureuser/miniconda3/envs/stock_python/lib/python3.9/site-packages/joblib/parallel.py", line 1056, in __call__
    self.retrieve()
  File "/home/azureuser/miniconda3/envs/stock_python/lib/python3.9/site-packages/joblib/parallel.py", line 935, in retrieve
    self._output.extend(job.get(timeout=self.timeout))
  File "/home/azureuser/miniconda3/envs/stock_python/lib/python3.9/site-packages/joblib/_parallel_backends.py", line 542, in wrap_future_result
    return future.result(timeout=timeout)
  File "/home/azureuser/miniconda3/envs/stock_python/lib/python3.9/concurrent/futures/_base.py", line 441, in result
    self._condition.wait(timeout)
  File "/home/azureuser/miniconda3/envs/stock_python/lib/python3.9/threading.py", line 312, in wait
    waiter.acquire()
KeyboardInterrupt
