+++++++++++++++++++++++++++++++++DataSet++++++++++++++++++++++++++++++++++++++++++++++++++++
INFO:__main__:Generating data with the size 50000
INFO:__main__:changing Tele_Attatched into an object variable
INFO:__main__:Generating our target variable Asset_Label
INFO:__main__:Creating correlation between our variables and our target variable
INFO:__main__:When age is 60-70 and over 95 change Asset_Label to 1
INFO:__main__:When elevation is between 500-1500 change Asset_Label to 1
INFO:__main__:When Manufacturer is A, E, or H change Asset_Label to have  95% 0's
INFO:__main__:When Species is C2 or C5 change Asset_Label to have 90% to 0's
INFO:__main__:When District is NE or W change Asset_Label to have 90% to 0's
INFO:__main__:When District is Untreated change Asset_Label to have 70% to 1's
INFO:__main__:When Age is greater than 90 and Elevaation is less than 1200              and Original_treatment is Oil change Asset_Label to have 90% to 1's
INFO:__main__:=====> Time taken 0.083694 secs for data generation for the size of (50000, 34)
INFO:__main__:Saving the data to ./stock_python/data_50000.pkl ...
INFO:__main__:DONE
+++++++++++++++++++++++++++++++++Iteration1++++++++++++++++++++++++++++++++++++++++++++++++++++
INFO:__main__:Reading the dataset from ./stock_python/data_50000.pkl...
[15:38:59] Tree method is selected to be 'hist', which uses a single updater grow_fast_histmaker.
Fitting 2 folds for each of 45 candidates, totalling 90 fits
[CV 1/2; 4/45] START gamma=0.5, max_depth=4, min_child_weight=1.................
[15:39:00] Tree method is selected to be 'hist', which uses a single updater grow_fast_histmaker.
[CV 1/2; 4/45] END gamma=0.5, max_depth=4, min_child_weight=1;, score=0.893 total time=11.7min
[CV 2/2; 8/45] START gamma=0.5, max_depth=5, min_child_weight=5.................
[15:50:41] Tree method is selected to be 'hist', which uses a single updater grow_fast_histmaker.
[CV 2/2; 8/45] END gamma=0.5, max_depth=5, min_child_weight=5;, score=0.895 total time=20.6min
[CV 2/2; 14/45] START gamma=1, max_depth=4, min_child_weight=5..................
[16:11:18] Tree method is selected to be 'hist', which uses a single updater grow_fast_histmaker.
[CV 2/2; 14/45] END gamma=1, max_depth=4, min_child_weight=5;, score=0.893 total time=11.3min
[CV 1/2; 18/45] START gamma=1, max_depth=5, min_child_weight=10.................
[16:22:34] Tree method is selected to be 'hist', which uses a single updater grow_fast_histmaker.
[CV 1/2; 18/45] END gamma=1, max_depth=5, min_child_weight=10;, score=0.896 total time=18.6min
[CV 1/2; 24/45] START gamma=1.5, max_depth=4, min_child_weight=10...............
[16:41:09] Tree method is selected to be 'hist', which uses a single updater grow_fast_histmaker.
[CV 1/2; 24/45] END gamma=1.5, max_depth=4, min_child_weight=10;, score=0.894 total time=11.1min
[CV 1/2; 28/45] START gamma=2, max_depth=3, min_child_weight=1..................
[16:52:13] Tree method is selected to be 'hist', which uses a single updater grow_fast_histmaker.
[CV 1/2; 28/45] END gamma=2, max_depth=3, min_child_weight=1;, score=0.890 total time= 5.8min
[CV 1/2; 29/45] START gamma=2, max_depth=3, min_child_weight=5..................
[16:58:01] Tree method is selected to be 'hist', which uses a single updater grow_fast_histmaker.
[CV 1/2; 29/45] END gamma=2, max_depth=3, min_child_weight=5;, score=0.890 total time= 5.8min
[CV 1/2; 30/45] START gamma=2, max_depth=3, min_child_weight=10.................
[17:03:47] Tree method is selected to be 'hist', which uses a single updater grow_fast_histmaker.
[CV 1/2; 30/45] END gamma=2, max_depth=3, min_child_weight=10;, score=0.890 total time= 5.8min
[CV 1/2; 33/45] START gamma=2, max_depth=4, min_child_weight=10.................
[17:09:34] Tree method is selected to be 'hist', which uses a single updater grow_fast_histmaker.
[CV 1/2; 33/45] END gamma=2, max_depth=4, min_child_weight=10;, score=0.893 total time=11.2min
[CV 2/2; 37/45] START gamma=5, max_depth=3, min_child_weight=1..................
[17:20:47] Tree method is selected to be 'hist', which uses a single updater grow_fast_histmaker.
[CV 2/2; 37/45] END gamma=5, max_depth=3, min_child_weight=1;, score=0.890 total time= 5.8min
[CV 2/2; 38/45] START gamma=5, max_depth=3, min_child_weight=5..................
[17:26:36] Tree method is selected to be 'hist', which uses a single updater grow_fast_histmaker.
[CV 2/2; 38/45] END gamma=5, max_depth=3, min_child_weight=5;, score=0.890 total time= 5.7min
[CV 2/2; 39/45] START gamma=5, max_depth=3, min_child_weight=10.................
[17:32:21] Tree method is selected to be 'hist', which uses a single updater grow_fast_histmaker.
[CV 2/2; 39/45] END gamma=5, max_depth=3, min_child_weight=10;, score=0.890 total time= 5.7min
[CV 2/2; 42/45] START gamma=5, max_depth=4, min_child_weight=10.................
[17:38:03] Tree method is selected to be 'hist', which uses a single updater grow_fast_histmaker.
[CV 2/2; 42/45] END gamma=5, max_depth=4, min_child_weight=10;, score=0.894 total time=11.1min
[CV 2/2; 2/45] START gamma=0.5, max_depth=3, min_child_weight=5.................
[15:39:00] Tree method is selected to be 'hist', which uses a single updater grow_fast_histmaker.
[CV 2/2; 2/45] END gamma=0.5, max_depth=3, min_child_weight=5;, score=0.890 total time= 5.7min
[CV 2/2; 5/45] START gamma=0.5, max_depth=4, min_child_weight=5.................
[15:44:44] Tree method is selected to be 'hist', which uses a single updater grow_fast_histmaker.
[CV 2/2; 5/45] END gamma=0.5, max_depth=4, min_child_weight=5;, score=0.893 total time=11.2min
[CV 1/2; 10/45] START gamma=1, max_depth=3, min_child_weight=1..................
[15:55:57] Tree method is selected to be 'hist', which uses a single updater grow_fast_histmaker.
[CV 1/2; 10/45] END gamma=1, max_depth=3, min_child_weight=1;, score=0.890 total time= 5.8min
[CV 1/2; 11/45] START gamma=1, max_depth=3, min_child_weight=5..................
[16:01:45] Tree method is selected to be 'hist', which uses a single updater grow_fast_histmaker.
[CV 1/2; 11/45] END gamma=1, max_depth=3, min_child_weight=5;, score=0.890 total time= 5.7min
[CV 2/2; 12/45] START gamma=1, max_depth=3, min_child_weight=10.................
[16:07:28] Tree method is selected to be 'hist', which uses a single updater grow_fast_histmaker.
[CV 2/2; 12/45] END gamma=1, max_depth=3, min_child_weight=10;, score=0.890 total time= 5.8min
[CV 2/2; 15/45] START gamma=1, max_depth=4, min_child_weight=10.................
[16:13:16] Tree method is selected to be 'hist', which uses a single updater grow_fast_histmaker.
[CV 2/2; 15/45] END gamma=1, max_depth=4, min_child_weight=10;, score=0.893 total time=11.0min
[CV 2/2; 19/45] START gamma=1.5, max_depth=3, min_child_weight=1................
[16:24:19] Tree method is selected to be 'hist', which uses a single updater grow_fast_histmaker.
[CV 2/2; 19/45] END gamma=1.5, max_depth=3, min_child_weight=1;, score=0.890 total time= 5.8min
[CV 2/2; 20/45] START gamma=1.5, max_depth=3, min_child_weight=5................
[16:30:04] Tree method is selected to be 'hist', which uses a single updater grow_fast_histmaker.
[CV 2/2; 20/45] END gamma=1.5, max_depth=3, min_child_weight=5;, score=0.890 total time= 5.7min
[CV 2/2; 21/45] START gamma=1.5, max_depth=3, min_child_weight=10...............
[16:35:48] Tree method is selected to be 'hist', which uses a single updater grow_fast_histmaker.
[CV 2/2; 21/45] END gamma=1.5, max_depth=3, min_child_weight=10;, score=0.890 total time= 5.7min
[CV 2/2; 25/45] START gamma=1.5, max_depth=5, min_child_weight=1................
[16:41:33] Tree method is selected to be 'hist', which uses a single updater grow_fast_histmaker.
[CV 2/2; 25/45] END gamma=1.5, max_depth=5, min_child_weight=1;, score=0.895 total time=22.4min
[CV 2/2; 30/45] START gamma=2, max_depth=3, min_child_weight=10.................
[17:03:56] Tree method is selected to be 'hist', which uses a single updater grow_fast_histmaker.
[CV 2/2; 30/45] END gamma=2, max_depth=3, min_child_weight=10;, score=0.890 total time= 5.8min
[CV 2/2; 33/45] START gamma=2, max_depth=4, min_child_weight=10.................
[17:09:43] Tree method is selected to be 'hist', which uses a single updater grow_fast_histmaker.
[CV 2/2; 33/45] END gamma=2, max_depth=4, min_child_weight=10;, score=0.893 total time=11.0min
[CV 1/2; 37/45] START gamma=5, max_depth=3, min_child_weight=1..................
[17:20:45] Tree method is selected to be 'hist', which uses a single updater grow_fast_histmaker.
[CV 1/2; 37/45] END gamma=5, max_depth=3, min_child_weight=1;, score=0.890 total time= 5.7min
[CV 1/2; 38/45] START gamma=5, max_depth=3, min_child_weight=5..................
[17:26:28] Tree method is selected to be 'hist', which uses a single updater grow_fast_histmaker.
[CV 1/2; 38/45] END gamma=5, max_depth=3, min_child_weight=5;, score=0.890 total time= 5.8min
[CV 1/2; 39/45] START gamma=5, max_depth=3, min_child_weight=10.................
[17:32:17] Tree method is selected to be 'hist', which uses a single updater grow_fast_histmaker.
[CV 1/2; 39/45] END gamma=5, max_depth=3, min_child_weight=10;, score=0.890 total time= 5.8min
[CV 1/2; 42/45] START gamma=5, max_depth=4, min_child_weight=10.................
[17:38:02] Tree method is selected to be 'hist', which uses a single updater grow_fast_histmaker.
[CV 1/2; 42/45] END gamma=5, max_depth=4, min_child_weight=10;, score=0.894 total time=11.1min
INFO:__main__:=====> Time taken 8597.845572 secs                 for training and prediction for the data size of (50000, 34)
INFO:__main__:=====> Training Time 0.241250 secs
INFO:__main__:=====> Prediction Time 0.007571 secs
INFO:__main__:=====> XGBoost accuracy score 0.888720
INFO:__main__:DONE
[18:02:16] Tree method is selected to be 'hist', which uses a single updater grow_fast_histmaker.
Time taken: %i hours %i minutes and %s seconds. (2.0, 23.0, 17.56)
[CV 1/2; 3/45] START gamma=0.5, max_depth=3, min_child_weight=10................
[15:39:00] Tree method is selected to be 'hist', which uses a single updater grow_fast_histmaker.
[CV 1/2; 3/45] END gamma=0.5, max_depth=3, min_child_weight=10;, score=0.890 total time= 5.7min
[CV 1/2; 6/45] START gamma=0.5, max_depth=4, min_child_weight=10................
[15:44:44] Tree method is selected to be 'hist', which uses a single updater grow_fast_histmaker.
[CV 1/2; 6/45] END gamma=0.5, max_depth=4, min_child_weight=10;, score=0.893 total time=11.2min
[CV 2/2; 9/45] START gamma=0.5, max_depth=5, min_child_weight=10................
[15:55:56] Tree method is selected to be 'hist', which uses a single updater grow_fast_histmaker.
[CV 2/2; 9/45] END gamma=0.5, max_depth=5, min_child_weight=10;, score=0.897 total time=18.8min
[CV 2/2; 16/45] START gamma=1, max_depth=5, min_child_weight=1..................
[16:14:41] Tree method is selected to be 'hist', which uses a single updater grow_fast_histmaker.
[CV 2/2; 16/45] END gamma=1, max_depth=5, min_child_weight=1;, score=0.895 total time=22.2min
[CV 2/2; 22/45] START gamma=1.5, max_depth=4, min_child_weight=1................
[16:36:52] Tree method is selected to be 'hist', which uses a single updater grow_fast_histmaker.
[CV 2/2; 22/45] END gamma=1.5, max_depth=4, min_child_weight=1;, score=0.894 total time=11.7min
[CV 2/2; 26/45] START gamma=1.5, max_depth=5, min_child_weight=5................
[16:48:31] Tree method is selected to be 'hist', which uses a single updater grow_fast_histmaker.
[CV 2/2; 26/45] END gamma=1.5, max_depth=5, min_child_weight=5;, score=0.895 total time=20.6min
[CV 2/2; 32/45] START gamma=2, max_depth=4, min_child_weight=5..................
[17:09:05] Tree method is selected to be 'hist', which uses a single updater grow_fast_histmaker.
[CV 2/2; 32/45] END gamma=2, max_depth=4, min_child_weight=5;, score=0.893 total time=11.3min
[CV 2/2; 36/45] START gamma=2, max_depth=5, min_child_weight=10.................
[17:20:25] Tree method is selected to be 'hist', which uses a single updater grow_fast_histmaker.
[CV 2/2; 36/45] END gamma=2, max_depth=5, min_child_weight=10;, score=0.895 total time=18.8min
[CV 2/2; 43/45] START gamma=5, max_depth=5, min_child_weight=1..................
[17:39:15] Tree method is selected to be 'hist', which uses a single updater grow_fast_histmaker.
[CV 2/2; 43/45] END gamma=5, max_depth=5, min_child_weight=1;, score=0.896 total time=21.2min
[CV 2/2; 3/45] START gamma=0.5, max_depth=3, min_child_weight=10................
[15:39:00] Tree method is selected to be 'hist', which uses a single updater grow_fast_histmaker.
[CV 2/2; 3/45] END gamma=0.5, max_depth=3, min_child_weight=10;, score=0.890 total time= 5.7min
[CV 2/2; 6/45] START gamma=0.5, max_depth=4, min_child_weight=10................
[15:44:44] Tree method is selected to be 'hist', which uses a single updater grow_fast_histmaker.
[CV 2/2; 6/45] END gamma=0.5, max_depth=4, min_child_weight=10;, score=0.893 total time=11.0min
[CV 1/2; 9/45] START gamma=0.5, max_depth=5, min_child_weight=10................
[15:55:43] Tree method is selected to be 'hist', which uses a single updater grow_fast_histmaker.
[CV 1/2; 9/45] END gamma=0.5, max_depth=5, min_child_weight=10;, score=0.895 total time=18.3min
[CV 1/2; 16/45] START gamma=1, max_depth=5, min_child_weight=1..................
[16:14:01] Tree method is selected to be 'hist', which uses a single updater grow_fast_histmaker.
[CV 1/2; 16/45] END gamma=1, max_depth=5, min_child_weight=1;, score=0.895 total time=22.6min
[CV 1/2; 22/45] START gamma=1.5, max_depth=4, min_child_weight=1................
[16:36:38] Tree method is selected to be 'hist', which uses a single updater grow_fast_histmaker.
[CV 1/2; 22/45] END gamma=1.5, max_depth=4, min_child_weight=1;, score=0.893 total time=11.7min
[CV 1/2; 26/45] START gamma=1.5, max_depth=5, min_child_weight=5................
[16:48:19] Tree method is selected to be 'hist', which uses a single updater grow_fast_histmaker.
[CV 1/2; 26/45] END gamma=1.5, max_depth=5, min_child_weight=5;, score=0.894 total time=20.5min
[CV 1/2; 32/45] START gamma=2, max_depth=4, min_child_weight=5..................
[17:08:48] Tree method is selected to be 'hist', which uses a single updater grow_fast_histmaker.
[CV 1/2; 32/45] END gamma=2, max_depth=4, min_child_weight=5;, score=0.893 total time=11.6min
[CV 1/2; 36/45] START gamma=2, max_depth=5, min_child_weight=10.................
[17:20:24] Tree method is selected to be 'hist', which uses a single updater grow_fast_histmaker.
[CV 1/2; 36/45] END gamma=2, max_depth=5, min_child_weight=10;, score=0.896 total time=18.5min
[CV 1/2; 43/45] START gamma=5, max_depth=5, min_child_weight=1..................
[17:38:51] Tree method is selected to be 'hist', which uses a single updater grow_fast_histmaker.
[CV 1/2; 43/45] END gamma=5, max_depth=5, min_child_weight=1;, score=0.895 total time=21.6min
[CV 1/2; 2/45] START gamma=0.5, max_depth=3, min_child_weight=5.................
[15:39:00] Tree method is selected to be 'hist', which uses a single updater grow_fast_histmaker.
[CV 1/2; 2/45] END gamma=0.5, max_depth=3, min_child_weight=5;, score=0.890 total time= 5.7min
[CV 1/2; 5/45] START gamma=0.5, max_depth=4, min_child_weight=5.................
[15:44:44] Tree method is selected to be 'hist', which uses a single updater grow_fast_histmaker.
[CV 1/2; 5/45] END gamma=0.5, max_depth=4, min_child_weight=5;, score=0.893 total time=11.5min
[CV 2/2; 10/45] START gamma=1, max_depth=3, min_child_weight=1..................
[15:56:14] Tree method is selected to be 'hist', which uses a single updater grow_fast_histmaker.
[CV 2/2; 10/45] END gamma=1, max_depth=3, min_child_weight=1;, score=0.890 total time= 5.8min
[CV 2/2; 11/45] START gamma=1, max_depth=3, min_child_weight=5..................
[16:02:03] Tree method is selected to be 'hist', which uses a single updater grow_fast_histmaker.
[CV 2/2; 11/45] END gamma=1, max_depth=3, min_child_weight=5;, score=0.890 total time= 5.7min
[CV 2/2; 13/45] START gamma=1, max_depth=4, min_child_weight=1..................
[16:07:43] Tree method is selected to be 'hist', which uses a single updater grow_fast_histmaker.
[CV 2/2; 13/45] END gamma=1, max_depth=4, min_child_weight=1;, score=0.893 total time=11.7min
[CV 2/2; 17/45] START gamma=1, max_depth=5, min_child_weight=5..................
[16:19:23] Tree method is selected to be 'hist', which uses a single updater grow_fast_histmaker.
[CV 2/2; 17/45] END gamma=1, max_depth=5, min_child_weight=5;, score=0.896 total time=20.6min
[CV 1/2; 23/45] START gamma=1.5, max_depth=4, min_child_weight=5................
[16:39:57] Tree method is selected to be 'hist', which uses a single updater grow_fast_histmaker.
[CV 1/2; 23/45] END gamma=1.5, max_depth=4, min_child_weight=5;, score=0.893 total time=11.6min
[CV 2/2; 27/45] START gamma=1.5, max_depth=5, min_child_weight=10...............
[16:51:32] Tree method is selected to be 'hist', which uses a single updater grow_fast_histmaker.
[CV 2/2; 27/45] END gamma=1.5, max_depth=5, min_child_weight=10;, score=0.897 total time=18.7min
[CV 2/2; 34/45] START gamma=2, max_depth=5, min_child_weight=1..................
[17:10:13] Tree method is selected to be 'hist', which uses a single updater grow_fast_histmaker.
[CV 2/2; 34/45] END gamma=2, max_depth=5, min_child_weight=1;, score=0.895 total time=22.3min
[CV 1/2; 40/45] START gamma=5, max_depth=4, min_child_weight=1..................
[17:32:34] Tree method is selected to be 'hist', which uses a single updater grow_fast_histmaker.
[CV 1/2; 40/45] END gamma=5, max_depth=4, min_child_weight=1;, score=0.893 total time=11.7min
[CV 1/2; 44/45] START gamma=5, max_depth=5, min_child_weight=5..................
[17:44:13] Tree method is selected to be 'hist', which uses a single updater grow_fast_histmaker.
[CV 1/2; 44/45] END gamma=5, max_depth=5, min_child_weight=5;, score=0.896 total time=18.0min
[CV 1/2; 1/45] START gamma=0.5, max_depth=3, min_child_weight=1.................
[15:39:00] Tree method is selected to be 'hist', which uses a single updater grow_fast_histmaker.
[CV 1/2; 1/45] END gamma=0.5, max_depth=3, min_child_weight=1;, score=0.890 total time= 5.8min
[CV 1/2; 7/45] START gamma=0.5, max_depth=5, min_child_weight=1.................
[15:44:45] Tree method is selected to be 'hist', which uses a single updater grow_fast_histmaker.
[CV 1/2; 7/45] END gamma=0.5, max_depth=5, min_child_weight=1;, score=0.895 total time=22.8min
[CV 1/2; 13/45] START gamma=1, max_depth=4, min_child_weight=1..................
[16:07:34] Tree method is selected to be 'hist', which uses a single updater grow_fast_histmaker.
[CV 1/2; 13/45] END gamma=1, max_depth=4, min_child_weight=1;, score=0.893 total time=11.7min
[CV 1/2; 17/45] START gamma=1, max_depth=5, min_child_weight=5..................
[16:19:16] Tree method is selected to be 'hist', which uses a single updater grow_fast_histmaker.
[CV 1/2; 17/45] END gamma=1, max_depth=5, min_child_weight=5;, score=0.895 total time=20.8min
[CV 2/2; 23/45] START gamma=1.5, max_depth=4, min_child_weight=5................
[16:40:02] Tree method is selected to be 'hist', which uses a single updater grow_fast_histmaker.
[CV 2/2; 23/45] END gamma=1.5, max_depth=4, min_child_weight=5;, score=0.894 total time=11.3min
[CV 1/2; 27/45] START gamma=1.5, max_depth=5, min_child_weight=10...............
[16:51:21] Tree method is selected to be 'hist', which uses a single updater grow_fast_histmaker.
[CV 1/2; 27/45] END gamma=1.5, max_depth=5, min_child_weight=10;, score=0.895 total time=18.7min
[CV 1/2; 34/45] START gamma=2, max_depth=5, min_child_weight=1..................
[17:10:03] Tree method is selected to be 'hist', which uses a single updater grow_fast_histmaker.
[CV 1/2; 34/45] END gamma=2, max_depth=5, min_child_weight=1;, score=0.895 total time=22.8min
[CV 2/2; 40/45] START gamma=5, max_depth=4, min_child_weight=1..................
[17:32:49] Tree method is selected to be 'hist', which uses a single updater grow_fast_histmaker.
[CV 2/2; 40/45] END gamma=5, max_depth=4, min_child_weight=1;, score=0.893 total time=11.7min
[CV 2/2; 44/45] START gamma=5, max_depth=5, min_child_weight=5..................
[17:44:30] Tree method is selected to be 'hist', which uses a single updater grow_fast_histmaker.
[CV 2/2; 44/45] END gamma=5, max_depth=5, min_child_weight=5;, score=0.895 total time=17.8min
[CV 2/2; 1/45] START gamma=0.5, max_depth=3, min_child_weight=1.................
[15:39:00] Tree method is selected to be 'hist', which uses a single updater grow_fast_histmaker.
[CV 2/2; 1/45] END gamma=0.5, max_depth=3, min_child_weight=1;, score=0.890 total time= 5.8min
[CV 2/2; 7/45] START gamma=0.5, max_depth=5, min_child_weight=1.................
[15:44:47] Tree method is selected to be 'hist', which uses a single updater grow_fast_histmaker.
[CV 2/2; 7/45] END gamma=0.5, max_depth=5, min_child_weight=1;, score=0.895 total time=22.4min
[CV 1/2; 12/45] START gamma=1, max_depth=3, min_child_weight=10.................
[16:07:12] Tree method is selected to be 'hist', which uses a single updater grow_fast_histmaker.
[CV 1/2; 12/45] END gamma=1, max_depth=3, min_child_weight=10;, score=0.890 total time= 5.8min
[CV 1/2; 15/45] START gamma=1, max_depth=4, min_child_weight=10.................
[16:13:01] Tree method is selected to be 'hist', which uses a single updater grow_fast_histmaker.
[CV 1/2; 15/45] END gamma=1, max_depth=4, min_child_weight=10;, score=0.893 total time=11.1min
[CV 1/2; 19/45] START gamma=1.5, max_depth=3, min_child_weight=1................
[16:24:10] Tree method is selected to be 'hist', which uses a single updater grow_fast_histmaker.
[CV 1/2; 19/45] END gamma=1.5, max_depth=3, min_child_weight=1;, score=0.890 total time= 5.8min
[CV 1/2; 20/45] START gamma=1.5, max_depth=3, min_child_weight=5................
[16:29:55] Tree method is selected to be 'hist', which uses a single updater grow_fast_histmaker.
[CV 1/2; 20/45] END gamma=1.5, max_depth=3, min_child_weight=5;, score=0.890 total time= 5.8min
[CV 1/2; 21/45] START gamma=1.5, max_depth=3, min_child_weight=10...............
[16:35:42] Tree method is selected to be 'hist', which uses a single updater grow_fast_histmaker.
[CV 1/2; 21/45] END gamma=1.5, max_depth=3, min_child_weight=10;, score=0.890 total time= 5.8min
[CV 1/2; 25/45] START gamma=1.5, max_depth=5, min_child_weight=1................
[16:41:30] Tree method is selected to be 'hist', which uses a single updater grow_fast_histmaker.
[CV 1/2; 25/45] END gamma=1.5, max_depth=5, min_child_weight=1;, score=0.894 total time=22.7min
[CV 2/2; 31/45] START gamma=2, max_depth=4, min_child_weight=1..................
[17:04:11] Tree method is selected to be 'hist', which uses a single updater grow_fast_histmaker.
[CV 2/2; 31/45] END gamma=2, max_depth=4, min_child_weight=1;, score=0.894 total time=11.7min
[CV 2/2; 35/45] START gamma=2, max_depth=5, min_child_weight=5..................
[17:15:51] Tree method is selected to be 'hist', which uses a single updater grow_fast_histmaker.
[CV 2/2; 35/45] END gamma=2, max_depth=5, min_child_weight=5;, score=0.897 total time=20.8min
[CV 2/2; 41/45] START gamma=5, max_depth=4, min_child_weight=5..................
[17:36:37] Tree method is selected to be 'hist', which uses a single updater grow_fast_histmaker.
[CV 2/2; 41/45] END gamma=5, max_depth=4, min_child_weight=5;, score=0.894 total time=11.3min
[CV 2/2; 45/45] START gamma=5, max_depth=5, min_child_weight=10.................
[17:47:55] Tree method is selected to be 'hist', which uses a single updater grow_fast_histmaker.
[CV 2/2; 45/45] END gamma=5, max_depth=5, min_child_weight=10;, score=0.896 total time=14.3min
[CV 2/2; 4/45] START gamma=0.5, max_depth=4, min_child_weight=1.................
[15:39:00] Tree method is selected to be 'hist', which uses a single updater grow_fast_histmaker.
[CV 2/2; 4/45] END gamma=0.5, max_depth=4, min_child_weight=1;, score=0.894 total time=11.7min
[CV 1/2; 8/45] START gamma=0.5, max_depth=5, min_child_weight=5.................
[15:50:40] Tree method is selected to be 'hist', which uses a single updater grow_fast_histmaker.
[CV 1/2; 8/45] END gamma=0.5, max_depth=5, min_child_weight=5;, score=0.895 total time=20.5min
[CV 1/2; 14/45] START gamma=1, max_depth=4, min_child_weight=5..................
[16:11:09] Tree method is selected to be 'hist', which uses a single updater grow_fast_histmaker.
[CV 1/2; 14/45] END gamma=1, max_depth=4, min_child_weight=5;, score=0.893 total time=11.5min
[CV 2/2; 18/45] START gamma=1, max_depth=5, min_child_weight=10.................
[16:22:41] Tree method is selected to be 'hist', which uses a single updater grow_fast_histmaker.
[CV 2/2; 18/45] END gamma=1, max_depth=5, min_child_weight=10;, score=0.897 total time=18.7min
[CV 2/2; 24/45] START gamma=1.5, max_depth=4, min_child_weight=10...............
[16:41:25] Tree method is selected to be 'hist', which uses a single updater grow_fast_histmaker.
[CV 2/2; 24/45] END gamma=1.5, max_depth=4, min_child_weight=10;, score=0.894 total time=11.1min
[CV 2/2; 28/45] START gamma=2, max_depth=3, min_child_weight=1..................
[16:52:30] Tree method is selected to be 'hist', which uses a single updater grow_fast_histmaker.
[CV 2/2; 28/45] END gamma=2, max_depth=3, min_child_weight=1;, score=0.890 total time= 5.7min
[CV 2/2; 29/45] START gamma=2, max_depth=3, min_child_weight=5..................
[16:58:15] Tree method is selected to be 'hist', which uses a single updater grow_fast_histmaker.
[CV 2/2; 29/45] END gamma=2, max_depth=3, min_child_weight=5;, score=0.891 total time= 5.7min
[CV 1/2; 31/45] START gamma=2, max_depth=4, min_child_weight=1..................
[17:03:59] Tree method is selected to be 'hist', which uses a single updater grow_fast_histmaker.
[CV 1/2; 31/45] END gamma=2, max_depth=4, min_child_weight=1;, score=0.893 total time=11.7min
[CV 1/2; 35/45] START gamma=2, max_depth=5, min_child_weight=5..................
[17:15:40] Tree method is selected to be 'hist', which uses a single updater grow_fast_histmaker.
[CV 1/2; 35/45] END gamma=2, max_depth=5, min_child_weight=5;, score=0.895 total time=20.5min
[CV 1/2; 41/45] START gamma=5, max_depth=4, min_child_weight=5..................
[17:36:08] Tree method is selected to be 'hist', which uses a single updater grow_fast_histmaker.
[CV 1/2; 41/45] END gamma=5, max_depth=4, min_child_weight=5;, score=0.893 total time=11.5min
[CV 1/2; 45/45] START gamma=5, max_depth=5, min_child_weight=10.................
[17:47:36] Tree method is selected to be 'hist', which uses a single updater grow_fast_histmaker.
[CV 1/2; 45/45] END gamma=5, max_depth=5, min_child_weight=10;, score=0.896 total time=14.7min
+++++++++++++++++++++++++++++++++++++++++++++++++++++++++++++++++++++++++++++++++++++++++++++++
