+++++++++++++++++++++++++++++++++Iteration1++++++++++++++++++++++++++++++++++++++++++++++++++++
INFO:__main__:Reading the dataset from ./stock_python/data_2000000.pkl...
[01:08:04] Tree method is selected to be 'hist', which uses a single updater grow_fast_histmaker.
Fitting 2 folds for each of 45 candidates, totalling 90 fits
[CV 1/2; 2/45] START gamma=0.5, max_depth=3, min_child_weight=5.................
[01:08:13] Tree method is selected to be 'hist', which uses a single updater grow_fast_histmaker.
[CV 1/2; 2/45] END gamma=0.5, max_depth=3, min_child_weight=5;, score=0.890 total time= 6.0min
[CV 2/2; 5/45] START gamma=0.5, max_depth=4, min_child_weight=5.................
[01:14:13] Tree method is selected to be 'hist', which uses a single updater grow_fast_histmaker.
[CV 2/2; 5/45] END gamma=0.5, max_depth=4, min_child_weight=5;, score=0.893 total time=11.9min
[CV 1/2; 10/45] START gamma=1, max_depth=3, min_child_weight=1..................
[01:26:09] Tree method is selected to be 'hist', which uses a single updater grow_fast_histmaker.
[CV 1/2; 10/45] END gamma=1, max_depth=3, min_child_weight=1;, score=0.889 total time= 6.0min
[CV 1/2; 11/45] START gamma=1, max_depth=3, min_child_weight=5..................
[01:32:12] Tree method is selected to be 'hist', which uses a single updater grow_fast_histmaker.
[CV 1/2; 11/45] END gamma=1, max_depth=3, min_child_weight=5;, score=0.889 total time= 6.1min
[CV 1/2; 13/45] START gamma=1, max_depth=4, min_child_weight=1..................
[01:38:19] Tree method is selected to be 'hist', which uses a single updater grow_fast_histmaker.
[CV 1/2; 13/45] END gamma=1, max_depth=4, min_child_weight=1;, score=0.893 total time=12.0min
[CV 2/2; 17/45] START gamma=1, max_depth=5, min_child_weight=5..................
[01:50:18] Tree method is selected to be 'hist', which uses a single updater grow_fast_histmaker.
[CV 2/2; 17/45] END gamma=1, max_depth=5, min_child_weight=5;, score=0.894 total time=23.7min
[CV 1/2; 23/45] START gamma=1.5, max_depth=4, min_child_weight=5................
[02:14:00] Tree method is selected to be 'hist', which uses a single updater grow_fast_histmaker.
[CV 1/2; 23/45] END gamma=1.5, max_depth=4, min_child_weight=5;, score=0.893 total time=11.9min
[CV 1/2; 27/45] START gamma=1.5, max_depth=5, min_child_weight=10...............
[02:25:54] Tree method is selected to be 'hist', which uses a single updater grow_fast_histmaker.
[CV 1/2; 27/45] END gamma=1.5, max_depth=5, min_child_weight=10;, score=0.895 total time=23.7min
[CV 1/2; 34/45] START gamma=2, max_depth=5, min_child_weight=1..................
[02:49:35] Tree method is selected to be 'hist', which uses a single updater grow_fast_histmaker.
[CV 1/2; 34/45] END gamma=2, max_depth=5, min_child_weight=1;, score=0.895 total time=23.8min
[CV 1/2; 39/45] START gamma=5, max_depth=3, min_child_weight=10.................
[03:13:25] Tree method is selected to be 'hist', which uses a single updater grow_fast_histmaker.
[CV 1/2; 39/45] END gamma=5, max_depth=3, min_child_weight=10;, score=0.889 total time= 6.1min
[CV 1/2; 42/45] START gamma=5, max_depth=4, min_child_weight=10.................
[03:19:29] Tree method is selected to be 'hist', which uses a single updater grow_fast_histmaker.
[CV 1/2; 42/45] END gamma=5, max_depth=4, min_child_weight=10;, score=0.893 total time=11.9min
[CV 2/2; 2/45] START gamma=0.5, max_depth=3, min_child_weight=5.................
[01:08:13] Tree method is selected to be 'hist', which uses a single updater grow_fast_histmaker.
[CV 2/2; 2/45] END gamma=0.5, max_depth=3, min_child_weight=5;, score=0.888 total time= 6.0min
[CV 2/2; 6/45] START gamma=0.5, max_depth=4, min_child_weight=10................
[01:14:14] Tree method is selected to be 'hist', which uses a single updater grow_fast_histmaker.
[CV 2/2; 6/45] END gamma=0.5, max_depth=4, min_child_weight=10;, score=0.893 total time=11.9min
[CV 2/2; 9/45] START gamma=0.5, max_depth=5, min_child_weight=10................
[01:26:08] Tree method is selected to be 'hist', which uses a single updater grow_fast_histmaker.
[CV 2/2; 9/45] END gamma=0.5, max_depth=5, min_child_weight=10;, score=0.894 total time=23.7min
[CV 2/2; 16/45] START gamma=1, max_depth=5, min_child_weight=1..................
[01:49:50] Tree method is selected to be 'hist', which uses a single updater grow_fast_histmaker.
[CV 2/2; 16/45] END gamma=1, max_depth=5, min_child_weight=1;, score=0.894 total time=23.7min
[CV 2/2; 22/45] START gamma=1.5, max_depth=4, min_child_weight=1................
[02:13:32] Tree method is selected to be 'hist', which uses a single updater grow_fast_histmaker.
[CV 2/2; 22/45] END gamma=1.5, max_depth=4, min_child_weight=1;, score=0.893 total time=11.9min
[CV 1/2; 26/45] START gamma=1.5, max_depth=5, min_child_weight=5................
[02:25:29] Tree method is selected to be 'hist', which uses a single updater grow_fast_histmaker.
[CV 1/2; 26/45] END gamma=1.5, max_depth=5, min_child_weight=5;, score=0.895 total time=23.7min
[CV 1/2; 33/45] START gamma=2, max_depth=4, min_child_weight=10.................
[02:49:14] Tree method is selected to be 'hist', which uses a single updater grow_fast_histmaker.
[CV 1/2; 33/45] END gamma=2, max_depth=4, min_child_weight=10;, score=0.895 total time=12.0min
[CV 1/2; 37/45] START gamma=5, max_depth=3, min_child_weight=1..................
[03:01:16] Tree method is selected to be 'hist', which uses a single updater grow_fast_histmaker.
[CV 1/2; 37/45] END gamma=5, max_depth=3, min_child_weight=1;, score=0.889 total time= 6.1min
[CV 1/2; 38/45] START gamma=5, max_depth=3, min_child_weight=5..................
[03:07:23] Tree method is selected to be 'hist', which uses a single updater grow_fast_histmaker.
[CV 1/2; 38/45] END gamma=5, max_depth=3, min_child_weight=5;, score=0.889 total time= 6.1min
[CV 2/2; 39/45] START gamma=5, max_depth=3, min_child_weight=10.................
[03:13:27] Tree method is selected to be 'hist', which uses a single updater grow_fast_histmaker.
[CV 2/2; 39/45] END gamma=5, max_depth=3, min_child_weight=10;, score=0.889 total time= 6.1min
[CV 2/2; 42/45] START gamma=5, max_depth=4, min_child_weight=10.................
[03:19:31] Tree method is selected to be 'hist', which uses a single updater grow_fast_histmaker.
[CV 2/2; 42/45] END gamma=5, max_depth=4, min_child_weight=10;, score=0.893 total time=12.0min
INFO:__main__:=====> Time taken 9488.544355 secs                 for training and prediction for the data size of (2000000, 34)
INFO:__main__:=====> Training Time 8.744982 secs
INFO:__main__:=====> Prediction Time 0.328206 secs
INFO:__main__:=====> XGBoost accuracy score 0.889640
INFO:__main__:DONE
[03:46:00] Tree method is selected to be 'hist', which uses a single updater grow_fast_histmaker.
Time taken: %i hours %i minutes and %s seconds. (2.0, 37.0, 57.97)
[CV 2/2; 1/45] START gamma=0.5, max_depth=3, min_child_weight=1.................
[01:08:13] Tree method is selected to be 'hist', which uses a single updater grow_fast_histmaker.
[CV 2/2; 1/45] END gamma=0.5, max_depth=3, min_child_weight=1;, score=0.888 total time= 6.0min
[CV 2/2; 7/45] START gamma=0.5, max_depth=5, min_child_weight=1.................
[01:14:15] Tree method is selected to be 'hist', which uses a single updater grow_fast_histmaker.
[CV 2/2; 7/45] END gamma=0.5, max_depth=5, min_child_weight=1;, score=0.894 total time=23.7min
[CV 2/2; 12/45] START gamma=1, max_depth=3, min_child_weight=10.................
[01:38:01] Tree method is selected to be 'hist', which uses a single updater grow_fast_histmaker.
[CV 2/2; 12/45] END gamma=1, max_depth=3, min_child_weight=10;, score=0.888 total time= 6.0min
[CV 1/2; 15/45] START gamma=1, max_depth=4, min_child_weight=10.................
[01:44:03] Tree method is selected to be 'hist', which uses a single updater grow_fast_histmaker.
[CV 1/2; 15/45] END gamma=1, max_depth=4, min_child_weight=10;, score=0.893 total time=11.9min
[CV 1/2; 19/45] START gamma=1.5, max_depth=3, min_child_weight=1................
[01:56:00] Tree method is selected to be 'hist', which uses a single updater grow_fast_histmaker.
[CV 1/2; 19/45] END gamma=1.5, max_depth=3, min_child_weight=1;, score=0.889 total time= 6.1min
[CV 1/2; 20/45] START gamma=1.5, max_depth=3, min_child_weight=5................
[02:02:04] Tree method is selected to be 'hist', which uses a single updater grow_fast_histmaker.
[CV 1/2; 20/45] END gamma=1.5, max_depth=3, min_child_weight=5;, score=0.889 total time= 6.1min
[CV 1/2; 21/45] START gamma=1.5, max_depth=3, min_child_weight=10...............
[02:08:09] Tree method is selected to be 'hist', which uses a single updater grow_fast_histmaker.
[CV 1/2; 21/45] END gamma=1.5, max_depth=3, min_child_weight=10;, score=0.889 total time= 6.0min
[CV 1/2; 24/45] START gamma=1.5, max_depth=4, min_child_weight=10...............
[02:14:09] Tree method is selected to be 'hist', which uses a single updater grow_fast_histmaker.
[CV 1/2; 24/45] END gamma=1.5, max_depth=4, min_child_weight=10;, score=0.893 total time=12.0min
[CV 1/2; 28/45] START gamma=2, max_depth=3, min_child_weight=1..................
[02:26:10] Tree method is selected to be 'hist', which uses a single updater grow_fast_histmaker.
[CV 1/2; 28/45] END gamma=2, max_depth=3, min_child_weight=1;, score=0.889 total time= 6.1min
[CV 1/2; 29/45] START gamma=2, max_depth=3, min_child_weight=5..................
[02:32:16] Tree method is selected to be 'hist', which uses a single updater grow_fast_histmaker.
[CV 1/2; 29/45] END gamma=2, max_depth=3, min_child_weight=5;, score=0.889 total time= 6.1min
[CV 1/2; 30/45] START gamma=2, max_depth=3, min_child_weight=10.................
[02:38:20] Tree method is selected to be 'hist', which uses a single updater grow_fast_histmaker.
[CV 1/2; 30/45] END gamma=2, max_depth=3, min_child_weight=10;, score=0.889 total time= 6.1min
[CV 1/2; 32/45] START gamma=2, max_depth=4, min_child_weight=5..................
[02:44:27] Tree method is selected to be 'hist', which uses a single updater grow_fast_histmaker.
[CV 1/2; 32/45] END gamma=2, max_depth=4, min_child_weight=5;, score=0.895 total time=12.0min
[CV 2/2; 36/45] START gamma=2, max_depth=5, min_child_weight=10.................
[02:56:28] Tree method is selected to be 'hist', which uses a single updater grow_fast_histmaker.
[CV 2/2; 36/45] END gamma=2, max_depth=5, min_child_weight=10;, score=0.894 total time=23.7min
[CV 1/2; 43/45] START gamma=5, max_depth=5, min_child_weight=1..................
[03:20:10] Tree method is selected to be 'hist', which uses a single updater grow_fast_histmaker.
[CV 1/2; 43/45] END gamma=5, max_depth=5, min_child_weight=1;, score=0.894 total time=22.7min
[CV 1/2; 1/45] START gamma=0.5, max_depth=3, min_child_weight=1.................
[01:08:13] Tree method is selected to be 'hist', which uses a single updater grow_fast_histmaker.
[CV 1/2; 1/45] END gamma=0.5, max_depth=3, min_child_weight=1;, score=0.890 total time= 6.0min
[CV 1/2; 7/45] START gamma=0.5, max_depth=5, min_child_weight=1.................
[01:14:15] Tree method is selected to be 'hist', which uses a single updater grow_fast_histmaker.
[CV 1/2; 7/45] END gamma=0.5, max_depth=5, min_child_weight=1;, score=0.894 total time=23.7min
[CV 1/2; 12/45] START gamma=1, max_depth=3, min_child_weight=10.................
[01:37:59] Tree method is selected to be 'hist', which uses a single updater grow_fast_histmaker.
[CV 1/2; 12/45] END gamma=1, max_depth=3, min_child_weight=10;, score=0.889 total time= 6.1min
[CV 2/2; 15/45] START gamma=1, max_depth=4, min_child_weight=10.................
[01:44:04] Tree method is selected to be 'hist', which uses a single updater grow_fast_histmaker.
[CV 2/2; 15/45] END gamma=1, max_depth=4, min_child_weight=10;, score=0.893 total time=12.0min
[CV 2/2; 19/45] START gamma=1.5, max_depth=3, min_child_weight=1................
[01:56:04] Tree method is selected to be 'hist', which uses a single updater grow_fast_histmaker.
[CV 2/2; 19/45] END gamma=1.5, max_depth=3, min_child_weight=1;, score=0.888 total time= 6.0min
[CV 2/2; 20/45] START gamma=1.5, max_depth=3, min_child_weight=5................
[02:02:07] Tree method is selected to be 'hist', which uses a single updater grow_fast_histmaker.
[CV 2/2; 20/45] END gamma=1.5, max_depth=3, min_child_weight=5;, score=0.888 total time= 6.0min
[CV 2/2; 21/45] START gamma=1.5, max_depth=3, min_child_weight=10...............
[02:08:09] Tree method is selected to be 'hist', which uses a single updater grow_fast_histmaker.
[CV 2/2; 21/45] END gamma=1.5, max_depth=3, min_child_weight=10;, score=0.888 total time= 6.1min
[CV 2/2; 24/45] START gamma=1.5, max_depth=4, min_child_weight=10...............
[02:14:14] Tree method is selected to be 'hist', which uses a single updater grow_fast_histmaker.
[CV 2/2; 24/45] END gamma=1.5, max_depth=4, min_child_weight=10;, score=0.893 total time=12.0min
[CV 2/2; 28/45] START gamma=2, max_depth=3, min_child_weight=1..................
[02:26:14] Tree method is selected to be 'hist', which uses a single updater grow_fast_histmaker.
[CV 2/2; 28/45] END gamma=2, max_depth=3, min_child_weight=1;, score=0.888 total time= 6.1min
[CV 2/2; 29/45] START gamma=2, max_depth=3, min_child_weight=5..................
[02:32:19] Tree method is selected to be 'hist', which uses a single updater grow_fast_histmaker.
[CV 2/2; 29/45] END gamma=2, max_depth=3, min_child_weight=5;, score=0.888 total time= 6.1min
[CV 2/2; 30/45] START gamma=2, max_depth=3, min_child_weight=10.................
[02:38:23] Tree method is selected to be 'hist', which uses a single updater grow_fast_histmaker.
[CV 2/2; 30/45] END gamma=2, max_depth=3, min_child_weight=10;, score=0.888 total time= 6.1min
[CV 2/2; 32/45] START gamma=2, max_depth=4, min_child_weight=5..................
[02:44:28] Tree method is selected to be 'hist', which uses a single updater grow_fast_histmaker.
[CV 2/2; 32/45] END gamma=2, max_depth=4, min_child_weight=5;, score=0.892 total time=12.0min
[CV 1/2; 36/45] START gamma=2, max_depth=5, min_child_weight=10.................
[02:56:26] Tree method is selected to be 'hist', which uses a single updater grow_fast_histmaker.
[CV 1/2; 36/45] END gamma=2, max_depth=5, min_child_weight=10;, score=0.894 total time=23.8min
[CV 2/2; 43/45] START gamma=5, max_depth=5, min_child_weight=1..................
[03:20:13] Tree method is selected to be 'hist', which uses a single updater grow_fast_histmaker.
[CV 2/2; 43/45] END gamma=5, max_depth=5, min_child_weight=1;, score=0.893 total time=22.7min
[CV 1/2; 3/45] START gamma=0.5, max_depth=3, min_child_weight=10................
[01:08:13] Tree method is selected to be 'hist', which uses a single updater grow_fast_histmaker.
[CV 1/2; 3/45] END gamma=0.5, max_depth=3, min_child_weight=10;, score=0.890 total time= 6.0min
[CV 1/2; 6/45] START gamma=0.5, max_depth=4, min_child_weight=10................
[01:14:14] Tree method is selected to be 'hist', which uses a single updater grow_fast_histmaker.
[CV 1/2; 6/45] END gamma=0.5, max_depth=4, min_child_weight=10;, score=0.894 total time=11.9min
[CV 2/2; 10/45] START gamma=1, max_depth=3, min_child_weight=1..................
[01:26:12] Tree method is selected to be 'hist', which uses a single updater grow_fast_histmaker.
[CV 2/2; 10/45] END gamma=1, max_depth=3, min_child_weight=1;, score=0.888 total time= 6.1min
[CV 2/2; 11/45] START gamma=1, max_depth=3, min_child_weight=5..................
[01:32:16] Tree method is selected to be 'hist', which uses a single updater grow_fast_histmaker.
[CV 2/2; 11/45] END gamma=1, max_depth=3, min_child_weight=5;, score=0.888 total time= 6.1min
[CV 2/2; 13/45] START gamma=1, max_depth=4, min_child_weight=1..................
[01:38:21] Tree method is selected to be 'hist', which uses a single updater grow_fast_histmaker.
[CV 2/2; 13/45] END gamma=1, max_depth=4, min_child_weight=1;, score=0.893 total time=11.9min
[CV 1/2; 17/45] START gamma=1, max_depth=5, min_child_weight=5..................
[01:50:17] Tree method is selected to be 'hist', which uses a single updater grow_fast_histmaker.
[CV 1/2; 17/45] END gamma=1, max_depth=5, min_child_weight=5;, score=0.895 total time=23.7min
[CV 2/2; 23/45] START gamma=1.5, max_depth=4, min_child_weight=5................
[02:14:02] Tree method is selected to be 'hist', which uses a single updater grow_fast_histmaker.
[CV 2/2; 23/45] END gamma=1.5, max_depth=4, min_child_weight=5;, score=0.893 total time=11.9min
[CV 2/2; 27/45] START gamma=1.5, max_depth=5, min_child_weight=10...............
[02:25:55] Tree method is selected to be 'hist', which uses a single updater grow_fast_histmaker.
[CV 2/2; 27/45] END gamma=1.5, max_depth=5, min_child_weight=10;, score=0.894 total time=23.7min
[CV 2/2; 34/45] START gamma=2, max_depth=5, min_child_weight=1..................
[02:49:41] Tree method is selected to be 'hist', which uses a single updater grow_fast_histmaker.
[CV 2/2; 34/45] END gamma=2, max_depth=5, min_child_weight=1;, score=0.894 total time=23.8min
[CV 1/2; 40/45] START gamma=5, max_depth=4, min_child_weight=1..................
[03:13:30] Tree method is selected to be 'hist', which uses a single updater grow_fast_histmaker.
[CV 1/2; 40/45] END gamma=5, max_depth=4, min_child_weight=1;, score=0.893 total time=12.0min
[CV 1/2; 44/45] START gamma=5, max_depth=5, min_child_weight=5..................
[03:25:31] Tree method is selected to be 'hist', which uses a single updater grow_fast_histmaker.
[CV 1/2; 44/45] END gamma=5, max_depth=5, min_child_weight=5;, score=0.894 total time=20.3min
[CV 2/2; 3/45] START gamma=0.5, max_depth=3, min_child_weight=10................
[01:08:13] Tree method is selected to be 'hist', which uses a single updater grow_fast_histmaker.
[CV 2/2; 3/45] END gamma=0.5, max_depth=3, min_child_weight=10;, score=0.888 total time= 6.0min
[CV 1/2; 5/45] START gamma=0.5, max_depth=4, min_child_weight=5.................
[01:14:13] Tree method is selected to be 'hist', which uses a single updater grow_fast_histmaker.
[CV 1/2; 5/45] END gamma=0.5, max_depth=4, min_child_weight=5;, score=0.894 total time=11.9min
[CV 1/2; 9/45] START gamma=0.5, max_depth=5, min_child_weight=10................
[01:26:06] Tree method is selected to be 'hist', which uses a single updater grow_fast_histmaker.
[CV 1/2; 9/45] END gamma=0.5, max_depth=5, min_child_weight=10;, score=0.894 total time=23.6min
[CV 1/2; 16/45] START gamma=1, max_depth=5, min_child_weight=1..................
[01:49:45] Tree method is selected to be 'hist', which uses a single updater grow_fast_histmaker.
[CV 1/2; 16/45] END gamma=1, max_depth=5, min_child_weight=1;, score=0.894 total time=23.8min
[CV 1/2; 22/45] START gamma=1.5, max_depth=4, min_child_weight=1................
[02:13:32] Tree method is selected to be 'hist', which uses a single updater grow_fast_histmaker.
[CV 1/2; 22/45] END gamma=1.5, max_depth=4, min_child_weight=1;, score=0.893 total time=12.0min
[CV 2/2; 26/45] START gamma=1.5, max_depth=5, min_child_weight=5................
[02:25:31] Tree method is selected to be 'hist', which uses a single updater grow_fast_histmaker.
[CV 2/2; 26/45] END gamma=1.5, max_depth=5, min_child_weight=5;, score=0.894 total time=23.8min
[CV 2/2; 33/45] START gamma=2, max_depth=4, min_child_weight=10.................
[02:49:22] Tree method is selected to be 'hist', which uses a single updater grow_fast_histmaker.
[CV 2/2; 33/45] END gamma=2, max_depth=4, min_child_weight=10;, score=0.892 total time=12.0min
[CV 2/2; 37/45] START gamma=5, max_depth=3, min_child_weight=1..................
[03:01:21] Tree method is selected to be 'hist', which uses a single updater grow_fast_histmaker.
[CV 2/2; 37/45] END gamma=5, max_depth=3, min_child_weight=1;, score=0.889 total time= 6.1min
[CV 2/2; 38/45] START gamma=5, max_depth=3, min_child_weight=5..................
[03:07:27] Tree method is selected to be 'hist', which uses a single updater grow_fast_histmaker.
[CV 2/2; 38/45] END gamma=5, max_depth=3, min_child_weight=5;, score=0.889 total time= 6.1min
[CV 2/2; 40/45] START gamma=5, max_depth=4, min_child_weight=1..................
[03:13:33] Tree method is selected to be 'hist', which uses a single updater grow_fast_histmaker.
[CV 2/2; 40/45] END gamma=5, max_depth=4, min_child_weight=1;, score=0.893 total time=12.1min
[CV 2/2; 44/45] START gamma=5, max_depth=5, min_child_weight=5..................
[03:25:36] Tree method is selected to be 'hist', which uses a single updater grow_fast_histmaker.
[CV 2/2; 44/45] END gamma=5, max_depth=5, min_child_weight=5;, score=0.893 total time=20.3min
[CV 2/2; 4/45] START gamma=0.5, max_depth=4, min_child_weight=1.................
[01:08:14] Tree method is selected to be 'hist', which uses a single updater grow_fast_histmaker.
[CV 2/2; 4/45] END gamma=0.5, max_depth=4, min_child_weight=1;, score=0.893 total time=11.9min
[CV 1/2; 8/45] START gamma=0.5, max_depth=5, min_child_weight=5.................
[01:20:10] Tree method is selected to be 'hist', which uses a single updater grow_fast_histmaker.
[CV 1/2; 8/45] END gamma=0.5, max_depth=5, min_child_weight=5;, score=0.895 total time=23.7min
[CV 1/2; 14/45] START gamma=1, max_depth=4, min_child_weight=5..................
[01:43:54] Tree method is selected to be 'hist', which uses a single updater grow_fast_histmaker.
[CV 1/2; 14/45] END gamma=1, max_depth=4, min_child_weight=5;, score=0.893 total time=12.0min
[CV 1/2; 18/45] START gamma=1, max_depth=5, min_child_weight=10.................
[01:55:54] Tree method is selected to be 'hist', which uses a single updater grow_fast_histmaker.
[CV 1/2; 18/45] END gamma=1, max_depth=5, min_child_weight=10;, score=0.895 total time=23.7min
[CV 2/2; 25/45] START gamma=1.5, max_depth=5, min_child_weight=1................
[02:19:35] Tree method is selected to be 'hist', which uses a single updater grow_fast_histmaker.
[CV 2/2; 25/45] END gamma=1.5, max_depth=5, min_child_weight=1;, score=0.894 total time=23.8min
[CV 1/2; 31/45] START gamma=2, max_depth=4, min_child_weight=1..................
[02:43:22] Tree method is selected to be 'hist', which uses a single updater grow_fast_histmaker.
[CV 1/2; 31/45] END gamma=2, max_depth=4, min_child_weight=1;, score=0.895 total time=12.0min
[CV 2/2; 35/45] START gamma=2, max_depth=5, min_child_weight=5..................
[02:55:22] Tree method is selected to be 'hist', which uses a single updater grow_fast_histmaker.
[CV 2/2; 35/45] END gamma=2, max_depth=5, min_child_weight=5;, score=0.893 total time=23.9min
[CV 2/2; 41/45] START gamma=5, max_depth=4, min_child_weight=5..................
[03:19:13] Tree method is selected to be 'hist', which uses a single updater grow_fast_histmaker.
[CV 2/2; 41/45] END gamma=5, max_depth=4, min_child_weight=5;, score=0.893 total time=12.0min
[CV 2/2; 45/45] START gamma=5, max_depth=5, min_child_weight=10.................
[03:31:12] Tree method is selected to be 'hist', which uses a single updater grow_fast_histmaker.
[CV 2/2; 45/45] END gamma=5, max_depth=5, min_child_weight=10;, score=0.894 total time=14.8min
[CV 1/2; 4/45] START gamma=0.5, max_depth=4, min_child_weight=1.................
[01:08:13] Tree method is selected to be 'hist', which uses a single updater grow_fast_histmaker.
[CV 1/2; 4/45] END gamma=0.5, max_depth=4, min_child_weight=1;, score=0.894 total time=11.9min
[CV 2/2; 8/45] START gamma=0.5, max_depth=5, min_child_weight=5.................
[01:20:11] Tree method is selected to be 'hist', which uses a single updater grow_fast_histmaker.
[CV 2/2; 8/45] END gamma=0.5, max_depth=5, min_child_weight=5;, score=0.894 total time=23.8min
[CV 2/2; 14/45] START gamma=1, max_depth=4, min_child_weight=5..................
[01:43:57] Tree method is selected to be 'hist', which uses a single updater grow_fast_histmaker.
[CV 2/2; 14/45] END gamma=1, max_depth=4, min_child_weight=5;, score=0.893 total time=12.0min
[CV 2/2; 18/45] START gamma=1, max_depth=5, min_child_weight=10.................
[01:55:58] Tree method is selected to be 'hist', which uses a single updater grow_fast_histmaker.
[CV 2/2; 18/45] END gamma=1, max_depth=5, min_child_weight=10;, score=0.894 total time=23.5min
[CV 1/2; 25/45] START gamma=1.5, max_depth=5, min_child_weight=1................
[02:19:32] Tree method is selected to be 'hist', which uses a single updater grow_fast_histmaker.
[CV 1/2; 25/45] END gamma=1.5, max_depth=5, min_child_weight=1;, score=0.894 total time=23.8min
[CV 2/2; 31/45] START gamma=2, max_depth=4, min_child_weight=1..................
[02:43:22] Tree method is selected to be 'hist', which uses a single updater grow_fast_histmaker.
[CV 2/2; 31/45] END gamma=2, max_depth=4, min_child_weight=1;, score=0.892 total time=12.0min
[CV 1/2; 35/45] START gamma=2, max_depth=5, min_child_weight=5..................
[02:55:20] Tree method is selected to be 'hist', which uses a single updater grow_fast_histmaker.
[CV 1/2; 35/45] END gamma=2, max_depth=5, min_child_weight=5;, score=0.895 total time=23.7min
[CV 1/2; 41/45] START gamma=5, max_depth=4, min_child_weight=5..................
[03:19:05] Tree method is selected to be 'hist', which uses a single updater grow_fast_histmaker.
[CV 1/2; 41/45] END gamma=5, max_depth=4, min_child_weight=5;, score=0.893 total time=12.0min
[CV 1/2; 45/45] START gamma=5, max_depth=5, min_child_weight=10.................
[03:31:06] Tree method is selected to be 'hist', which uses a single updater grow_fast_histmaker.
[CV 1/2; 45/45] END gamma=5, max_depth=5, min_child_weight=10;, score=0.895 total time=15.0min
+++++++++++++++++++++++++++++++++++++++++++++++++++++++++++++++++++++++++++++++++++++++++++++++
