+++++++++++++++++++++++++++++++++DataSet++++++++++++++++++++++++++++++++++++++++++++++++++++
INFO:__main__:Generating data with the size 25000
INFO:__main__:changing Tele_Attatched into an object variable
INFO:__main__:Generating our target variable Asset_Label
INFO:__main__:Creating correlation between our variables and our target variable
INFO:__main__:When age is 60-70 and over 95 change Asset_Label to 1
INFO:__main__:When elevation is between 500-1500 change Asset_Label to 1
INFO:__main__:When Manufacturer is A, E, or H change Asset_Label to have  95% 0's
INFO:__main__:When Species is C2 or C5 change Asset_Label to have 90% to 0's
INFO:__main__:When District is NE or W change Asset_Label to have 90% to 0's
INFO:__main__:When District is Untreated change Asset_Label to have 70% to 1's
INFO:__main__:When Age is greater than 90 and Elevaation is less than 1200              and Original_treatment is Oil change Asset_Label to have 90% to 1's
INFO:__main__:=====> Time taken 0.048049 secs for data generation for the size of (25000, 34)
INFO:__main__:Saving the data to ./stock_python/data_25000.pkl ...
INFO:__main__:DONE
+++++++++++++++++++++++++++++++++Iteration1++++++++++++++++++++++++++++++++++++++++++++++++++++
INFO:__main__:Reading the dataset from ./stock_python/data_25000.pkl...
[10:17:49] Tree method is selected to be 'hist', which uses a single updater grow_fast_histmaker.
Fitting 2 folds for each of 45 candidates, totalling 90 fits
[CV 2/2; 4/45] START gamma=0.5, max_depth=4, min_child_weight=1.................
[10:17:50] Tree method is selected to be 'hist', which uses a single updater grow_fast_histmaker.
[CV 2/2; 4/45] END gamma=0.5, max_depth=4, min_child_weight=1;, score=0.896 total time=11.4min
[CV 1/2; 8/45] START gamma=0.5, max_depth=5, min_child_weight=5.................
[10:29:13] Tree method is selected to be 'hist', which uses a single updater grow_fast_histmaker.
[CV 1/2; 8/45] END gamma=0.5, max_depth=5, min_child_weight=5;, score=0.897 total time=18.2min
[CV 2/2; 14/45] START gamma=1, max_depth=4, min_child_weight=5..................
[10:47:28] Tree method is selected to be 'hist', which uses a single updater grow_fast_histmaker.
[CV 2/2; 14/45] END gamma=1, max_depth=4, min_child_weight=5;, score=0.896 total time=10.6min
[CV 1/2; 18/45] START gamma=1, max_depth=5, min_child_weight=10.................
[10:58:06] Tree method is selected to be 'hist', which uses a single updater grow_fast_histmaker.
[CV 1/2; 18/45] END gamma=1, max_depth=5, min_child_weight=10;, score=0.897 total time=15.4min
[CV 1/2; 23/45] START gamma=1.5, max_depth=4, min_child_weight=5................
[11:13:32] Tree method is selected to be 'hist', which uses a single updater grow_fast_histmaker.
[CV 1/2; 23/45] END gamma=1.5, max_depth=4, min_child_weight=5;, score=0.897 total time=11.1min
[CV 2/2; 27/45] START gamma=1.5, max_depth=5, min_child_weight=10...............
[11:24:35] Tree method is selected to be 'hist', which uses a single updater grow_fast_histmaker.
[CV 2/2; 27/45] END gamma=1.5, max_depth=5, min_child_weight=10;, score=0.896 total time=15.4min
[CV 2/2; 32/45] START gamma=2, max_depth=4, min_child_weight=5..................
[11:39:57] Tree method is selected to be 'hist', which uses a single updater grow_fast_histmaker.
[CV 2/2; 32/45] END gamma=2, max_depth=4, min_child_weight=5;, score=0.896 total time=10.7min
[CV 1/2; 36/45] START gamma=2, max_depth=5, min_child_weight=10.................
[11:50:38] Tree method is selected to be 'hist', which uses a single updater grow_fast_histmaker.
[CV 1/2; 36/45] END gamma=2, max_depth=5, min_child_weight=10;, score=0.897 total time=15.3min
[CV 1/2; 41/45] START gamma=5, max_depth=4, min_child_weight=5..................
[12:05:54] Tree method is selected to be 'hist', which uses a single updater grow_fast_histmaker.
[CV 1/2; 41/45] END gamma=5, max_depth=4, min_child_weight=5;, score=0.897 total time=11.0min
[CV 2/2; 1/45] START gamma=0.5, max_depth=3, min_child_weight=1.................
[10:17:50] Tree method is selected to be 'hist', which uses a single updater grow_fast_histmaker.
[CV 2/2; 1/45] END gamma=0.5, max_depth=3, min_child_weight=1;, score=0.894 total time= 5.7min
[CV 1/2; 6/45] START gamma=0.5, max_depth=4, min_child_weight=10................
[10:23:33] Tree method is selected to be 'hist', which uses a single updater grow_fast_histmaker.
[CV 1/2; 6/45] END gamma=0.5, max_depth=4, min_child_weight=10;, score=0.897 total time=10.0min
[CV 2/2; 9/45] START gamma=0.5, max_depth=5, min_child_weight=10................
[10:33:34] Tree method is selected to be 'hist', which uses a single updater grow_fast_histmaker.
[CV 2/2; 9/45] END gamma=0.5, max_depth=5, min_child_weight=10;, score=0.897 total time=15.3min
[CV 1/2; 15/45] START gamma=1, max_depth=4, min_child_weight=10.................
[10:48:54] Tree method is selected to be 'hist', which uses a single updater grow_fast_histmaker.
[CV 1/2; 15/45] END gamma=1, max_depth=4, min_child_weight=10;, score=0.896 total time=10.1min
[CV 2/2; 19/45] START gamma=1.5, max_depth=3, min_child_weight=1................
[10:59:03] Tree method is selected to be 'hist', which uses a single updater grow_fast_histmaker.
[CV 2/2; 19/45] END gamma=1.5, max_depth=3, min_child_weight=1;, score=0.894 total time= 5.7min
[CV 2/2; 20/45] START gamma=1.5, max_depth=3, min_child_weight=5................
[11:04:45] Tree method is selected to be 'hist', which uses a single updater grow_fast_histmaker.
[CV 2/2; 20/45] END gamma=1.5, max_depth=3, min_child_weight=5;, score=0.894 total time= 5.8min
[CV 2/2; 21/45] START gamma=1.5, max_depth=3, min_child_weight=10...............
[11:10:31] Tree method is selected to be 'hist', which uses a single updater grow_fast_histmaker.
[CV 2/2; 21/45] END gamma=1.5, max_depth=3, min_child_weight=10;, score=0.894 total time= 5.7min
[CV 2/2; 25/45] START gamma=1.5, max_depth=5, min_child_weight=1................
[11:16:12] Tree method is selected to be 'hist', which uses a single updater grow_fast_histmaker.
[CV 2/2; 25/45] END gamma=1.5, max_depth=5, min_child_weight=1;, score=0.896 total time=21.1min
[CV 1/2; 31/45] START gamma=2, max_depth=4, min_child_weight=1..................
[11:37:18] Tree method is selected to be 'hist', which uses a single updater grow_fast_histmaker.
[CV 1/2; 31/45] END gamma=2, max_depth=4, min_child_weight=1;, score=0.896 total time=11.6min
[CV 2/2; 35/45] START gamma=2, max_depth=5, min_child_weight=5..................
[11:48:56] Tree method is selected to be 'hist', which uses a single updater grow_fast_histmaker.
[CV 2/2; 35/45] END gamma=2, max_depth=5, min_child_weight=5;, score=0.896 total time=17.9min
[CV 1/2; 42/45] START gamma=5, max_depth=4, min_child_weight=10.................
[12:06:49] Tree method is selected to be 'hist', which uses a single updater grow_fast_histmaker.
[CV 1/2; 42/45] END gamma=5, max_depth=4, min_child_weight=10;, score=0.897 total time=10.1min
INFO:__main__:=====> Time taken 7926.572813 secs                 for training and prediction for the data size of (25000, 34)
INFO:__main__:=====> Training Time 0.163109 secs
INFO:__main__:=====> Prediction Time 0.003917 secs
INFO:__main__:=====> XGBoost accuracy score 0.891040
INFO:__main__:DONE
[12:29:55] Tree method is selected to be 'hist', which uses a single updater grow_fast_histmaker.
Time taken: %i hours %i minutes and %s seconds. (2.0, 12.0, 6.38)
[CV 2/2; 2/45] START gamma=0.5, max_depth=3, min_child_weight=5.................
[10:17:50] Tree method is selected to be 'hist', which uses a single updater grow_fast_histmaker.
[CV 2/2; 2/45] END gamma=0.5, max_depth=3, min_child_weight=5;, score=0.894 total time= 5.8min
[CV 1/2; 7/45] START gamma=0.5, max_depth=5, min_child_weight=1.................
[10:23:38] Tree method is selected to be 'hist', which uses a single updater grow_fast_histmaker.
[CV 1/2; 7/45] END gamma=0.5, max_depth=5, min_child_weight=1;, score=0.897 total time=22.0min
[CV 2/2; 12/45] START gamma=1, max_depth=3, min_child_weight=10.................
[10:45:36] Tree method is selected to be 'hist', which uses a single updater grow_fast_histmaker.
[CV 2/2; 12/45] END gamma=1, max_depth=3, min_child_weight=10;, score=0.895 total time= 5.6min
[CV 2/2; 16/45] START gamma=1, max_depth=5, min_child_weight=1..................
[10:51:15] Tree method is selected to be 'hist', which uses a single updater grow_fast_histmaker.
[CV 2/2; 16/45] END gamma=1, max_depth=5, min_child_weight=1;, score=0.895 total time=21.0min
[CV 1/2; 22/45] START gamma=1.5, max_depth=4, min_child_weight=1................
[11:12:16] Tree method is selected to be 'hist', which uses a single updater grow_fast_histmaker.
[CV 1/2; 22/45] END gamma=1.5, max_depth=4, min_child_weight=1;, score=0.896 total time=11.7min
[CV 2/2; 26/45] START gamma=1.5, max_depth=5, min_child_weight=5................
[11:23:57] Tree method is selected to be 'hist', which uses a single updater grow_fast_histmaker.
[CV 2/2; 26/45] END gamma=1.5, max_depth=5, min_child_weight=5;, score=0.896 total time=17.7min
[CV 1/2; 33/45] START gamma=2, max_depth=4, min_child_weight=10.................
[11:41:38] Tree method is selected to be 'hist', which uses a single updater grow_fast_histmaker.
[CV 1/2; 33/45] END gamma=2, max_depth=4, min_child_weight=10;, score=0.896 total time=10.0min
[CV 1/2; 37/45] START gamma=5, max_depth=3, min_child_weight=1..................
[11:51:40] Tree method is selected to be 'hist', which uses a single updater grow_fast_histmaker.
[CV 1/2; 37/45] END gamma=5, max_depth=3, min_child_weight=1;, score=0.894 total time= 5.8min
[CV 1/2; 38/45] START gamma=5, max_depth=3, min_child_weight=5..................
[11:57:30] Tree method is selected to be 'hist', which uses a single updater grow_fast_histmaker.
[CV 1/2; 38/45] END gamma=5, max_depth=3, min_child_weight=5;, score=0.894 total time= 5.7min
[CV 1/2; 39/45] START gamma=5, max_depth=3, min_child_weight=10.................
[12:03:15] Tree method is selected to be 'hist', which uses a single updater grow_fast_histmaker.
[CV 1/2; 39/45] END gamma=5, max_depth=3, min_child_weight=10;, score=0.894 total time= 5.7min
[CV 2/2; 43/45] START gamma=5, max_depth=5, min_child_weight=1..................
[12:08:59] Tree method is selected to be 'hist', which uses a single updater grow_fast_histmaker.
[CV 2/2; 43/45] END gamma=5, max_depth=5, min_child_weight=1;, score=0.897 total time=19.9min
[CV 1/2; 1/45] START gamma=0.5, max_depth=3, min_child_weight=1.................
[10:17:50] Tree method is selected to be 'hist', which uses a single updater grow_fast_histmaker.
[CV 1/2; 1/45] END gamma=0.5, max_depth=3, min_child_weight=1;, score=0.893 total time= 5.8min
[CV 2/2; 7/45] START gamma=0.5, max_depth=5, min_child_weight=1.................
[10:23:38] Tree method is selected to be 'hist', which uses a single updater grow_fast_histmaker.
[CV 2/2; 7/45] END gamma=0.5, max_depth=5, min_child_weight=1;, score=0.896 total time=21.4min
[CV 1/2; 12/45] START gamma=1, max_depth=3, min_child_weight=10.................
[10:45:01] Tree method is selected to be 'hist', which uses a single updater grow_fast_histmaker.
[CV 1/2; 12/45] END gamma=1, max_depth=3, min_child_weight=10;, score=0.894 total time= 5.6min
[CV 1/2; 16/45] START gamma=1, max_depth=5, min_child_weight=1..................
[10:50:38] Tree method is selected to be 'hist', which uses a single updater grow_fast_histmaker.
[CV 1/2; 16/45] END gamma=1, max_depth=5, min_child_weight=1;, score=0.896 total time=21.7min
[CV 2/2; 22/45] START gamma=1.5, max_depth=4, min_child_weight=1................
[11:12:19] Tree method is selected to be 'hist', which uses a single updater grow_fast_histmaker.
[CV 2/2; 22/45] END gamma=1.5, max_depth=4, min_child_weight=1;, score=0.896 total time=11.5min
[CV 1/2; 26/45] START gamma=1.5, max_depth=5, min_child_weight=5................
[11:23:48] Tree method is selected to be 'hist', which uses a single updater grow_fast_histmaker.
[CV 1/2; 26/45] END gamma=1.5, max_depth=5, min_child_weight=5;, score=0.897 total time=18.1min
[CV 2/2; 33/45] START gamma=2, max_depth=4, min_child_weight=10.................
[11:41:53] Tree method is selected to be 'hist', which uses a single updater grow_fast_histmaker.
[CV 2/2; 33/45] END gamma=2, max_depth=4, min_child_weight=10;, score=0.896 total time= 9.9min
[CV 2/2; 37/45] START gamma=5, max_depth=3, min_child_weight=1..................
[11:51:44] Tree method is selected to be 'hist', which uses a single updater grow_fast_histmaker.
[CV 2/2; 37/45] END gamma=5, max_depth=3, min_child_weight=1;, score=0.895 total time= 5.8min
[CV 2/2; 38/45] START gamma=5, max_depth=3, min_child_weight=5..................
[11:57:31] Tree method is selected to be 'hist', which uses a single updater grow_fast_histmaker.
[CV 2/2; 38/45] END gamma=5, max_depth=3, min_child_weight=5;, score=0.894 total time= 5.8min
[CV 2/2; 39/45] START gamma=5, max_depth=3, min_child_weight=10.................
[12:03:16] Tree method is selected to be 'hist', which uses a single updater grow_fast_histmaker.
[CV 2/2; 39/45] END gamma=5, max_depth=3, min_child_weight=10;, score=0.894 total time= 5.6min
[CV 1/2; 43/45] START gamma=5, max_depth=5, min_child_weight=1..................
[12:08:54] Tree method is selected to be 'hist', which uses a single updater grow_fast_histmaker.
[CV 1/2; 43/45] END gamma=5, max_depth=5, min_child_weight=1;, score=0.897 total time=20.4min
[CV 1/2; 4/45] START gamma=0.5, max_depth=4, min_child_weight=1.................
[10:17:50] Tree method is selected to be 'hist', which uses a single updater grow_fast_histmaker.
[CV 1/2; 4/45] END gamma=0.5, max_depth=4, min_child_weight=1;, score=0.896 total time=11.7min
[CV 2/2; 8/45] START gamma=0.5, max_depth=5, min_child_weight=5.................
[10:29:32] Tree method is selected to be 'hist', which uses a single updater grow_fast_histmaker.
[CV 2/2; 8/45] END gamma=0.5, max_depth=5, min_child_weight=5;, score=0.896 total time=17.9min
[CV 1/2; 14/45] START gamma=1, max_depth=4, min_child_weight=5..................
[10:47:26] Tree method is selected to be 'hist', which uses a single updater grow_fast_histmaker.
[CV 1/2; 14/45] END gamma=1, max_depth=4, min_child_weight=5;, score=0.896 total time=10.9min
[CV 2/2; 18/45] START gamma=1, max_depth=5, min_child_weight=10.................
[10:58:23] Tree method is selected to be 'hist', which uses a single updater grow_fast_histmaker.
[CV 2/2; 18/45] END gamma=1, max_depth=5, min_child_weight=10;, score=0.897 total time=15.3min
[CV 2/2; 23/45] START gamma=1.5, max_depth=4, min_child_weight=5................
[11:13:43] Tree method is selected to be 'hist', which uses a single updater grow_fast_histmaker.
[CV 2/2; 23/45] END gamma=1.5, max_depth=4, min_child_weight=5;, score=0.896 total time=10.7min
[CV 1/2; 27/45] START gamma=1.5, max_depth=5, min_child_weight=10...............
[11:24:24] Tree method is selected to be 'hist', which uses a single updater grow_fast_histmaker.
[CV 1/2; 27/45] END gamma=1.5, max_depth=5, min_child_weight=10;, score=0.898 total time=15.3min
[CV 1/2; 32/45] START gamma=2, max_depth=4, min_child_weight=5..................
[11:39:44] Tree method is selected to be 'hist', which uses a single updater grow_fast_histmaker.
[CV 1/2; 32/45] END gamma=2, max_depth=4, min_child_weight=5;, score=0.897 total time=10.9min
[CV 2/2; 36/45] START gamma=2, max_depth=5, min_child_weight=10.................
[11:50:40] Tree method is selected to be 'hist', which uses a single updater grow_fast_histmaker.
[CV 2/2; 36/45] END gamma=2, max_depth=5, min_child_weight=10;, score=0.897 total time=15.3min
[CV 2/2; 41/45] START gamma=5, max_depth=4, min_child_weight=5..................
[12:05:57] Tree method is selected to be 'hist', which uses a single updater grow_fast_histmaker.
[CV 2/2; 41/45] END gamma=5, max_depth=4, min_child_weight=5;, score=0.897 total time=10.9min
[CV 2/2; 45/45] START gamma=5, max_depth=5, min_child_weight=10.................
[12:16:50] Tree method is selected to be 'hist', which uses a single updater grow_fast_histmaker.
[CV 2/2; 45/45] END gamma=5, max_depth=5, min_child_weight=10;, score=0.897 total time=13.0min
[CV 1/2; 2/45] START gamma=0.5, max_depth=3, min_child_weight=5.................
[10:17:50] Tree method is selected to be 'hist', which uses a single updater grow_fast_histmaker.
[CV 1/2; 2/45] END gamma=0.5, max_depth=3, min_child_weight=5;, score=0.894 total time= 5.8min
[CV 2/2; 6/45] START gamma=0.5, max_depth=4, min_child_weight=10................
[10:23:37] Tree method is selected to be 'hist', which uses a single updater grow_fast_histmaker.
[CV 2/2; 6/45] END gamma=0.5, max_depth=4, min_child_weight=10;, score=0.896 total time= 9.7min
[CV 1/2; 9/45] START gamma=0.5, max_depth=5, min_child_weight=10................
[10:33:20] Tree method is selected to be 'hist', which uses a single updater grow_fast_histmaker.
[CV 1/2; 9/45] END gamma=0.5, max_depth=5, min_child_weight=10;, score=0.896 total time=15.6min
[CV 2/2; 15/45] START gamma=1, max_depth=4, min_child_weight=10.................
[10:48:54] Tree method is selected to be 'hist', which uses a single updater grow_fast_histmaker.
[CV 2/2; 15/45] END gamma=1, max_depth=4, min_child_weight=10;, score=0.896 total time= 9.7min
[CV 1/2; 19/45] START gamma=1.5, max_depth=3, min_child_weight=1................
[10:58:37] Tree method is selected to be 'hist', which uses a single updater grow_fast_histmaker.
[CV 1/2; 19/45] END gamma=1.5, max_depth=3, min_child_weight=1;, score=0.894 total time= 5.8min
[CV 1/2; 20/45] START gamma=1.5, max_depth=3, min_child_weight=5................
[11:04:26] Tree method is selected to be 'hist', which uses a single updater grow_fast_histmaker.
[CV 1/2; 20/45] END gamma=1.5, max_depth=3, min_child_weight=5;, score=0.894 total time= 5.8min
[CV 1/2; 21/45] START gamma=1.5, max_depth=3, min_child_weight=10...............
[11:10:11] Tree method is selected to be 'hist', which uses a single updater grow_fast_histmaker.
[CV 1/2; 21/45] END gamma=1.5, max_depth=3, min_child_weight=10;, score=0.894 total time= 5.6min
[CV 1/2; 25/45] START gamma=1.5, max_depth=5, min_child_weight=1................
[11:15:50] Tree method is selected to be 'hist', which uses a single updater grow_fast_histmaker.
[CV 1/2; 25/45] END gamma=1.5, max_depth=5, min_child_weight=1;, score=0.896 total time=21.6min
[CV 2/2; 31/45] START gamma=2, max_depth=4, min_child_weight=1..................
[11:37:26] Tree method is selected to be 'hist', which uses a single updater grow_fast_histmaker.
[CV 2/2; 31/45] END gamma=2, max_depth=4, min_child_weight=1;, score=0.896 total time=11.4min
[CV 1/2; 35/45] START gamma=2, max_depth=5, min_child_weight=5..................
[11:48:47] Tree method is selected to be 'hist', which uses a single updater grow_fast_histmaker.
[CV 1/2; 35/45] END gamma=2, max_depth=5, min_child_weight=5;, score=0.898 total time=18.1min
[CV 2/2; 42/45] START gamma=5, max_depth=4, min_child_weight=10.................
[12:06:56] Tree method is selected to be 'hist', which uses a single updater grow_fast_histmaker.
[CV 2/2; 42/45] END gamma=5, max_depth=4, min_child_weight=10;, score=0.897 total time= 9.9min
[CV 1/2; 45/45] START gamma=5, max_depth=5, min_child_weight=10.................
[12:16:49] Tree method is selected to be 'hist', which uses a single updater grow_fast_histmaker.
[CV 1/2; 45/45] END gamma=5, max_depth=5, min_child_weight=10;, score=0.897 total time=13.1min
[CV 2/2; 3/45] START gamma=0.5, max_depth=3, min_child_weight=10................
[10:17:50] Tree method is selected to be 'hist', which uses a single updater grow_fast_histmaker.
[CV 2/2; 3/45] END gamma=0.5, max_depth=3, min_child_weight=10;, score=0.895 total time= 5.6min
[CV 2/2; 5/45] START gamma=0.5, max_depth=4, min_child_weight=5.................
[10:23:29] Tree method is selected to be 'hist', which uses a single updater grow_fast_histmaker.
[CV 2/2; 5/45] END gamma=0.5, max_depth=4, min_child_weight=5;, score=0.896 total time=10.8min
[CV 1/2; 10/45] START gamma=1, max_depth=3, min_child_weight=1..................
[10:34:19] Tree method is selected to be 'hist', which uses a single updater grow_fast_histmaker.
[CV 1/2; 10/45] END gamma=1, max_depth=3, min_child_weight=1;, score=0.893 total time= 5.7min
[CV 1/2; 11/45] START gamma=1, max_depth=3, min_child_weight=5..................
[10:40:03] Tree method is selected to be 'hist', which uses a single updater grow_fast_histmaker.
[CV 1/2; 11/45] END gamma=1, max_depth=3, min_child_weight=5;, score=0.894 total time= 5.8min
[CV 1/2; 13/45] START gamma=1, max_depth=4, min_child_weight=1..................
[10:45:52] Tree method is selected to be 'hist', which uses a single updater grow_fast_histmaker.
[CV 1/2; 13/45] END gamma=1, max_depth=4, min_child_weight=1;, score=0.896 total time=11.6min
[CV 2/2; 17/45] START gamma=1, max_depth=5, min_child_weight=5..................
[10:57:29] Tree method is selected to be 'hist', which uses a single updater grow_fast_histmaker.
[CV 2/2; 17/45] END gamma=1, max_depth=5, min_child_weight=5;, score=0.896 total time=17.9min
[CV 1/2; 24/45] START gamma=1.5, max_depth=4, min_child_weight=10...............
[11:15:24] Tree method is selected to be 'hist', which uses a single updater grow_fast_histmaker.
[CV 1/2; 24/45] END gamma=1.5, max_depth=4, min_child_weight=10;, score=0.896 total time=10.1min
[CV 1/2; 28/45] START gamma=2, max_depth=3, min_child_weight=1..................
[11:25:30] Tree method is selected to be 'hist', which uses a single updater grow_fast_histmaker.
[CV 1/2; 28/45] END gamma=2, max_depth=3, min_child_weight=1;, score=0.894 total time= 5.8min
[CV 2/2; 29/45] START gamma=2, max_depth=3, min_child_weight=5..................
[11:31:15] Tree method is selected to be 'hist', which uses a single updater grow_fast_histmaker.
[CV 2/2; 29/45] END gamma=2, max_depth=3, min_child_weight=5;, score=0.893 total time= 5.8min
[CV 1/2; 30/45] START gamma=2, max_depth=3, min_child_weight=10.................
[11:37:01] Tree method is selected to be 'hist', which uses a single updater grow_fast_histmaker.
[CV 1/2; 30/45] END gamma=2, max_depth=3, min_child_weight=10;, score=0.893 total time= 5.6min
[CV 2/2; 34/45] START gamma=2, max_depth=5, min_child_weight=1..................
[11:42:38] Tree method is selected to be 'hist', which uses a single updater grow_fast_histmaker.
[CV 2/2; 34/45] END gamma=2, max_depth=5, min_child_weight=1;, score=0.896 total time=21.3min
[CV 1/2; 40/45] START gamma=5, max_depth=4, min_child_weight=1..................
[12:03:54] Tree method is selected to be 'hist', which uses a single updater grow_fast_histmaker.
[CV 1/2; 40/45] END gamma=5, max_depth=4, min_child_weight=1;, score=0.897 total time=11.8min
[CV 2/2; 44/45] START gamma=5, max_depth=5, min_child_weight=5..................
[12:15:41] Tree method is selected to be 'hist', which uses a single updater grow_fast_histmaker.
[CV 2/2; 44/45] END gamma=5, max_depth=5, min_child_weight=5;, score=0.897 total time=14.2min
[CV 1/2; 3/45] START gamma=0.5, max_depth=3, min_child_weight=10................
[10:17:50] Tree method is selected to be 'hist', which uses a single updater grow_fast_histmaker.
[CV 1/2; 3/45] END gamma=0.5, max_depth=3, min_child_weight=10;, score=0.894 total time= 5.6min
[CV 1/2; 5/45] START gamma=0.5, max_depth=4, min_child_weight=5.................
[10:23:28] Tree method is selected to be 'hist', which uses a single updater grow_fast_histmaker.
[CV 1/2; 5/45] END gamma=0.5, max_depth=4, min_child_weight=5;, score=0.897 total time=11.0min
[CV 2/2; 10/45] START gamma=1, max_depth=3, min_child_weight=1..................
[10:34:26] Tree method is selected to be 'hist', which uses a single updater grow_fast_histmaker.
[CV 2/2; 10/45] END gamma=1, max_depth=3, min_child_weight=1;, score=0.894 total time= 5.7min
[CV 2/2; 11/45] START gamma=1, max_depth=3, min_child_weight=5..................
[10:40:07] Tree method is selected to be 'hist', which uses a single updater grow_fast_histmaker.
[CV 2/2; 11/45] END gamma=1, max_depth=3, min_child_weight=5;, score=0.894 total time= 5.8min
[CV 2/2; 13/45] START gamma=1, max_depth=4, min_child_weight=1..................
[10:45:55] Tree method is selected to be 'hist', which uses a single updater grow_fast_histmaker.
[CV 2/2; 13/45] END gamma=1, max_depth=4, min_child_weight=1;, score=0.896 total time=11.4min
[CV 1/2; 17/45] START gamma=1, max_depth=5, min_child_weight=5..................
[10:57:17] Tree method is selected to be 'hist', which uses a single updater grow_fast_histmaker.
[CV 1/2; 17/45] END gamma=1, max_depth=5, min_child_weight=5;, score=0.896 total time=18.2min
[CV 2/2; 24/45] START gamma=1.5, max_depth=4, min_child_weight=10...............
[11:15:27] Tree method is selected to be 'hist', which uses a single updater grow_fast_histmaker.
[CV 2/2; 24/45] END gamma=1.5, max_depth=4, min_child_weight=10;, score=0.897 total time=10.0min
[CV 2/2; 28/45] START gamma=2, max_depth=3, min_child_weight=1..................
[11:25:30] Tree method is selected to be 'hist', which uses a single updater grow_fast_histmaker.
[CV 2/2; 28/45] END gamma=2, max_depth=3, min_child_weight=1;, score=0.895 total time= 5.7min
[CV 1/2; 29/45] START gamma=2, max_depth=3, min_child_weight=5..................
[11:31:14] Tree method is selected to be 'hist', which uses a single updater grow_fast_histmaker.
[CV 1/2; 29/45] END gamma=2, max_depth=3, min_child_weight=5;, score=0.894 total time= 5.8min
[CV 2/2; 30/45] START gamma=2, max_depth=3, min_child_weight=10.................
[11:37:04] Tree method is selected to be 'hist', which uses a single updater grow_fast_histmaker.
[CV 2/2; 30/45] END gamma=2, max_depth=3, min_child_weight=10;, score=0.895 total time= 5.6min
[CV 1/2; 34/45] START gamma=2, max_depth=5, min_child_weight=1..................
[11:42:37] Tree method is selected to be 'hist', which uses a single updater grow_fast_histmaker.
[CV 1/2; 34/45] END gamma=2, max_depth=5, min_child_weight=1;, score=0.897 total time=21.6min
[CV 2/2; 40/45] START gamma=5, max_depth=4, min_child_weight=1..................
[12:04:15] Tree method is selected to be 'hist', which uses a single updater grow_fast_histmaker.
[CV 2/2; 40/45] END gamma=5, max_depth=4, min_child_weight=1;, score=0.897 total time=11.4min
[CV 1/2; 44/45] START gamma=5, max_depth=5, min_child_weight=5..................
[12:15:40] Tree method is selected to be 'hist', which uses a single updater grow_fast_histmaker.
[CV 1/2; 44/45] END gamma=5, max_depth=5, min_child_weight=5;, score=0.897 total time=14.2min
+++++++++++++++++++++++++++++++++++++++++++++++++++++++++++++++++++++++++++++++++++++++++++++++
