+++++++++++++++++++++++++++++++++Iteration1++++++++++++++++++++++++++++++++++++++++++++++++++++
INFO:__main__:Reading the dataset from ./stock_python/data_1000000.pkl...
[01:07:04] Tree method is selected to be 'hist', which uses a single updater grow_fast_histmaker.
Fitting 2 folds for each of 45 candidates, totalling 90 fits
[CV 2/2; 2/45] START gamma=0.5, max_depth=3, min_child_weight=5.................
[01:07:09] Tree method is selected to be 'hist', which uses a single updater grow_fast_histmaker.
[CV 2/2; 2/45] END gamma=0.5, max_depth=3, min_child_weight=5;, score=0.888 total time= 5.8min
[CV 1/2; 6/45] START gamma=0.5, max_depth=4, min_child_weight=10................
[01:12:59] Tree method is selected to be 'hist', which uses a single updater grow_fast_histmaker.
[CV 1/2; 6/45] END gamma=0.5, max_depth=4, min_child_weight=10;, score=0.892 total time=11.7min
[CV 1/2; 9/45] START gamma=0.5, max_depth=5, min_child_weight=10................
[01:24:43] Tree method is selected to be 'hist', which uses a single updater grow_fast_histmaker.
[CV 1/2; 9/45] END gamma=0.5, max_depth=5, min_child_weight=10;, score=0.893 total time=23.2min
[CV 1/2; 16/45] START gamma=1, max_depth=5, min_child_weight=1..................
[01:47:57] Tree method is selected to be 'hist', which uses a single updater grow_fast_histmaker.
[CV 1/2; 16/45] END gamma=1, max_depth=5, min_child_weight=1;, score=0.893 total time=23.6min
[CV 1/2; 22/45] START gamma=1.5, max_depth=4, min_child_weight=1................
[02:11:36] Tree method is selected to be 'hist', which uses a single updater grow_fast_histmaker.
[CV 1/2; 22/45] END gamma=1.5, max_depth=4, min_child_weight=1;, score=0.892 total time=11.8min
[CV 1/2; 26/45] START gamma=1.5, max_depth=5, min_child_weight=5................
[02:23:26] Tree method is selected to be 'hist', which uses a single updater grow_fast_histmaker.
[CV 1/2; 26/45] END gamma=1.5, max_depth=5, min_child_weight=5;, score=0.894 total time=23.5min
[CV 1/2; 33/45] START gamma=2, max_depth=4, min_child_weight=10.................
[02:46:58] Tree method is selected to be 'hist', which uses a single updater grow_fast_histmaker.
[CV 1/2; 33/45] END gamma=2, max_depth=4, min_child_weight=10;, score=0.892 total time=11.8min
[CV 1/2; 37/45] START gamma=5, max_depth=3, min_child_weight=1..................
[02:58:44] Tree method is selected to be 'hist', which uses a single updater grow_fast_histmaker.
[CV 1/2; 37/45] END gamma=5, max_depth=3, min_child_weight=1;, score=0.888 total time= 5.9min
[CV 1/2; 38/45] START gamma=5, max_depth=3, min_child_weight=5..................
[03:04:38] Tree method is selected to be 'hist', which uses a single updater grow_fast_histmaker.
[CV 1/2; 38/45] END gamma=5, max_depth=3, min_child_weight=5;, score=0.888 total time= 5.9min
[CV 1/2; 39/45] START gamma=5, max_depth=3, min_child_weight=10.................
[03:10:34] Tree method is selected to be 'hist', which uses a single updater grow_fast_histmaker.
[CV 1/2; 39/45] END gamma=5, max_depth=3, min_child_weight=10;, score=0.888 total time= 5.9min
[CV 2/2; 41/45] START gamma=5, max_depth=4, min_child_weight=5..................
[03:16:29] Tree method is selected to be 'hist', which uses a single updater grow_fast_histmaker.
[CV 2/2; 41/45] END gamma=5, max_depth=4, min_child_weight=5;, score=0.892 total time=11.8min
[CV 1/2; 2/45] START gamma=0.5, max_depth=3, min_child_weight=5.................
[01:07:09] Tree method is selected to be 'hist', which uses a single updater grow_fast_histmaker.
[CV 1/2; 2/45] END gamma=0.5, max_depth=3, min_child_weight=5;, score=0.889 total time= 5.8min
[CV 2/2; 6/45] START gamma=0.5, max_depth=4, min_child_weight=10................
[01:13:00] Tree method is selected to be 'hist', which uses a single updater grow_fast_histmaker.
[CV 2/2; 6/45] END gamma=0.5, max_depth=4, min_child_weight=10;, score=0.892 total time=11.8min
[CV 1/2; 10/45] START gamma=1, max_depth=3, min_child_weight=1..................
[01:24:47] Tree method is selected to be 'hist', which uses a single updater grow_fast_histmaker.
[CV 1/2; 10/45] END gamma=1, max_depth=3, min_child_weight=1;, score=0.889 total time= 5.9min
[CV 2/2; 11/45] START gamma=1, max_depth=3, min_child_weight=5..................
[01:30:40] Tree method is selected to be 'hist', which uses a single updater grow_fast_histmaker.
[CV 2/2; 11/45] END gamma=1, max_depth=3, min_child_weight=5;, score=0.888 total time= 5.9min
[CV 2/2; 12/45] START gamma=1, max_depth=3, min_child_weight=10.................
[01:36:32] Tree method is selected to be 'hist', which uses a single updater grow_fast_histmaker.
[CV 2/2; 12/45] END gamma=1, max_depth=3, min_child_weight=10;, score=0.888 total time= 5.8min
[CV 1/2; 14/45] START gamma=1, max_depth=4, min_child_weight=5..................
[01:42:20] Tree method is selected to be 'hist', which uses a single updater grow_fast_histmaker.
[CV 1/2; 14/45] END gamma=1, max_depth=4, min_child_weight=5;, score=0.892 total time=11.8min
[CV 1/2; 19/45] START gamma=1.5, max_depth=3, min_child_weight=1................
[01:54:11] Tree method is selected to be 'hist', which uses a single updater grow_fast_histmaker.
[CV 1/2; 19/45] END gamma=1.5, max_depth=3, min_child_weight=1;, score=0.889 total time= 5.9min
[CV 1/2; 20/45] START gamma=1.5, max_depth=3, min_child_weight=5................
[02:00:04] Tree method is selected to be 'hist', which uses a single updater grow_fast_histmaker.
[CV 1/2; 20/45] END gamma=1.5, max_depth=3, min_child_weight=5;, score=0.889 total time= 5.9min
[CV 1/2; 21/45] START gamma=1.5, max_depth=3, min_child_weight=10...............
[02:05:57] Tree method is selected to be 'hist', which uses a single updater grow_fast_histmaker.
[CV 1/2; 21/45] END gamma=1.5, max_depth=3, min_child_weight=10;, score=0.889 total time= 5.9min
[CV 1/2; 23/45] START gamma=1.5, max_depth=4, min_child_weight=5................
[02:11:51] Tree method is selected to be 'hist', which uses a single updater grow_fast_histmaker.
[CV 1/2; 23/45] END gamma=1.5, max_depth=4, min_child_weight=5;, score=0.892 total time=11.8min
[CV 1/2; 27/45] START gamma=1.5, max_depth=5, min_child_weight=10...............
[02:23:41] Tree method is selected to be 'hist', which uses a single updater grow_fast_histmaker.
[CV 1/2; 27/45] END gamma=1.5, max_depth=5, min_child_weight=10;, score=0.893 total time=23.3min
[CV 2/2; 33/45] START gamma=2, max_depth=4, min_child_weight=10.................
[02:47:00] Tree method is selected to be 'hist', which uses a single updater grow_fast_histmaker.
[CV 2/2; 33/45] END gamma=2, max_depth=4, min_child_weight=10;, score=0.892 total time=11.9min
[CV 2/2; 37/45] START gamma=5, max_depth=3, min_child_weight=1..................
[02:58:53] Tree method is selected to be 'hist', which uses a single updater grow_fast_histmaker.
[CV 2/2; 37/45] END gamma=5, max_depth=3, min_child_weight=1;, score=0.888 total time= 5.9min
[CV 2/2; 38/45] START gamma=5, max_depth=3, min_child_weight=5..................
[03:04:47] Tree method is selected to be 'hist', which uses a single updater grow_fast_histmaker.
[CV 2/2; 38/45] END gamma=5, max_depth=3, min_child_weight=5;, score=0.888 total time= 5.9min
[CV 2/2; 39/45] START gamma=5, max_depth=3, min_child_weight=10.................
[03:10:39] Tree method is selected to be 'hist', which uses a single updater grow_fast_histmaker.
[CV 2/2; 39/45] END gamma=5, max_depth=3, min_child_weight=10;, score=0.888 total time= 5.9min
[CV 2/2; 42/45] START gamma=5, max_depth=4, min_child_weight=10.................
[03:16:32] Tree method is selected to be 'hist', which uses a single updater grow_fast_histmaker.
[CV 2/2; 42/45] END gamma=5, max_depth=4, min_child_weight=10;, score=0.892 total time=11.8min
INFO:__main__:=====> Time taken 9342.318383 secs                 for training and prediction for the data size of (1000000, 34)
INFO:__main__:=====> Training Time 4.332243 secs
INFO:__main__:=====> Prediction Time 0.162575 secs
INFO:__main__:=====> XGBoost accuracy score 0.888272
INFO:__main__:DONE
[03:42:40] Tree method is selected to be 'hist', which uses a single updater grow_fast_histmaker.
Time taken: %i hours %i minutes and %s seconds. (2.0, 35.0, 37.15)
[CV 1/2; 4/45] START gamma=0.5, max_depth=4, min_child_weight=1.................
[01:07:09] Tree method is selected to be 'hist', which uses a single updater grow_fast_histmaker.
[CV 1/2; 4/45] END gamma=0.5, max_depth=4, min_child_weight=1;, score=0.892 total time=11.8min
[CV 2/2; 8/45] START gamma=0.5, max_depth=5, min_child_weight=5.................
[01:19:00] Tree method is selected to be 'hist', which uses a single updater grow_fast_histmaker.
[CV 2/2; 8/45] END gamma=0.5, max_depth=5, min_child_weight=5;, score=0.893 total time=23.5min
[CV 2/2; 15/45] START gamma=1, max_depth=4, min_child_weight=10.................
[01:42:31] Tree method is selected to be 'hist', which uses a single updater grow_fast_histmaker.
[CV 2/2; 15/45] END gamma=1, max_depth=4, min_child_weight=10;, score=0.892 total time=11.9min
[CV 2/2; 19/45] START gamma=1.5, max_depth=3, min_child_weight=1................
[01:54:22] Tree method is selected to be 'hist', which uses a single updater grow_fast_histmaker.
[CV 2/2; 19/45] END gamma=1.5, max_depth=3, min_child_weight=1;, score=0.888 total time= 5.9min
[CV 2/2; 20/45] START gamma=1.5, max_depth=3, min_child_weight=5................
[02:00:14] Tree method is selected to be 'hist', which uses a single updater grow_fast_histmaker.
[CV 2/2; 20/45] END gamma=1.5, max_depth=3, min_child_weight=5;, score=0.888 total time= 5.9min
[CV 2/2; 21/45] START gamma=1.5, max_depth=3, min_child_weight=10...............
[02:06:08] Tree method is selected to be 'hist', which uses a single updater grow_fast_histmaker.
[CV 2/2; 21/45] END gamma=1.5, max_depth=3, min_child_weight=10;, score=0.888 total time= 5.9min
[CV 2/2; 24/45] START gamma=1.5, max_depth=4, min_child_weight=10...............
[02:12:01] Tree method is selected to be 'hist', which uses a single updater grow_fast_histmaker.
[CV 2/2; 24/45] END gamma=1.5, max_depth=4, min_child_weight=10;, score=0.892 total time=11.8min
[CV 2/2; 28/45] START gamma=2, max_depth=3, min_child_weight=1..................
[02:23:50] Tree method is selected to be 'hist', which uses a single updater grow_fast_histmaker.
[CV 2/2; 28/45] END gamma=2, max_depth=3, min_child_weight=1;, score=0.888 total time= 5.9min
[CV 2/2; 29/45] START gamma=2, max_depth=3, min_child_weight=5..................
[02:29:46] Tree method is selected to be 'hist', which uses a single updater grow_fast_histmaker.
[CV 2/2; 29/45] END gamma=2, max_depth=3, min_child_weight=5;, score=0.888 total time= 5.9min
[CV 2/2; 30/45] START gamma=2, max_depth=3, min_child_weight=10.................
[02:35:38] Tree method is selected to be 'hist', which uses a single updater grow_fast_histmaker.
[CV 2/2; 30/45] END gamma=2, max_depth=3, min_child_weight=10;, score=0.888 total time= 5.9min
[CV 2/2; 32/45] START gamma=2, max_depth=4, min_child_weight=5..................
[02:41:31] Tree method is selected to be 'hist', which uses a single updater grow_fast_histmaker.
[CV 2/2; 32/45] END gamma=2, max_depth=4, min_child_weight=5;, score=0.893 total time=11.8min
[CV 2/2; 36/45] START gamma=2, max_depth=5, min_child_weight=10.................
[02:53:20] Tree method is selected to be 'hist', which uses a single updater grow_fast_histmaker.
[CV 2/2; 36/45] END gamma=2, max_depth=5, min_child_weight=10;, score=0.893 total time=23.4min
[CV 1/2; 43/45] START gamma=5, max_depth=5, min_child_weight=1..................
[03:16:41] Tree method is selected to be 'hist', which uses a single updater grow_fast_histmaker.
[CV 1/2; 43/45] END gamma=5, max_depth=5, min_child_weight=1;, score=0.894 total time=22.5min
[CV 1/2; 1/45] START gamma=0.5, max_depth=3, min_child_weight=1.................
[01:07:09] Tree method is selected to be 'hist', which uses a single updater grow_fast_histmaker.
[CV 1/2; 1/45] END gamma=0.5, max_depth=3, min_child_weight=1;, score=0.889 total time= 5.8min
[CV 2/2; 5/45] START gamma=0.5, max_depth=4, min_child_weight=5.................
[01:12:59] Tree method is selected to be 'hist', which uses a single updater grow_fast_histmaker.
[CV 2/2; 5/45] END gamma=0.5, max_depth=4, min_child_weight=5;, score=0.892 total time=11.8min
[CV 2/2; 10/45] START gamma=1, max_depth=3, min_child_weight=1..................
[01:24:49] Tree method is selected to be 'hist', which uses a single updater grow_fast_histmaker.
[CV 2/2; 10/45] END gamma=1, max_depth=3, min_child_weight=1;, score=0.888 total time= 5.8min
[CV 1/2; 11/45] START gamma=1, max_depth=3, min_child_weight=5..................
[01:30:39] Tree method is selected to be 'hist', which uses a single updater grow_fast_histmaker.
[CV 1/2; 11/45] END gamma=1, max_depth=3, min_child_weight=5;, score=0.889 total time= 5.9min
[CV 1/2; 12/45] START gamma=1, max_depth=3, min_child_weight=10.................
[01:36:32] Tree method is selected to be 'hist', which uses a single updater grow_fast_histmaker.
[CV 1/2; 12/45] END gamma=1, max_depth=3, min_child_weight=10;, score=0.889 total time= 5.8min
[CV 2/2; 14/45] START gamma=1, max_depth=4, min_child_weight=5..................
[01:42:20] Tree method is selected to be 'hist', which uses a single updater grow_fast_histmaker.
[CV 2/2; 14/45] END gamma=1, max_depth=4, min_child_weight=5;, score=0.892 total time=11.8min
[CV 2/2; 18/45] START gamma=1, max_depth=5, min_child_weight=10.................
[01:54:09] Tree method is selected to be 'hist', which uses a single updater grow_fast_histmaker.
[CV 2/2; 18/45] END gamma=1, max_depth=5, min_child_weight=10;, score=0.893 total time=23.5min
[CV 2/2; 25/45] START gamma=1.5, max_depth=5, min_child_weight=1................
[02:17:39] Tree method is selected to be 'hist', which uses a single updater grow_fast_histmaker.
[CV 2/2; 25/45] END gamma=1.5, max_depth=5, min_child_weight=1;, score=0.893 total time=23.6min
[CV 2/2; 31/45] START gamma=2, max_depth=4, min_child_weight=1..................
[02:41:18] Tree method is selected to be 'hist', which uses a single updater grow_fast_histmaker.
[CV 2/2; 31/45] END gamma=2, max_depth=4, min_child_weight=1;, score=0.893 total time=11.8min
[CV 2/2; 35/45] START gamma=2, max_depth=5, min_child_weight=5..................
[02:53:07] Tree method is selected to be 'hist', which uses a single updater grow_fast_histmaker.
[CV 2/2; 35/45] END gamma=2, max_depth=5, min_child_weight=5;, score=0.893 total time=23.6min
[CV 2/2; 43/45] START gamma=5, max_depth=5, min_child_weight=1..................
[03:16:41] Tree method is selected to be 'hist', which uses a single updater grow_fast_histmaker.
[CV 2/2; 43/45] END gamma=5, max_depth=5, min_child_weight=1;, score=0.894 total time=22.5min
[CV 2/2; 3/45] START gamma=0.5, max_depth=3, min_child_weight=10................
[01:07:09] Tree method is selected to be 'hist', which uses a single updater grow_fast_histmaker.
[CV 2/2; 3/45] END gamma=0.5, max_depth=3, min_child_weight=10;, score=0.888 total time= 5.8min
[CV 1/2; 7/45] START gamma=0.5, max_depth=5, min_child_weight=1.................
[01:13:00] Tree method is selected to be 'hist', which uses a single updater grow_fast_histmaker.
[CV 1/2; 7/45] END gamma=0.5, max_depth=5, min_child_weight=1;, score=0.893 total time=23.6min
[CV 2/2; 13/45] START gamma=1, max_depth=4, min_child_weight=1..................
[01:36:38] Tree method is selected to be 'hist', which uses a single updater grow_fast_histmaker.
[CV 2/2; 13/45] END gamma=1, max_depth=4, min_child_weight=1;, score=0.892 total time=11.8min
[CV 2/2; 17/45] START gamma=1, max_depth=5, min_child_weight=5..................
[01:48:26] Tree method is selected to be 'hist', which uses a single updater grow_fast_histmaker.
[CV 2/2; 17/45] END gamma=1, max_depth=5, min_child_weight=5;, score=0.893 total time=23.6min
[CV 2/2; 23/45] START gamma=1.5, max_depth=4, min_child_weight=5................
[02:12:00] Tree method is selected to be 'hist', which uses a single updater grow_fast_histmaker.
[CV 2/2; 23/45] END gamma=1.5, max_depth=4, min_child_weight=5;, score=0.892 total time=11.8min
[CV 2/2; 27/45] START gamma=1.5, max_depth=5, min_child_weight=10...............
[02:23:49] Tree method is selected to be 'hist', which uses a single updater grow_fast_histmaker.
[CV 2/2; 27/45] END gamma=1.5, max_depth=5, min_child_weight=10;, score=0.894 total time=23.5min
[CV 2/2; 34/45] START gamma=2, max_depth=5, min_child_weight=1..................
[02:47:18] Tree method is selected to be 'hist', which uses a single updater grow_fast_histmaker.
[CV 2/2; 34/45] END gamma=2, max_depth=5, min_child_weight=1;, score=0.893 total time=23.6min
[CV 2/2; 40/45] START gamma=5, max_depth=4, min_child_weight=1..................
[03:10:55] Tree method is selected to be 'hist', which uses a single updater grow_fast_histmaker.
[CV 2/2; 40/45] END gamma=5, max_depth=4, min_child_weight=1;, score=0.892 total time=11.8min
[CV 2/2; 44/45] START gamma=5, max_depth=5, min_child_weight=5..................
[03:22:42] Tree method is selected to be 'hist', which uses a single updater grow_fast_histmaker.
[CV 2/2; 44/45] END gamma=5, max_depth=5, min_child_weight=5;, score=0.893 total time=19.9min
[CV 2/2; 1/45] START gamma=0.5, max_depth=3, min_child_weight=1.................
[01:07:09] Tree method is selected to be 'hist', which uses a single updater grow_fast_histmaker.
[CV 2/2; 1/45] END gamma=0.5, max_depth=3, min_child_weight=1;, score=0.888 total time= 5.9min
[CV 2/2; 7/45] START gamma=0.5, max_depth=5, min_child_weight=1.................
[01:13:02] Tree method is selected to be 'hist', which uses a single updater grow_fast_histmaker.
[CV 2/2; 7/45] END gamma=0.5, max_depth=5, min_child_weight=1;, score=0.895 total time=23.5min
[CV 1/2; 13/45] START gamma=1, max_depth=4, min_child_weight=1..................
[01:36:34] Tree method is selected to be 'hist', which uses a single updater grow_fast_histmaker.
[CV 1/2; 13/45] END gamma=1, max_depth=4, min_child_weight=1;, score=0.892 total time=11.8min
[CV 1/2; 17/45] START gamma=1, max_depth=5, min_child_weight=5..................
[01:48:21] Tree method is selected to be 'hist', which uses a single updater grow_fast_histmaker.
[CV 1/2; 17/45] END gamma=1, max_depth=5, min_child_weight=5;, score=0.894 total time=23.4min
[CV 2/2; 22/45] START gamma=1.5, max_depth=4, min_child_weight=1................
[02:11:45] Tree method is selected to be 'hist', which uses a single updater grow_fast_histmaker.
[CV 2/2; 22/45] END gamma=1.5, max_depth=4, min_child_weight=1;, score=0.892 total time=11.8min
[CV 2/2; 26/45] START gamma=1.5, max_depth=5, min_child_weight=5................
[02:23:35] Tree method is selected to be 'hist', which uses a single updater grow_fast_histmaker.
[CV 2/2; 26/45] END gamma=1.5, max_depth=5, min_child_weight=5;, score=0.893 total time=23.6min
[CV 1/2; 34/45] START gamma=2, max_depth=5, min_child_weight=1..................
[02:47:11] Tree method is selected to be 'hist', which uses a single updater grow_fast_histmaker.
[CV 1/2; 34/45] END gamma=2, max_depth=5, min_child_weight=1;, score=0.894 total time=23.6min
[CV 1/2; 40/45] START gamma=5, max_depth=4, min_child_weight=1..................
[03:10:47] Tree method is selected to be 'hist', which uses a single updater grow_fast_histmaker.
[CV 1/2; 40/45] END gamma=5, max_depth=4, min_child_weight=1;, score=0.892 total time=11.8min
[CV 1/2; 44/45] START gamma=5, max_depth=5, min_child_weight=5..................
[03:22:38] Tree method is selected to be 'hist', which uses a single updater grow_fast_histmaker.
[CV 1/2; 44/45] END gamma=5, max_depth=5, min_child_weight=5;, score=0.893 total time=20.0min
[CV 2/2; 4/45] START gamma=0.5, max_depth=4, min_child_weight=1.................
[01:07:09] Tree method is selected to be 'hist', which uses a single updater grow_fast_histmaker.
[CV 2/2; 4/45] END gamma=0.5, max_depth=4, min_child_weight=1;, score=0.892 total time=11.8min
[CV 1/2; 8/45] START gamma=0.5, max_depth=5, min_child_weight=5.................
[01:18:56] Tree method is selected to be 'hist', which uses a single updater grow_fast_histmaker.
[CV 1/2; 8/45] END gamma=0.5, max_depth=5, min_child_weight=5;, score=0.893 total time=23.4min
[CV 1/2; 15/45] START gamma=1, max_depth=4, min_child_weight=10.................
[01:42:20] Tree method is selected to be 'hist', which uses a single updater grow_fast_histmaker.
[CV 1/2; 15/45] END gamma=1, max_depth=4, min_child_weight=10;, score=0.892 total time=11.7min
[CV 1/2; 18/45] START gamma=1, max_depth=5, min_child_weight=10.................
[01:54:04] Tree method is selected to be 'hist', which uses a single updater grow_fast_histmaker.
[CV 1/2; 18/45] END gamma=1, max_depth=5, min_child_weight=10;, score=0.893 total time=23.3min
[CV 1/2; 25/45] START gamma=1.5, max_depth=5, min_child_weight=1................
[02:17:20] Tree method is selected to be 'hist', which uses a single updater grow_fast_histmaker.
[CV 1/2; 25/45] END gamma=1.5, max_depth=5, min_child_weight=1;, score=0.893 total time=23.7min
[CV 1/2; 31/45] START gamma=2, max_depth=4, min_child_weight=1..................
[02:41:03] Tree method is selected to be 'hist', which uses a single updater grow_fast_histmaker.
[CV 1/2; 31/45] END gamma=2, max_depth=4, min_child_weight=1;, score=0.892 total time=11.9min
[CV 1/2; 35/45] START gamma=2, max_depth=5, min_child_weight=5..................
[02:52:54] Tree method is selected to be 'hist', which uses a single updater grow_fast_histmaker.
[CV 1/2; 35/45] END gamma=2, max_depth=5, min_child_weight=5;, score=0.893 total time=23.5min
[CV 1/2; 41/45] START gamma=5, max_depth=4, min_child_weight=5..................
[03:16:24] Tree method is selected to be 'hist', which uses a single updater grow_fast_histmaker.
[CV 1/2; 41/45] END gamma=5, max_depth=4, min_child_weight=5;, score=0.892 total time=11.8min
[CV 1/2; 45/45] START gamma=5, max_depth=5, min_child_weight=10.................
[03:28:12] Tree method is selected to be 'hist', which uses a single updater grow_fast_histmaker.
[CV 1/2; 45/45] END gamma=5, max_depth=5, min_child_weight=10;, score=0.893 total time=14.5min
[CV 1/2; 3/45] START gamma=0.5, max_depth=3, min_child_weight=10................
[01:07:09] Tree method is selected to be 'hist', which uses a single updater grow_fast_histmaker.
[CV 1/2; 3/45] END gamma=0.5, max_depth=3, min_child_weight=10;, score=0.889 total time= 5.8min
[CV 1/2; 5/45] START gamma=0.5, max_depth=4, min_child_weight=5.................
[01:12:59] Tree method is selected to be 'hist', which uses a single updater grow_fast_histmaker.
[CV 1/2; 5/45] END gamma=0.5, max_depth=4, min_child_weight=5;, score=0.892 total time=11.7min
[CV 2/2; 9/45] START gamma=0.5, max_depth=5, min_child_weight=10................
[01:24:45] Tree method is selected to be 'hist', which uses a single updater grow_fast_histmaker.
[CV 2/2; 9/45] END gamma=0.5, max_depth=5, min_child_weight=10;, score=0.893 total time=23.6min
[CV 2/2; 16/45] START gamma=1, max_depth=5, min_child_weight=1..................
[01:48:19] Tree method is selected to be 'hist', which uses a single updater grow_fast_histmaker.
[CV 2/2; 16/45] END gamma=1, max_depth=5, min_child_weight=1;, score=0.895 total time=23.7min
[CV 1/2; 24/45] START gamma=1.5, max_depth=4, min_child_weight=10...............
[02:12:00] Tree method is selected to be 'hist', which uses a single updater grow_fast_histmaker.
[CV 1/2; 24/45] END gamma=1.5, max_depth=4, min_child_weight=10;, score=0.892 total time=11.8min
[CV 1/2; 28/45] START gamma=2, max_depth=3, min_child_weight=1..................
[02:23:49] Tree method is selected to be 'hist', which uses a single updater grow_fast_histmaker.
[CV 1/2; 28/45] END gamma=2, max_depth=3, min_child_weight=1;, score=0.889 total time= 5.9min
[CV 1/2; 29/45] START gamma=2, max_depth=3, min_child_weight=5..................
[02:29:41] Tree method is selected to be 'hist', which uses a single updater grow_fast_histmaker.
[CV 1/2; 29/45] END gamma=2, max_depth=3, min_child_weight=5;, score=0.889 total time= 5.9min
[CV 1/2; 30/45] START gamma=2, max_depth=3, min_child_weight=10.................
[02:35:35] Tree method is selected to be 'hist', which uses a single updater grow_fast_histmaker.
[CV 1/2; 30/45] END gamma=2, max_depth=3, min_child_weight=10;, score=0.889 total time= 5.9min
[CV 1/2; 32/45] START gamma=2, max_depth=4, min_child_weight=5..................
[02:41:29] Tree method is selected to be 'hist', which uses a single updater grow_fast_histmaker.
[CV 1/2; 32/45] END gamma=2, max_depth=4, min_child_weight=5;, score=0.892 total time=11.7min
[CV 1/2; 36/45] START gamma=2, max_depth=5, min_child_weight=10.................
[02:53:12] Tree method is selected to be 'hist', which uses a single updater grow_fast_histmaker.
[CV 1/2; 36/45] END gamma=2, max_depth=5, min_child_weight=10;, score=0.895 total time=23.3min
[CV 1/2; 42/45] START gamma=5, max_depth=4, min_child_weight=10.................
[03:16:30] Tree method is selected to be 'hist', which uses a single updater grow_fast_histmaker.
[CV 1/2; 42/45] END gamma=5, max_depth=4, min_child_weight=10;, score=0.892 total time=11.8min
[CV 2/2; 45/45] START gamma=5, max_depth=5, min_child_weight=10.................
[03:28:18] Tree method is selected to be 'hist', which uses a single updater grow_fast_histmaker.
[CV 2/2; 45/45] END gamma=5, max_depth=5, min_child_weight=10;, score=0.894 total time=14.4min
+++++++++++++++++++++++++++++++++++++++++++++++++++++++++++++++++++++++++++++++++++++++++++++++
