+++++++++++++++++++++++++++++++++Iteration1++++++++++++++++++++++++++++++++++++++++++++++++++++
Intel(R) Extension for Scikit-learn* enabled (https://github.com/intel/scikit-learn-intelex)
INFO:__main__:Reading the dataset from ./intel_python/data_1000000.pkl...
INFO:root:sklearn.model_selection.train_test_split: running accelerated version on CPU
INFO:root:sklearn.model_selection.train_test_split: running accelerated version on CPU
Fitting 2 folds for each of 45 candidates, totalling 90 fits
INFO:__main__:=====> Time taken 195.689020 secs                 for training and prediction for the data size of (1000000, 34)
INFO:__main__:=====> Training Time 3.242474 secs
INFO:__main__:=====> Prediction Time 0.099823 secs
INFO:__main__:=====> XGBoost accuracy score 0.922028
INFO:__main__:DONE
Time taken: %i hours %i minutes and %s seconds. (0.0, 3.0, 11.82)
[CV 1/2; 2/45] START gamma=0.5, max_depth=3, min_child_weight=5.................
[CV 1/2; 2/45] END gamma=0.5, max_depth=3, min_child_weight=5;, score=0.910 total time=  14.1s
[CV 2/2; 6/45] START gamma=0.5, max_depth=4, min_child_weight=10................
[CV 2/2; 6/45] END gamma=0.5, max_depth=4, min_child_weight=10;, score=0.921 total time=  16.3s
[CV 1/2; 11/45] START gamma=1, max_depth=3, min_child_weight=5..................
[CV 1/2; 11/45] END gamma=1, max_depth=3, min_child_weight=5;, score=0.910 total time=  13.2s
[CV 1/2; 13/45] START gamma=1, max_depth=4, min_child_weight=1..................
[CV 1/2; 13/45] END gamma=1, max_depth=4, min_child_weight=1;, score=0.922 total time=  16.2s
[CV 2/2; 17/45] START gamma=1, max_depth=5, min_child_weight=5..................
[CV 2/2; 17/45] END gamma=1, max_depth=5, min_child_weight=5;, score=0.922 total time=  18.2s
[CV 2/2; 21/45] START gamma=1.5, max_depth=3, min_child_weight=10...............
[CV 2/2; 21/45] END gamma=1.5, max_depth=3, min_child_weight=10;, score=0.909 total time=  15.2s
[CV 2/2; 25/45] START gamma=1.5, max_depth=5, min_child_weight=1................
[CV 2/2; 25/45] END gamma=1.5, max_depth=5, min_child_weight=1;, score=0.921 total time=  18.1s
[CV 2/2; 29/45] START gamma=2, max_depth=3, min_child_weight=5..................
[CV 2/2; 29/45] END gamma=2, max_depth=3, min_child_weight=5;, score=0.909 total time=  14.5s
[CV 2/2; 33/45] START gamma=2, max_depth=4, min_child_weight=10.................
[CV 2/2; 33/45] END gamma=2, max_depth=4, min_child_weight=10;, score=0.921 total time=  17.6s
[CV 2/2; 37/45] START gamma=5, max_depth=3, min_child_weight=1..................
[CV 2/2; 37/45] END gamma=5, max_depth=3, min_child_weight=1;, score=0.908 total time=  15.0s
[CV 2/2; 41/45] START gamma=5, max_depth=4, min_child_weight=5..................
[CV 2/2; 41/45] END gamma=5, max_depth=4, min_child_weight=5;, score=0.921 total time=  18.4s
[CV 1/2; 4/45] START gamma=0.5, max_depth=4, min_child_weight=1.................
[CV 1/2; 4/45] END gamma=0.5, max_depth=4, min_child_weight=1;, score=0.922 total time=  13.5s
[CV 2/2; 5/45] START gamma=0.5, max_depth=4, min_child_weight=5.................
[CV 2/2; 5/45] END gamma=0.5, max_depth=4, min_child_weight=5;, score=0.921 total time=  15.2s
[CV 1/2; 9/45] START gamma=0.5, max_depth=5, min_child_weight=10................
[CV 1/2; 9/45] END gamma=0.5, max_depth=5, min_child_weight=10;, score=0.922 total time=  18.6s
[CV 2/2; 14/45] START gamma=1, max_depth=4, min_child_weight=5..................
[CV 2/2; 14/45] END gamma=1, max_depth=4, min_child_weight=5;, score=0.920 total time=  16.3s
[CV 2/2; 18/45] START gamma=1, max_depth=5, min_child_weight=10.................
[CV 2/2; 18/45] END gamma=1, max_depth=5, min_child_weight=10;, score=0.922 total time=  16.7s
[CV 1/2; 22/45] START gamma=1.5, max_depth=4, min_child_weight=1................
[CV 1/2; 22/45] END gamma=1.5, max_depth=4, min_child_weight=1;, score=0.922 total time=  15.2s
[CV 1/2; 26/45] START gamma=1.5, max_depth=5, min_child_weight=5................
[CV 1/2; 26/45] END gamma=1.5, max_depth=5, min_child_weight=5;, score=0.922 total time=  18.4s
[CV 1/2; 30/45] START gamma=2, max_depth=3, min_child_weight=10.................
[CV 1/2; 30/45] END gamma=2, max_depth=3, min_child_weight=10;, score=0.910 total time=  14.5s
[CV 1/2; 34/45] START gamma=2, max_depth=5, min_child_weight=1..................
[CV 1/2; 34/45] END gamma=2, max_depth=5, min_child_weight=1;, score=0.922 total time=  18.8s
[CV 2/2; 38/45] START gamma=5, max_depth=3, min_child_weight=5..................
[CV 2/2; 38/45] END gamma=5, max_depth=3, min_child_weight=5;, score=0.908 total time=  15.3s
[CV 2/2; 42/45] START gamma=5, max_depth=4, min_child_weight=10.................
[CV 2/2; 42/45] END gamma=5, max_depth=4, min_child_weight=10;, score=0.920 total time=  15.4s
[CV 2/2; 3/45] START gamma=0.5, max_depth=3, min_child_weight=10................
[CV 2/2; 3/45] END gamma=0.5, max_depth=3, min_child_weight=10;, score=0.909 total time=  14.0s
[CV 1/2; 6/45] START gamma=0.5, max_depth=4, min_child_weight=10................
[CV 1/2; 6/45] END gamma=0.5, max_depth=4, min_child_weight=10;, score=0.922 total time=  15.0s
[CV 2/2; 9/45] START gamma=0.5, max_depth=5, min_child_weight=10................
[CV 2/2; 9/45] END gamma=0.5, max_depth=5, min_child_weight=10;, score=0.922 total time=  19.9s
[CV 1/2; 15/45] START gamma=1, max_depth=4, min_child_weight=10.................
[CV 1/2; 15/45] END gamma=1, max_depth=4, min_child_weight=10;, score=0.922 total time=  15.7s
[CV 1/2; 19/45] START gamma=1.5, max_depth=3, min_child_weight=1................
[CV 1/2; 19/45] END gamma=1.5, max_depth=3, min_child_weight=1;, score=0.910 total time=  16.8s
[CV 2/2; 23/45] START gamma=1.5, max_depth=4, min_child_weight=5................
[CV 2/2; 23/45] END gamma=1.5, max_depth=4, min_child_weight=5;, score=0.920 total time=  16.1s
[CV 1/2; 27/45] START gamma=1.5, max_depth=5, min_child_weight=10...............
[CV 1/2; 27/45] END gamma=1.5, max_depth=5, min_child_weight=10;, score=0.922 total time=  18.1s
[CV 1/2; 31/45] START gamma=2, max_depth=4, min_child_weight=1..................
[CV 1/2; 31/45] END gamma=2, max_depth=4, min_child_weight=1;, score=0.922 total time=  14.9s
[CV 1/2; 35/45] START gamma=2, max_depth=5, min_child_weight=5..................
[CV 1/2; 35/45] END gamma=2, max_depth=5, min_child_weight=5;, score=0.922 total time=  18.1s
[CV 1/2; 39/45] START gamma=5, max_depth=3, min_child_weight=10.................
[CV 1/2; 39/45] END gamma=5, max_depth=3, min_child_weight=10;, score=0.910 total time=  14.5s
[CV 1/2; 43/45] START gamma=5, max_depth=5, min_child_weight=1..................
[CV 1/2; 43/45] END gamma=5, max_depth=5, min_child_weight=1;, score=0.922 total time=  17.2s
[CV 2/2; 1/45] START gamma=0.5, max_depth=3, min_child_weight=1.................
[CV 2/2; 1/45] END gamma=0.5, max_depth=3, min_child_weight=1;, score=0.909 total time=  14.7s
[CV 2/2; 7/45] START gamma=0.5, max_depth=5, min_child_weight=1.................
[CV 2/2; 7/45] END gamma=0.5, max_depth=5, min_child_weight=1;, score=0.922 total time=  21.1s
[CV 1/2; 12/45] START gamma=1, max_depth=3, min_child_weight=10.................
[CV 1/2; 12/45] END gamma=1, max_depth=3, min_child_weight=10;, score=0.910 total time=  14.6s
[CV 1/2; 16/45] START gamma=1, max_depth=5, min_child_weight=1..................
[CV 1/2; 16/45] END gamma=1, max_depth=5, min_child_weight=1;, score=0.922 total time=  19.0s
[CV 1/2; 20/45] START gamma=1.5, max_depth=3, min_child_weight=5................
[CV 1/2; 20/45] END gamma=1.5, max_depth=3, min_child_weight=5;, score=0.910 total time=  16.0s
[CV 2/2; 24/45] START gamma=1.5, max_depth=4, min_child_weight=10...............
[CV 2/2; 24/45] END gamma=1.5, max_depth=4, min_child_weight=10;, score=0.921 total time=  17.2s
[CV 1/2; 28/45] START gamma=2, max_depth=3, min_child_weight=1..................
[CV 1/2; 28/45] END gamma=2, max_depth=3, min_child_weight=1;, score=0.910 total time=  13.9s
[CV 2/2; 31/45] START gamma=2, max_depth=4, min_child_weight=1..................
[CV 2/2; 31/45] END gamma=2, max_depth=4, min_child_weight=1;, score=0.921 total time=  16.5s
[CV 2/2; 35/45] START gamma=2, max_depth=5, min_child_weight=5..................
[CV 2/2; 35/45] END gamma=2, max_depth=5, min_child_weight=5;, score=0.922 total time=  19.2s
[CV 2/2; 39/45] START gamma=5, max_depth=3, min_child_weight=10.................
[CV 2/2; 39/45] END gamma=5, max_depth=3, min_child_weight=10;, score=0.908 total time=  14.7s
[CV 2/2; 43/45] START gamma=5, max_depth=5, min_child_weight=1..................
[CV 2/2; 43/45] END gamma=5, max_depth=5, min_child_weight=1;, score=0.922 total time=  16.2s
[CV 1/2; 1/45] START gamma=0.5, max_depth=3, min_child_weight=1.................
[CV 1/2; 1/45] END gamma=0.5, max_depth=3, min_child_weight=1;, score=0.910 total time=  14.2s
[CV 1/2; 7/45] START gamma=0.5, max_depth=5, min_child_weight=1.................
[CV 1/2; 7/45] END gamma=0.5, max_depth=5, min_child_weight=1;, score=0.922 total time=  15.3s
[CV 1/2; 10/45] START gamma=1, max_depth=3, min_child_weight=1..................
[CV 1/2; 10/45] END gamma=1, max_depth=3, min_child_weight=1;, score=0.910 total time=  14.3s
[CV 1/2; 14/45] START gamma=1, max_depth=4, min_child_weight=5..................
[CV 1/2; 14/45] END gamma=1, max_depth=4, min_child_weight=5;, score=0.921 total time=  17.2s
[CV 1/2; 18/45] START gamma=1, max_depth=5, min_child_weight=10.................
[CV 1/2; 18/45] END gamma=1, max_depth=5, min_child_weight=10;, score=0.922 total time=  20.0s
[CV 1/2; 23/45] START gamma=1.5, max_depth=4, min_child_weight=5................
[CV 1/2; 23/45] END gamma=1.5, max_depth=4, min_child_weight=5;, score=0.921 total time=  17.4s
[CV 2/2; 27/45] START gamma=1.5, max_depth=5, min_child_weight=10...............
[CV 2/2; 27/45] END gamma=1.5, max_depth=5, min_child_weight=10;, score=0.922 total time=  19.1s
[CV 1/2; 32/45] START gamma=2, max_depth=4, min_child_weight=5..................
[CV 1/2; 32/45] END gamma=2, max_depth=4, min_child_weight=5;, score=0.921 total time=  17.7s
[CV 2/2; 36/45] START gamma=2, max_depth=5, min_child_weight=10.................
[CV 2/2; 36/45] END gamma=2, max_depth=5, min_child_weight=10;, score=0.922 total time=  18.9s
[CV 1/2; 40/45] START gamma=5, max_depth=4, min_child_weight=1..................
[CV 1/2; 40/45] END gamma=5, max_depth=4, min_child_weight=1;, score=0.922 total time=  15.4s
[CV 1/2; 44/45] START gamma=5, max_depth=5, min_child_weight=5..................
[CV 1/2; 44/45] END gamma=5, max_depth=5, min_child_weight=5;, score=0.922 total time=  15.1s
[CV 2/2; 4/45] START gamma=0.5, max_depth=4, min_child_weight=1.................
[CV 2/2; 4/45] END gamma=0.5, max_depth=4, min_child_weight=1;, score=0.921 total time=  16.3s
[CV 1/2; 8/45] START gamma=0.5, max_depth=5, min_child_weight=5.................
[CV 1/2; 8/45] END gamma=0.5, max_depth=5, min_child_weight=5;, score=0.922 total time=  20.4s
[CV 2/2; 12/45] START gamma=1, max_depth=3, min_child_weight=10.................
[CV 2/2; 12/45] END gamma=1, max_depth=3, min_child_weight=10;, score=0.909 total time=  15.0s
[CV 2/2; 16/45] START gamma=1, max_depth=5, min_child_weight=1..................
[CV 2/2; 16/45] END gamma=1, max_depth=5, min_child_weight=1;, score=0.921 total time=  17.9s
[CV 2/2; 20/45] START gamma=1.5, max_depth=3, min_child_weight=5................
[CV 2/2; 20/45] END gamma=1.5, max_depth=3, min_child_weight=5;, score=0.909 total time=  14.7s
[CV 1/2; 24/45] START gamma=1.5, max_depth=4, min_child_weight=10...............
[CV 1/2; 24/45] END gamma=1.5, max_depth=4, min_child_weight=10;, score=0.922 total time=  18.2s
[CV 2/2; 28/45] START gamma=2, max_depth=3, min_child_weight=1..................
[CV 2/2; 28/45] END gamma=2, max_depth=3, min_child_weight=1;, score=0.909 total time=  15.5s
[CV 2/2; 32/45] START gamma=2, max_depth=4, min_child_weight=5..................
[CV 2/2; 32/45] END gamma=2, max_depth=4, min_child_weight=5;, score=0.920 total time=  16.7s
[CV 1/2; 36/45] START gamma=2, max_depth=5, min_child_weight=10.................
[CV 1/2; 36/45] END gamma=2, max_depth=5, min_child_weight=10;, score=0.922 total time=  19.4s
[CV 2/2; 40/45] START gamma=5, max_depth=4, min_child_weight=1..................
[CV 2/2; 40/45] END gamma=5, max_depth=4, min_child_weight=1;, score=0.920 total time=  16.0s
[CV 2/2; 44/45] START gamma=5, max_depth=5, min_child_weight=5..................
[CV 2/2; 44/45] END gamma=5, max_depth=5, min_child_weight=5;, score=0.922 total time=  14.9s
[CV 1/2; 3/45] START gamma=0.5, max_depth=3, min_child_weight=10................
[CV 1/2; 3/45] END gamma=0.5, max_depth=3, min_child_weight=10;, score=0.910 total time=  12.9s
[CV 1/2; 5/45] START gamma=0.5, max_depth=4, min_child_weight=5.................
[CV 1/2; 5/45] END gamma=0.5, max_depth=4, min_child_weight=5;, score=0.921 total time=  16.7s
[CV 2/2; 10/45] START gamma=1, max_depth=3, min_child_weight=1..................
[CV 2/2; 10/45] END gamma=1, max_depth=3, min_child_weight=1;, score=0.909 total time=  14.1s
[CV 2/2; 13/45] START gamma=1, max_depth=4, min_child_weight=1..................
[CV 2/2; 13/45] END gamma=1, max_depth=4, min_child_weight=1;, score=0.921 total time=  15.5s
[CV 1/2; 17/45] START gamma=1, max_depth=5, min_child_weight=5..................
[CV 1/2; 17/45] END gamma=1, max_depth=5, min_child_weight=5;, score=0.922 total time=  18.8s
[CV 1/2; 21/45] START gamma=1.5, max_depth=3, min_child_weight=10...............
[CV 1/2; 21/45] END gamma=1.5, max_depth=3, min_child_weight=10;, score=0.910 total time=  13.6s
[CV 1/2; 25/45] START gamma=1.5, max_depth=5, min_child_weight=1................
[CV 1/2; 25/45] END gamma=1.5, max_depth=5, min_child_weight=1;, score=0.922 total time=  17.3s
[CV 1/2; 29/45] START gamma=2, max_depth=3, min_child_weight=5..................
[CV 1/2; 29/45] END gamma=2, max_depth=3, min_child_weight=5;, score=0.910 total time=  14.8s
[CV 1/2; 33/45] START gamma=2, max_depth=4, min_child_weight=10.................
[CV 1/2; 33/45] END gamma=2, max_depth=4, min_child_weight=10;, score=0.922 total time=  16.5s
[CV 1/2; 37/45] START gamma=5, max_depth=3, min_child_weight=1..................
[CV 1/2; 37/45] END gamma=5, max_depth=3, min_child_weight=1;, score=0.910 total time=  14.5s
[CV 1/2; 41/45] START gamma=5, max_depth=4, min_child_weight=5..................
[CV 1/2; 41/45] END gamma=5, max_depth=4, min_child_weight=5;, score=0.921 total time=  18.7s
[CV 1/2; 45/45] START gamma=5, max_depth=5, min_child_weight=10.................
[CV 1/2; 45/45] END gamma=5, max_depth=5, min_child_weight=10;, score=0.922 total time=  12.0s
[CV 2/2; 2/45] START gamma=0.5, max_depth=3, min_child_weight=5.................
[CV 2/2; 2/45] END gamma=0.5, max_depth=3, min_child_weight=5;, score=0.909 total time=  16.6s
[CV 2/2; 8/45] START gamma=0.5, max_depth=5, min_child_weight=5.................
[CV 2/2; 8/45] END gamma=0.5, max_depth=5, min_child_weight=5;, score=0.921 total time=  18.4s
[CV 2/2; 11/45] START gamma=1, max_depth=3, min_child_weight=5..................
[CV 2/2; 11/45] END gamma=1, max_depth=3, min_child_weight=5;, score=0.909 total time=  14.6s
[CV 2/2; 15/45] START gamma=1, max_depth=4, min_child_weight=10.................
[CV 2/2; 15/45] END gamma=1, max_depth=4, min_child_weight=10;, score=0.921 total time=  17.7s
[CV 2/2; 19/45] START gamma=1.5, max_depth=3, min_child_weight=1................
[CV 2/2; 19/45] END gamma=1.5, max_depth=3, min_child_weight=1;, score=0.909 total time=  13.2s
[CV 2/2; 22/45] START gamma=1.5, max_depth=4, min_child_weight=1................
[CV 2/2; 22/45] END gamma=1.5, max_depth=4, min_child_weight=1;, score=0.921 total time=  15.9s
[CV 2/2; 26/45] START gamma=1.5, max_depth=5, min_child_weight=5................
[CV 2/2; 26/45] END gamma=1.5, max_depth=5, min_child_weight=5;, score=0.922 total time=  18.1s
[CV 2/2; 30/45] START gamma=2, max_depth=3, min_child_weight=10.................
[CV 2/2; 30/45] END gamma=2, max_depth=3, min_child_weight=10;, score=0.909 total time=  14.6s
[CV 2/2; 34/45] START gamma=2, max_depth=5, min_child_weight=1..................
[CV 2/2; 34/45] END gamma=2, max_depth=5, min_child_weight=1;, score=0.922 total time=  17.5s
[CV 1/2; 38/45] START gamma=5, max_depth=3, min_child_weight=5..................
[CV 1/2; 38/45] END gamma=5, max_depth=3, min_child_weight=5;, score=0.910 total time=  12.5s
[CV 1/2; 42/45] START gamma=5, max_depth=4, min_child_weight=10.................
[CV 1/2; 42/45] END gamma=5, max_depth=4, min_child_weight=10;, score=0.921 total time=  14.7s
[CV 2/2; 45/45] START gamma=5, max_depth=5, min_child_weight=10.................
[CV 2/2; 45/45] END gamma=5, max_depth=5, min_child_weight=10;, score=0.922 total time=  11.6s
+++++++++++++++++++++++++++++++++++++++++++++++++++++++++++++++++++++++++++++++++++++++++++++++
