+++++++++++++++++++++++++++++++++DataSet++++++++++++++++++++++++++++++++++++++++++++++++++++
INFO:__main__:Generating data with the size 800000
INFO:__main__:changing Tele_Attatched into an object variable
INFO:__main__:Generating our target variable Asset_Label
INFO:__main__:Creating correlation between our variables and our target variable
INFO:__main__:When age is 60-70 and over 95 change Asset_Label to 1
INFO:__main__:When elevation is between 500-1500 change Asset_Label to 1
INFO:__main__:When Manufacturer is A, E, or H change Asset_Label to have  95% 0's
INFO:__main__:When Species is C2 or C5 change Asset_Label to have 90% to 0's
INFO:__main__:When District is NE or W change Asset_Label to have 90% to 0's
INFO:__main__:When District is Untreated change Asset_Label to have 70% to 1's
INFO:__main__:When Age is greater than 90 and Elevaation is less than 1200              and Original_treatment is Oil change Asset_Label to have 90% to 1's
INFO:__main__:=====> Time taken 1.263080 secs for data generation for the size of (800000, 34)
INFO:__main__:Saving the data to ./intel_python/data_800000.pkl ...
INFO:__main__:DONE
+++++++++++++++++++++++++++++++++Iteration1++++++++++++++++++++++++++++++++++++++++++++++++++++
Intel(R) Extension for Scikit-learn* enabled (https://github.com/intel/scikit-learn-intelex)
INFO:__main__:Reading the dataset from ./intel_python/data_800000.pkl...
INFO:root:sklearn.model_selection.train_test_split: running accelerated version on CPU
INFO:root:sklearn.model_selection.train_test_split: running accelerated version on CPU
Fitting 2 folds for each of 45 candidates, totalling 90 fits
INFO:__main__:=====> Time taken 162.872168 secs                 for training and prediction for the data size of (800000, 34)
INFO:__main__:=====> Training Time 2.622751 secs
INFO:__main__:=====> Prediction Time 0.079715 secs
INFO:__main__:=====> XGBoost accuracy score 0.922135
INFO:__main__:DONE
Time taken: %i hours %i minutes and %s seconds. (0.0, 2.0, 39.75)
[CV 1/2; 3/45] START gamma=0.5, max_depth=3, min_child_weight=10................
[CV 1/2; 3/45] END gamma=0.5, max_depth=3, min_child_weight=10;, score=0.912 total time=  12.3s
[CV 2/2; 6/45] START gamma=0.5, max_depth=4, min_child_weight=10................
[CV 2/2; 6/45] END gamma=0.5, max_depth=4, min_child_weight=10;, score=0.922 total time=  11.8s
[CV 2/2; 9/45] START gamma=0.5, max_depth=5, min_child_weight=10................
[CV 2/2; 9/45] END gamma=0.5, max_depth=5, min_child_weight=10;, score=0.922 total time=  15.5s
[CV 1/2; 15/45] START gamma=1, max_depth=4, min_child_weight=10.................
[CV 1/2; 15/45] END gamma=1, max_depth=4, min_child_weight=10;, score=0.922 total time=  11.9s
[CV 2/2; 17/45] START gamma=1, max_depth=5, min_child_weight=5..................
[CV 2/2; 17/45] END gamma=1, max_depth=5, min_child_weight=5;, score=0.922 total time=  14.8s
[CV 2/2; 21/45] START gamma=1.5, max_depth=3, min_child_weight=10...............
[CV 2/2; 21/45] END gamma=1.5, max_depth=3, min_child_weight=10;, score=0.909 total time=  11.3s
[CV 2/2; 25/45] START gamma=1.5, max_depth=5, min_child_weight=1................
[CV 2/2; 25/45] END gamma=1.5, max_depth=5, min_child_weight=1;, score=0.922 total time=  15.4s
[CV 2/2; 29/45] START gamma=2, max_depth=3, min_child_weight=5..................
[CV 2/2; 29/45] END gamma=2, max_depth=3, min_child_weight=5;, score=0.909 total time=  13.8s
[CV 2/2; 34/45] START gamma=2, max_depth=5, min_child_weight=1..................
[CV 2/2; 34/45] END gamma=2, max_depth=5, min_child_weight=1;, score=0.922 total time=  15.6s
[CV 2/2; 38/45] START gamma=5, max_depth=3, min_child_weight=5..................
[CV 2/2; 38/45] END gamma=5, max_depth=3, min_child_weight=5;, score=0.911 total time=  11.2s
[CV 1/2; 42/45] START gamma=5, max_depth=4, min_child_weight=10.................
[CV 1/2; 42/45] END gamma=5, max_depth=4, min_child_weight=10;, score=0.922 total time=  12.7s
[CV 1/2; 2/45] START gamma=0.5, max_depth=3, min_child_weight=5.................
[CV 1/2; 2/45] END gamma=0.5, max_depth=3, min_child_weight=5;, score=0.912 total time=  12.2s
[CV 1/2; 6/45] START gamma=0.5, max_depth=4, min_child_weight=10................
[CV 1/2; 6/45] END gamma=0.5, max_depth=4, min_child_weight=10;, score=0.922 total time=  14.0s
[CV 2/2; 10/45] START gamma=1, max_depth=3, min_child_weight=1..................
[CV 2/2; 10/45] END gamma=1, max_depth=3, min_child_weight=1;, score=0.909 total time=  13.0s
[CV 2/2; 14/45] START gamma=1, max_depth=4, min_child_weight=5..................
[CV 2/2; 14/45] END gamma=1, max_depth=4, min_child_weight=5;, score=0.922 total time=  15.0s
[CV 1/2; 19/45] START gamma=1.5, max_depth=3, min_child_weight=1................
[CV 1/2; 19/45] END gamma=1.5, max_depth=3, min_child_weight=1;, score=0.912 total time=  12.0s
[CV 1/2; 22/45] START gamma=1.5, max_depth=4, min_child_weight=1................
[CV 1/2; 22/45] END gamma=1.5, max_depth=4, min_child_weight=1;, score=0.922 total time=  12.4s
[CV 1/2; 26/45] START gamma=1.5, max_depth=5, min_child_weight=5................
[CV 1/2; 26/45] END gamma=1.5, max_depth=5, min_child_weight=5;, score=0.923 total time=  16.0s
[CV 1/2; 30/45] START gamma=2, max_depth=3, min_child_weight=10.................
[CV 1/2; 30/45] END gamma=2, max_depth=3, min_child_weight=10;, score=0.912 total time=  11.9s
[CV 1/2; 34/45] START gamma=2, max_depth=5, min_child_weight=1..................
[CV 1/2; 34/45] END gamma=2, max_depth=5, min_child_weight=1;, score=0.923 total time=  15.5s
[CV 1/2; 38/45] START gamma=5, max_depth=3, min_child_weight=5..................
[CV 1/2; 38/45] END gamma=5, max_depth=3, min_child_weight=5;, score=0.913 total time=  12.0s
[CV 2/2; 42/45] START gamma=5, max_depth=4, min_child_weight=10.................
[CV 2/2; 42/45] END gamma=5, max_depth=4, min_child_weight=10;, score=0.922 total time=  12.8s
[CV 1/2; 1/45] START gamma=0.5, max_depth=3, min_child_weight=1.................
[CV 1/2; 1/45] END gamma=0.5, max_depth=3, min_child_weight=1;, score=0.912 total time=  12.8s
[CV 1/2; 7/45] START gamma=0.5, max_depth=5, min_child_weight=1.................
[CV 1/2; 7/45] END gamma=0.5, max_depth=5, min_child_weight=1;, score=0.923 total time=  15.1s
[CV 2/2; 11/45] START gamma=1, max_depth=3, min_child_weight=5..................
[CV 2/2; 11/45] END gamma=1, max_depth=3, min_child_weight=5;, score=0.909 total time=  13.1s
[CV 1/2; 16/45] START gamma=1, max_depth=5, min_child_weight=1..................
[CV 1/2; 16/45] END gamma=1, max_depth=5, min_child_weight=1;, score=0.923 total time=  16.4s
[CV 1/2; 20/45] START gamma=1.5, max_depth=3, min_child_weight=5................
[CV 1/2; 20/45] END gamma=1.5, max_depth=3, min_child_weight=5;, score=0.912 total time=  13.3s
[CV 1/2; 24/45] START gamma=1.5, max_depth=4, min_child_weight=10...............
[CV 1/2; 24/45] END gamma=1.5, max_depth=4, min_child_weight=10;, score=0.922 total time=  13.4s
[CV 1/2; 28/45] START gamma=2, max_depth=3, min_child_weight=1..................
[CV 1/2; 28/45] END gamma=2, max_depth=3, min_child_weight=1;, score=0.912 total time=  11.7s
[CV 1/2; 31/45] START gamma=2, max_depth=4, min_child_weight=1..................
[CV 1/2; 31/45] END gamma=2, max_depth=4, min_child_weight=1;, score=0.922 total time=  12.2s
[CV 1/2; 35/45] START gamma=2, max_depth=5, min_child_weight=5..................
[CV 1/2; 35/45] END gamma=2, max_depth=5, min_child_weight=5;, score=0.923 total time=  14.9s
[CV 1/2; 39/45] START gamma=5, max_depth=3, min_child_weight=10.................
[CV 1/2; 39/45] END gamma=5, max_depth=3, min_child_weight=10;, score=0.913 total time=  12.2s
[CV 1/2; 43/45] START gamma=5, max_depth=5, min_child_weight=1..................
[CV 1/2; 43/45] END gamma=5, max_depth=5, min_child_weight=1;, score=0.923 total time=  14.9s
[CV 2/2; 3/45] START gamma=0.5, max_depth=3, min_child_weight=10................
[CV 2/2; 3/45] END gamma=0.5, max_depth=3, min_child_weight=10;, score=0.909 total time=  13.6s
[CV 1/2; 8/45] START gamma=0.5, max_depth=5, min_child_weight=5.................
[CV 1/2; 8/45] END gamma=0.5, max_depth=5, min_child_weight=5;, score=0.923 total time=  15.3s
[CV 1/2; 12/45] START gamma=1, max_depth=3, min_child_weight=10.................
[CV 1/2; 12/45] END gamma=1, max_depth=3, min_child_weight=10;, score=0.912 total time=  11.5s
[CV 2/2; 15/45] START gamma=1, max_depth=4, min_child_weight=10.................
[CV 2/2; 15/45] END gamma=1, max_depth=4, min_child_weight=10;, score=0.922 total time=  14.1s
[CV 2/2; 19/45] START gamma=1.5, max_depth=3, min_child_weight=1................
[CV 2/2; 19/45] END gamma=1.5, max_depth=3, min_child_weight=1;, score=0.909 total time=  12.5s
[CV 2/2; 22/45] START gamma=1.5, max_depth=4, min_child_weight=1................
[CV 2/2; 22/45] END gamma=1.5, max_depth=4, min_child_weight=1;, score=0.922 total time=  14.8s
[CV 1/2; 27/45] START gamma=1.5, max_depth=5, min_child_weight=10...............
[CV 1/2; 27/45] END gamma=1.5, max_depth=5, min_child_weight=10;, score=0.923 total time=  15.2s
[CV 2/2; 31/45] START gamma=2, max_depth=4, min_child_weight=1..................
[CV 2/2; 31/45] END gamma=2, max_depth=4, min_child_weight=1;, score=0.922 total time=  14.2s
[CV 2/2; 35/45] START gamma=2, max_depth=5, min_child_weight=5..................
[CV 2/2; 35/45] END gamma=2, max_depth=5, min_child_weight=5;, score=0.922 total time=  14.3s
[CV 2/2; 39/45] START gamma=5, max_depth=3, min_child_weight=10.................
[CV 2/2; 39/45] END gamma=5, max_depth=3, min_child_weight=10;, score=0.911 total time=  12.3s
[CV 2/2; 43/45] START gamma=5, max_depth=5, min_child_weight=1..................
[CV 2/2; 43/45] END gamma=5, max_depth=5, min_child_weight=1;, score=0.922 total time=  13.5s
[CV 2/2; 2/45] START gamma=0.5, max_depth=3, min_child_weight=5.................
[CV 2/2; 2/45] END gamma=0.5, max_depth=3, min_child_weight=5;, score=0.909 total time=  10.7s
[CV 1/2; 5/45] START gamma=0.5, max_depth=4, min_child_weight=5.................
[CV 1/2; 5/45] END gamma=0.5, max_depth=4, min_child_weight=5;, score=0.922 total time=  12.7s
[CV 1/2; 9/45] START gamma=0.5, max_depth=5, min_child_weight=10................
[CV 1/2; 9/45] END gamma=0.5, max_depth=5, min_child_weight=10;, score=0.923 total time=  15.5s
[CV 2/2; 13/45] START gamma=1, max_depth=4, min_child_weight=1..................
[CV 2/2; 13/45] END gamma=1, max_depth=4, min_child_weight=1;, score=0.922 total time=  14.0s
[CV 1/2; 18/45] START gamma=1, max_depth=5, min_child_weight=10.................
[CV 1/2; 18/45] END gamma=1, max_depth=5, min_child_weight=10;, score=0.923 total time=  15.9s
[CV 2/2; 23/45] START gamma=1.5, max_depth=4, min_child_weight=5................
[CV 2/2; 23/45] END gamma=1.5, max_depth=4, min_child_weight=5;, score=0.922 total time=  13.6s
[CV 2/2; 27/45] START gamma=1.5, max_depth=5, min_child_weight=10...............
[CV 2/2; 27/45] END gamma=1.5, max_depth=5, min_child_weight=10;, score=0.922 total time=  15.9s
[CV 1/2; 32/45] START gamma=2, max_depth=4, min_child_weight=5..................
[CV 1/2; 32/45] END gamma=2, max_depth=4, min_child_weight=5;, score=0.922 total time=  13.5s
[CV 1/2; 36/45] START gamma=2, max_depth=5, min_child_weight=10.................
[CV 1/2; 36/45] END gamma=2, max_depth=5, min_child_weight=10;, score=0.923 total time=  15.4s
[CV 1/2; 40/45] START gamma=5, max_depth=4, min_child_weight=1..................
[CV 1/2; 40/45] END gamma=5, max_depth=4, min_child_weight=1;, score=0.922 total time=  13.4s
[CV 1/2; 44/45] START gamma=5, max_depth=5, min_child_weight=5..................
[CV 1/2; 44/45] END gamma=5, max_depth=5, min_child_weight=5;, score=0.923 total time=  12.7s
[CV 2/2; 1/45] START gamma=0.5, max_depth=3, min_child_weight=1.................
[CV 2/2; 1/45] END gamma=0.5, max_depth=3, min_child_weight=1;, score=0.909 total time=  11.5s
[CV 2/2; 5/45] START gamma=0.5, max_depth=4, min_child_weight=5.................
[CV 2/2; 5/45] END gamma=0.5, max_depth=4, min_child_weight=5;, score=0.922 total time=  13.2s
[CV 1/2; 10/45] START gamma=1, max_depth=3, min_child_weight=1..................
[CV 1/2; 10/45] END gamma=1, max_depth=3, min_child_weight=1;, score=0.912 total time=  11.4s
[CV 1/2; 13/45] START gamma=1, max_depth=4, min_child_weight=1..................
[CV 1/2; 13/45] END gamma=1, max_depth=4, min_child_weight=1;, score=0.922 total time=  14.0s
[CV 1/2; 17/45] START gamma=1, max_depth=5, min_child_weight=5..................
[CV 1/2; 17/45] END gamma=1, max_depth=5, min_child_weight=5;, score=0.923 total time=  13.0s
[CV 1/2; 21/45] START gamma=1.5, max_depth=3, min_child_weight=10...............
[CV 1/2; 21/45] END gamma=1.5, max_depth=3, min_child_weight=10;, score=0.912 total time=  11.8s
[CV 1/2; 25/45] START gamma=1.5, max_depth=5, min_child_weight=1................
[CV 1/2; 25/45] END gamma=1.5, max_depth=5, min_child_weight=1;, score=0.923 total time=  14.9s
[CV 1/2; 29/45] START gamma=2, max_depth=3, min_child_weight=5..................
[CV 1/2; 29/45] END gamma=2, max_depth=3, min_child_weight=5;, score=0.912 total time=  12.7s
[CV 1/2; 33/45] START gamma=2, max_depth=4, min_child_weight=10.................
[CV 1/2; 33/45] END gamma=2, max_depth=4, min_child_weight=10;, score=0.922 total time=  14.2s
[CV 1/2; 37/45] START gamma=5, max_depth=3, min_child_weight=1..................
[CV 1/2; 37/45] END gamma=5, max_depth=3, min_child_weight=1;, score=0.912 total time=  12.0s
[CV 2/2; 40/45] START gamma=5, max_depth=4, min_child_weight=1..................
[CV 2/2; 40/45] END gamma=5, max_depth=4, min_child_weight=1;, score=0.922 total time=  13.7s
[CV 2/2; 44/45] START gamma=5, max_depth=5, min_child_weight=5..................
[CV 2/2; 44/45] END gamma=5, max_depth=5, min_child_weight=5;, score=0.922 total time=  10.8s
[CV 2/2; 4/45] START gamma=0.5, max_depth=4, min_child_weight=1.................
[CV 2/2; 4/45] END gamma=0.5, max_depth=4, min_child_weight=1;, score=0.922 total time=  13.8s
[CV 2/2; 8/45] START gamma=0.5, max_depth=5, min_child_weight=5.................
[CV 2/2; 8/45] END gamma=0.5, max_depth=5, min_child_weight=5;, score=0.922 total time=  17.5s
[CV 2/2; 12/45] START gamma=1, max_depth=3, min_child_weight=10.................
[CV 2/2; 12/45] END gamma=1, max_depth=3, min_child_weight=10;, score=0.909 total time=  13.2s
[CV 2/2; 16/45] START gamma=1, max_depth=5, min_child_weight=1..................
[CV 2/2; 16/45] END gamma=1, max_depth=5, min_child_weight=1;, score=0.922 total time=  16.8s
[CV 2/2; 20/45] START gamma=1.5, max_depth=3, min_child_weight=5................
[CV 2/2; 20/45] END gamma=1.5, max_depth=3, min_child_weight=5;, score=0.909 total time=  12.7s
[CV 2/2; 24/45] START gamma=1.5, max_depth=4, min_child_weight=10...............
[CV 2/2; 24/45] END gamma=1.5, max_depth=4, min_child_weight=10;, score=0.922 total time=  14.4s
[CV 2/2; 28/45] START gamma=2, max_depth=3, min_child_weight=1..................
[CV 2/2; 28/45] END gamma=2, max_depth=3, min_child_weight=1;, score=0.909 total time=  12.3s
[CV 2/2; 32/45] START gamma=2, max_depth=4, min_child_weight=5..................
[CV 2/2; 32/45] END gamma=2, max_depth=4, min_child_weight=5;, score=0.922 total time=  14.0s
[CV 2/2; 36/45] START gamma=2, max_depth=5, min_child_weight=10.................
[CV 2/2; 36/45] END gamma=2, max_depth=5, min_child_weight=10;, score=0.922 total time=  15.9s
[CV 2/2; 41/45] START gamma=5, max_depth=4, min_child_weight=5..................
[CV 2/2; 41/45] END gamma=5, max_depth=4, min_child_weight=5;, score=0.921 total time=  13.6s
[CV 2/2; 45/45] START gamma=5, max_depth=5, min_child_weight=10.................
[CV 2/2; 45/45] END gamma=5, max_depth=5, min_child_weight=10;, score=0.922 total time=   9.6s
[CV 1/2; 4/45] START gamma=0.5, max_depth=4, min_child_weight=1.................
[CV 1/2; 4/45] END gamma=0.5, max_depth=4, min_child_weight=1;, score=0.922 total time=  12.9s
[CV 2/2; 7/45] START gamma=0.5, max_depth=5, min_child_weight=1.................
[CV 2/2; 7/45] END gamma=0.5, max_depth=5, min_child_weight=1;, score=0.922 total time=  14.3s
[CV 1/2; 11/45] START gamma=1, max_depth=3, min_child_weight=5..................
[CV 1/2; 11/45] END gamma=1, max_depth=3, min_child_weight=5;, score=0.912 total time=  11.8s
[CV 1/2; 14/45] START gamma=1, max_depth=4, min_child_weight=5..................
[CV 1/2; 14/45] END gamma=1, max_depth=4, min_child_weight=5;, score=0.922 total time=  14.0s
[CV 2/2; 18/45] START gamma=1, max_depth=5, min_child_weight=10.................
[CV 2/2; 18/45] END gamma=1, max_depth=5, min_child_weight=10;, score=0.922 total time=  14.9s
[CV 1/2; 23/45] START gamma=1.5, max_depth=4, min_child_weight=5................
[CV 1/2; 23/45] END gamma=1.5, max_depth=4, min_child_weight=5;, score=0.922 total time=  13.8s
[CV 2/2; 26/45] START gamma=1.5, max_depth=5, min_child_weight=5................
[CV 2/2; 26/45] END gamma=1.5, max_depth=5, min_child_weight=5;, score=0.922 total time=  13.2s
[CV 2/2; 30/45] START gamma=2, max_depth=3, min_child_weight=10.................
[CV 2/2; 30/45] END gamma=2, max_depth=3, min_child_weight=10;, score=0.909 total time=  10.9s
[CV 2/2; 33/45] START gamma=2, max_depth=4, min_child_weight=10.................
[CV 2/2; 33/45] END gamma=2, max_depth=4, min_child_weight=10;, score=0.922 total time=  12.6s
[CV 2/2; 37/45] START gamma=5, max_depth=3, min_child_weight=1..................
[CV 2/2; 37/45] END gamma=5, max_depth=3, min_child_weight=1;, score=0.911 total time=  12.2s
[CV 1/2; 41/45] START gamma=5, max_depth=4, min_child_weight=5..................
[CV 1/2; 41/45] END gamma=5, max_depth=4, min_child_weight=5;, score=0.922 total time=  13.5s
[CV 1/2; 45/45] START gamma=5, max_depth=5, min_child_weight=10.................
[CV 1/2; 45/45] END gamma=5, max_depth=5, min_child_weight=10;, score=0.922 total time=   9.9s
+++++++++++++++++++++++++++++++++++++++++++++++++++++++++++++++++++++++++++++++++++++++++++++++
