+++++++++++++++++++++++++++++++++Iteration1++++++++++++++++++++++++++++++++++++++++++++++++++++
Intel(R) Extension for Scikit-learn* enabled (https://github.com/intel/scikit-learn-intelex)
INFO:__main__:Reading the dataset from ./intel_python/data_2000000.pkl...
INFO:root:sklearn.model_selection.train_test_split: running accelerated version on CPU
INFO:root:sklearn.model_selection.train_test_split: running accelerated version on CPU
Fitting 2 folds for each of 45 candidates, totalling 90 fits
INFO:__main__:=====> Time taken 348.507748 secs                 for training and prediction for the data size of (2000000, 34)
INFO:__main__:=====> Training Time 7.115164 secs
INFO:__main__:=====> Prediction Time 0.192253 secs
INFO:__main__:=====> XGBoost accuracy score 0.922066
INFO:__main__:DONE
Time taken: %i hours %i minutes and %s seconds. (0.0, 5.0, 40.08)
[CV 2/2; 2/45] START gamma=0.5, max_depth=3, min_child_weight=5.................
[CV 2/2; 2/45] END gamma=0.5, max_depth=3, min_child_weight=5;, score=0.907 total time=  25.8s
[CV 1/2; 6/45] START gamma=0.5, max_depth=4, min_child_weight=10................
[CV 1/2; 6/45] END gamma=0.5, max_depth=4, min_child_weight=10;, score=0.922 total time=  26.9s
[CV 1/2; 9/45] START gamma=0.5, max_depth=5, min_child_weight=10................
[CV 1/2; 9/45] END gamma=0.5, max_depth=5, min_child_weight=10;, score=0.922 total time=  32.6s
[CV 2/2; 14/45] START gamma=1, max_depth=4, min_child_weight=5..................
[CV 2/2; 14/45] END gamma=1, max_depth=4, min_child_weight=5;, score=0.922 total time=  27.7s
[CV 1/2; 18/45] START gamma=1, max_depth=5, min_child_weight=10.................
[CV 1/2; 18/45] END gamma=1, max_depth=5, min_child_weight=10;, score=0.922 total time=  31.0s
[CV 2/2; 22/45] START gamma=1.5, max_depth=4, min_child_weight=1................
[CV 2/2; 22/45] END gamma=1.5, max_depth=4, min_child_weight=1;, score=0.922 total time=  27.7s
[CV 1/2; 26/45] START gamma=1.5, max_depth=5, min_child_weight=5................
[CV 1/2; 26/45] END gamma=1.5, max_depth=5, min_child_weight=5;, score=0.922 total time=  31.3s
[CV 2/2; 30/45] START gamma=2, max_depth=3, min_child_weight=10.................
[CV 2/2; 30/45] END gamma=2, max_depth=3, min_child_weight=10;, score=0.907 total time=  28.2s
[CV 2/2; 34/45] START gamma=2, max_depth=5, min_child_weight=1..................
[CV 2/2; 34/45] END gamma=2, max_depth=5, min_child_weight=1;, score=0.922 total time=  32.6s
[CV 2/2; 38/45] START gamma=5, max_depth=3, min_child_weight=5..................
[CV 2/2; 38/45] END gamma=5, max_depth=3, min_child_weight=5;, score=0.911 total time=  25.4s
[CV 2/2; 42/45] START gamma=5, max_depth=4, min_child_weight=10.................
[CV 2/2; 42/45] END gamma=5, max_depth=4, min_child_weight=10;, score=0.922 total time=  28.0s
[CV 1/2; 2/45] START gamma=0.5, max_depth=3, min_child_weight=5.................
[CV 1/2; 2/45] END gamma=0.5, max_depth=3, min_child_weight=5;, score=0.911 total time=  25.1s
[CV 1/2; 5/45] START gamma=0.5, max_depth=4, min_child_weight=5.................
[CV 1/2; 5/45] END gamma=0.5, max_depth=4, min_child_weight=5;, score=0.922 total time=  27.9s
[CV 2/2; 9/45] START gamma=0.5, max_depth=5, min_child_weight=10................
[CV 2/2; 9/45] END gamma=0.5, max_depth=5, min_child_weight=10;, score=0.922 total time=  33.5s
[CV 1/2; 15/45] START gamma=1, max_depth=4, min_child_weight=10.................
[CV 1/2; 15/45] END gamma=1, max_depth=4, min_child_weight=10;, score=0.922 total time=  28.3s
[CV 1/2; 19/45] START gamma=1.5, max_depth=3, min_child_weight=1................
[CV 1/2; 19/45] END gamma=1.5, max_depth=3, min_child_weight=1;, score=0.911 total time=  27.3s
[CV 1/2; 21/45] START gamma=1.5, max_depth=3, min_child_weight=10...............
[CV 1/2; 21/45] END gamma=1.5, max_depth=3, min_child_weight=10;, score=0.911 total time=  25.1s
[CV 2/2; 25/45] START gamma=1.5, max_depth=5, min_child_weight=1................
[CV 2/2; 25/45] END gamma=1.5, max_depth=5, min_child_weight=1;, score=0.922 total time=  34.1s
[CV 1/2; 30/45] START gamma=2, max_depth=3, min_child_weight=10.................
[CV 1/2; 30/45] END gamma=2, max_depth=3, min_child_weight=10;, score=0.911 total time=  25.9s
[CV 1/2; 34/45] START gamma=2, max_depth=5, min_child_weight=1..................
[CV 1/2; 34/45] END gamma=2, max_depth=5, min_child_weight=1;, score=0.922 total time=  32.1s
[CV 1/2; 38/45] START gamma=5, max_depth=3, min_child_weight=5..................
[CV 1/2; 38/45] END gamma=5, max_depth=3, min_child_weight=5;, score=0.911 total time=  28.1s
[CV 1/2; 42/45] START gamma=5, max_depth=4, min_child_weight=10.................
[CV 1/2; 42/45] END gamma=5, max_depth=4, min_child_weight=10;, score=0.921 total time=  30.9s
[CV 1/2; 4/45] START gamma=0.5, max_depth=4, min_child_weight=1.................
[CV 1/2; 4/45] END gamma=0.5, max_depth=4, min_child_weight=1;, score=0.921 total time=  28.1s
[CV 2/2; 8/45] START gamma=0.5, max_depth=5, min_child_weight=5.................
[CV 2/2; 8/45] END gamma=0.5, max_depth=5, min_child_weight=5;, score=0.922 total time=  30.8s
[CV 1/2; 11/45] START gamma=1, max_depth=3, min_child_weight=5..................
[CV 1/2; 11/45] END gamma=1, max_depth=3, min_child_weight=5;, score=0.911 total time=  25.0s
[CV 1/2; 14/45] START gamma=1, max_depth=4, min_child_weight=5..................
[CV 1/2; 14/45] END gamma=1, max_depth=4, min_child_weight=5;, score=0.921 total time=  29.5s
[CV 2/2; 18/45] START gamma=1, max_depth=5, min_child_weight=10.................
[CV 2/2; 18/45] END gamma=1, max_depth=5, min_child_weight=10;, score=0.922 total time=  30.7s
[CV 1/2; 23/45] START gamma=1.5, max_depth=4, min_child_weight=5................
[CV 1/2; 23/45] END gamma=1.5, max_depth=4, min_child_weight=5;, score=0.921 total time=  29.6s
[CV 1/2; 27/45] START gamma=1.5, max_depth=5, min_child_weight=10...............
[CV 1/2; 27/45] END gamma=1.5, max_depth=5, min_child_weight=10;, score=0.922 total time=  31.6s
[CV 2/2; 31/45] START gamma=2, max_depth=4, min_child_weight=1..................
[CV 2/2; 31/45] END gamma=2, max_depth=4, min_child_weight=1;, score=0.922 total time=  29.5s
[CV 2/2; 35/45] START gamma=2, max_depth=5, min_child_weight=5..................
[CV 2/2; 35/45] END gamma=2, max_depth=5, min_child_weight=5;, score=0.922 total time=  31.3s
[CV 2/2; 39/45] START gamma=5, max_depth=3, min_child_weight=10.................
[CV 2/2; 39/45] END gamma=5, max_depth=3, min_child_weight=10;, score=0.911 total time=  25.6s
[CV 2/2; 43/45] START gamma=5, max_depth=5, min_child_weight=1..................
[CV 2/2; 43/45] END gamma=5, max_depth=5, min_child_weight=1;, score=0.922 total time=  31.2s
[CV 1/2; 1/45] START gamma=0.5, max_depth=3, min_child_weight=1.................
[CV 1/2; 1/45] END gamma=0.5, max_depth=3, min_child_weight=1;, score=0.911 total time=  25.5s
[CV 2/2; 5/45] START gamma=0.5, max_depth=4, min_child_weight=5.................
[CV 2/2; 5/45] END gamma=0.5, max_depth=4, min_child_weight=5;, score=0.922 total time=  28.1s
[CV 1/2; 10/45] START gamma=1, max_depth=3, min_child_weight=1..................
[CV 1/2; 10/45] END gamma=1, max_depth=3, min_child_weight=1;, score=0.911 total time=  26.8s
[CV 1/2; 13/45] START gamma=1, max_depth=4, min_child_weight=1..................
[CV 1/2; 13/45] END gamma=1, max_depth=4, min_child_weight=1;, score=0.921 total time=  28.7s
[CV 1/2; 17/45] START gamma=1, max_depth=5, min_child_weight=5..................
[CV 1/2; 17/45] END gamma=1, max_depth=5, min_child_weight=5;, score=0.922 total time=  34.6s
[CV 1/2; 22/45] START gamma=1.5, max_depth=4, min_child_weight=1................
[CV 1/2; 22/45] END gamma=1.5, max_depth=4, min_child_weight=1;, score=0.921 total time=  28.3s
[CV 2/2; 26/45] START gamma=1.5, max_depth=5, min_child_weight=5................
[CV 2/2; 26/45] END gamma=1.5, max_depth=5, min_child_weight=5;, score=0.922 total time=  31.6s
[CV 1/2; 31/45] START gamma=2, max_depth=4, min_child_weight=1..................
[CV 1/2; 31/45] END gamma=2, max_depth=4, min_child_weight=1;, score=0.921 total time=  28.1s
[CV 1/2; 35/45] START gamma=2, max_depth=5, min_child_weight=5..................
[CV 1/2; 35/45] END gamma=2, max_depth=5, min_child_weight=5;, score=0.922 total time=  33.9s
[CV 1/2; 39/45] START gamma=5, max_depth=3, min_child_weight=10.................
[CV 1/2; 39/45] END gamma=5, max_depth=3, min_child_weight=10;, score=0.911 total time=  25.4s
[CV 1/2; 43/45] START gamma=5, max_depth=5, min_child_weight=1..................
[CV 1/2; 43/45] END gamma=5, max_depth=5, min_child_weight=1;, score=0.922 total time=  32.7s
[CV 2/2; 1/45] START gamma=0.5, max_depth=3, min_child_weight=1.................
[CV 2/2; 1/45] END gamma=0.5, max_depth=3, min_child_weight=1;, score=0.907 total time=  28.0s
[CV 2/2; 7/45] START gamma=0.5, max_depth=5, min_child_weight=1.................
[CV 2/2; 7/45] END gamma=0.5, max_depth=5, min_child_weight=1;, score=0.922 total time=  33.0s
[CV 2/2; 12/45] START gamma=1, max_depth=3, min_child_weight=10.................
[CV 2/2; 12/45] END gamma=1, max_depth=3, min_child_weight=10;, score=0.907 total time=  27.3s
[CV 2/2; 16/45] START gamma=1, max_depth=5, min_child_weight=1..................
[CV 2/2; 16/45] END gamma=1, max_depth=5, min_child_weight=1;, score=0.922 total time=  35.1s
[CV 2/2; 20/45] START gamma=1.5, max_depth=3, min_child_weight=5................
[CV 2/2; 20/45] END gamma=1.5, max_depth=3, min_child_weight=5;, score=0.907 total time=  26.6s
[CV 2/2; 24/45] START gamma=1.5, max_depth=4, min_child_weight=10...............
[CV 2/2; 24/45] END gamma=1.5, max_depth=4, min_child_weight=10;, score=0.922 total time=  28.1s
[CV 2/2; 28/45] START gamma=2, max_depth=3, min_child_weight=1..................
[CV 2/2; 28/45] END gamma=2, max_depth=3, min_child_weight=1;, score=0.907 total time=  29.1s
[CV 2/2; 32/45] START gamma=2, max_depth=4, min_child_weight=5..................
[CV 2/2; 32/45] END gamma=2, max_depth=4, min_child_weight=5;, score=0.922 total time=  29.0s
[CV 2/2; 36/45] START gamma=2, max_depth=5, min_child_weight=10.................
[CV 2/2; 36/45] END gamma=2, max_depth=5, min_child_weight=10;, score=0.922 total time=  34.2s
[CV 2/2; 40/45] START gamma=5, max_depth=4, min_child_weight=1..................
[CV 2/2; 40/45] END gamma=5, max_depth=4, min_child_weight=1;, score=0.922 total time=  30.3s
[CV 2/2; 44/45] START gamma=5, max_depth=5, min_child_weight=5..................
[CV 2/2; 44/45] END gamma=5, max_depth=5, min_child_weight=5;, score=0.922 total time=  27.0s
[CV 1/2; 3/45] START gamma=0.5, max_depth=3, min_child_weight=10................
[CV 1/2; 3/45] END gamma=0.5, max_depth=3, min_child_weight=10;, score=0.911 total time=  27.1s
[CV 2/2; 6/45] START gamma=0.5, max_depth=4, min_child_weight=10................
[CV 2/2; 6/45] END gamma=0.5, max_depth=4, min_child_weight=10;, score=0.922 total time=  29.7s
[CV 2/2; 10/45] START gamma=1, max_depth=3, min_child_weight=1..................
[CV 2/2; 10/45] END gamma=1, max_depth=3, min_child_weight=1;, score=0.907 total time=  25.2s
[CV 2/2; 13/45] START gamma=1, max_depth=4, min_child_weight=1..................
[CV 2/2; 13/45] END gamma=1, max_depth=4, min_child_weight=1;, score=0.922 total time=  30.4s
[CV 2/2; 17/45] START gamma=1, max_depth=5, min_child_weight=5..................
[CV 2/2; 17/45] END gamma=1, max_depth=5, min_child_weight=5;, score=0.922 total time=  31.8s
[CV 2/2; 23/45] START gamma=1.5, max_depth=4, min_child_weight=5................
[CV 2/2; 23/45] END gamma=1.5, max_depth=4, min_child_weight=5;, score=0.922 total time=  30.4s
[CV 2/2; 27/45] START gamma=1.5, max_depth=5, min_child_weight=10...............
[CV 2/2; 27/45] END gamma=1.5, max_depth=5, min_child_weight=10;, score=0.922 total time=  31.6s
[CV 1/2; 32/45] START gamma=2, max_depth=4, min_child_weight=5..................
[CV 1/2; 32/45] END gamma=2, max_depth=4, min_child_weight=5;, score=0.922 total time=  29.2s
[CV 1/2; 36/45] START gamma=2, max_depth=5, min_child_weight=10.................
[CV 1/2; 36/45] END gamma=2, max_depth=5, min_child_weight=10;, score=0.922 total time=  33.0s
[CV 1/2; 40/45] START gamma=5, max_depth=4, min_child_weight=1..................
[CV 1/2; 40/45] END gamma=5, max_depth=4, min_child_weight=1;, score=0.922 total time=  30.8s
[CV 1/2; 44/45] START gamma=5, max_depth=5, min_child_weight=5..................
[CV 1/2; 44/45] END gamma=5, max_depth=5, min_child_weight=5;, score=0.922 total time=  29.5s
[CV 2/2; 4/45] START gamma=0.5, max_depth=4, min_child_weight=1.................
[CV 2/2; 4/45] END gamma=0.5, max_depth=4, min_child_weight=1;, score=0.922 total time=  28.0s
[CV 1/2; 8/45] START gamma=0.5, max_depth=5, min_child_weight=5.................
[CV 1/2; 8/45] END gamma=0.5, max_depth=5, min_child_weight=5;, score=0.922 total time=  32.3s
[CV 1/2; 12/45] START gamma=1, max_depth=3, min_child_weight=10.................
[CV 1/2; 12/45] END gamma=1, max_depth=3, min_child_weight=10;, score=0.911 total time=  26.8s
[CV 2/2; 15/45] START gamma=1, max_depth=4, min_child_weight=10.................
[CV 2/2; 15/45] END gamma=1, max_depth=4, min_child_weight=10;, score=0.922 total time=  28.7s
[CV 2/2; 19/45] START gamma=1.5, max_depth=3, min_child_weight=1................
[CV 2/2; 19/45] END gamma=1.5, max_depth=3, min_child_weight=1;, score=0.907 total time=  26.8s
[CV 2/2; 21/45] START gamma=1.5, max_depth=3, min_child_weight=10...............
[CV 2/2; 21/45] END gamma=1.5, max_depth=3, min_child_weight=10;, score=0.907 total time=  24.7s
[CV 1/2; 25/45] START gamma=1.5, max_depth=5, min_child_weight=1................
[CV 1/2; 25/45] END gamma=1.5, max_depth=5, min_child_weight=1;, score=0.922 total time=  34.0s
[CV 2/2; 29/45] START gamma=2, max_depth=3, min_child_weight=5..................
[CV 2/2; 29/45] END gamma=2, max_depth=3, min_child_weight=5;, score=0.907 total time=  24.4s
[CV 1/2; 33/45] START gamma=2, max_depth=4, min_child_weight=10.................
[CV 1/2; 33/45] END gamma=2, max_depth=4, min_child_weight=10;, score=0.920 total time=  27.7s
[CV 1/2; 37/45] START gamma=5, max_depth=3, min_child_weight=1..................
[CV 1/2; 37/45] END gamma=5, max_depth=3, min_child_weight=1;, score=0.911 total time=  27.5s
[CV 2/2; 41/45] START gamma=5, max_depth=4, min_child_weight=5..................
[CV 2/2; 41/45] END gamma=5, max_depth=4, min_child_weight=5;, score=0.922 total time=  29.6s
[CV 1/2; 45/45] START gamma=5, max_depth=5, min_child_weight=10.................
[CV 1/2; 45/45] END gamma=5, max_depth=5, min_child_weight=10;, score=0.922 total time=  19.7s
[CV 2/2; 3/45] START gamma=0.5, max_depth=3, min_child_weight=10................
[CV 2/2; 3/45] END gamma=0.5, max_depth=3, min_child_weight=10;, score=0.907 total time=  27.1s
[CV 1/2; 7/45] START gamma=0.5, max_depth=5, min_child_weight=1.................
[CV 1/2; 7/45] END gamma=0.5, max_depth=5, min_child_weight=1;, score=0.922 total time=  33.0s
[CV 2/2; 11/45] START gamma=1, max_depth=3, min_child_weight=5..................
[CV 2/2; 11/45] END gamma=1, max_depth=3, min_child_weight=5;, score=0.907 total time=  27.1s
[CV 1/2; 16/45] START gamma=1, max_depth=5, min_child_weight=1..................
[CV 1/2; 16/45] END gamma=1, max_depth=5, min_child_weight=1;, score=0.922 total time=  33.3s
[CV 1/2; 20/45] START gamma=1.5, max_depth=3, min_child_weight=5................
[CV 1/2; 20/45] END gamma=1.5, max_depth=3, min_child_weight=5;, score=0.911 total time=  26.8s
[CV 1/2; 24/45] START gamma=1.5, max_depth=4, min_child_weight=10...............
[CV 1/2; 24/45] END gamma=1.5, max_depth=4, min_child_weight=10;, score=0.922 total time=  29.5s
[CV 1/2; 28/45] START gamma=2, max_depth=3, min_child_weight=1..................
[CV 1/2; 28/45] END gamma=2, max_depth=3, min_child_weight=1;, score=0.911 total time=  23.1s
[CV 1/2; 29/45] START gamma=2, max_depth=3, min_child_weight=5..................
[CV 1/2; 29/45] END gamma=2, max_depth=3, min_child_weight=5;, score=0.911 total time=  27.3s
[CV 2/2; 33/45] START gamma=2, max_depth=4, min_child_weight=10.................
[CV 2/2; 33/45] END gamma=2, max_depth=4, min_child_weight=10;, score=0.922 total time=  28.3s
[CV 2/2; 37/45] START gamma=5, max_depth=3, min_child_weight=1..................
[CV 2/2; 37/45] END gamma=5, max_depth=3, min_child_weight=1;, score=0.911 total time=  25.1s
[CV 1/2; 41/45] START gamma=5, max_depth=4, min_child_weight=5..................
[CV 1/2; 41/45] END gamma=5, max_depth=4, min_child_weight=5;, score=0.922 total time=  29.9s
[CV 2/2; 45/45] START gamma=5, max_depth=5, min_child_weight=10.................
[CV 2/2; 45/45] END gamma=5, max_depth=5, min_child_weight=10;, score=0.922 total time=  20.1s
+++++++++++++++++++++++++++++++++++++++++++++++++++++++++++++++++++++++++++++++++++++++++++++++
