+++++++++++++++++++++++++++++++++Iteration1++++++++++++++++++++++++++++++++++++++++++++++++++++
Intel(R) Extension for Scikit-learn* enabled (https://github.com/intel/scikit-learn-intelex)
INFO:__main__:Reading the dataset from ./intel_python/data_1000000.pkl...
INFO:root:sklearn.model_selection.train_test_split: running accelerated version on CPU
INFO:root:sklearn.model_selection.train_test_split: running accelerated version on CPU
INFO:__main__:=====> Time taken 3.822146 secs                 for training and prediction for the data size of (1000000, 34)
INFO:__main__:=====> Training Time 3.207360 secs
INFO:__main__:=====> Prediction Time 0.100341 secs
INFO:__main__:=====> XGBoost accuracy score 0.921732
INFO:__main__:DONE
[09:48:18] WARNING: /home/sat_bot/base/conda-bld/xgboost_1642011267168/work/src/learner.cc:1096: Starting in XGBoost 1.3.0, the default evaluation metric used with the objective 'binary:logistic' was changed from 'error' to 'logloss'. Explicitly set eval_metric if you'd like to restore the old behavior.
+++++++++++++++++++++++++++++++++Iteration2++++++++++++++++++++++++++++++++++++++++++++++++++++
Intel(R) Extension for Scikit-learn* enabled (https://github.com/intel/scikit-learn-intelex)
INFO:__main__:Reading the dataset from ./intel_python/data_1000000.pkl...
INFO:root:sklearn.model_selection.train_test_split: running accelerated version on CPU
INFO:root:sklearn.model_selection.train_test_split: running accelerated version on CPU
INFO:__main__:=====> Time taken 3.839742 secs                 for training and prediction for the data size of (1000000, 34)
INFO:__main__:=====> Training Time 3.225356 secs
INFO:__main__:=====> Prediction Time 0.098893 secs
INFO:__main__:=====> XGBoost accuracy score 0.921852
INFO:__main__:DONE
[09:48:22] WARNING: /home/sat_bot/base/conda-bld/xgboost_1642011267168/work/src/learner.cc:1096: Starting in XGBoost 1.3.0, the default evaluation metric used with the objective 'binary:logistic' was changed from 'error' to 'logloss'. Explicitly set eval_metric if you'd like to restore the old behavior.
+++++++++++++++++++++++++++++++++++++++++++++++++++++++++++++++++++++++++++++++++++++++++++++++
